03-12-2024 09:45:06.102 [main] DEBUG - config.properties file loaded
03-12-2024 09:45:06.105 [main] DEBUG - OR.properties file loaded
03-12-2024 09:45:20.270 [main] DEBUG - Chrome browser launched
03-12-2024 09:45:21.403 [main] DEBUG - Navigated to URL: https://way2automation.com/angularjs-protractor/banking/#/login
03-12-2024 09:45:21.433 [main] DEBUG - Browser window maximized
03-12-2024 09:45:21.768 [main] DEBUG - Manager Login Button clicked
03-12-2024 09:45:26.790 [main] DEBUG - Logged in url validated
03-12-2024 09:45:26.800 [main] DEBUG - Add Customer Button is present
03-12-2024 09:45:26.800 [main] DEBUG - Manager Logged in Succcessfully
03-12-2024 09:45:27.962 [main] DEBUG - Test parameters - FirstName: Raman, LastName: Arora, ZipCode: A234wd, AlertText: Customer added successfully, RunMode: Y
03-12-2024 09:45:28.055 [main] DEBUG - Add Customer button clicked
03-12-2024 09:45:33.079 [main] DEBUG - Navigated to Add Customer page
03-12-2024 09:45:33.501 [main] DEBUG - Add Customer button clicked
03-12-2024 09:45:33.506 [main] INFO  - Alert detected: Customer added successfully with customer id :6
03-12-2024 09:45:33.507 [main] INFO  - actualAlertText = true
03-12-2024 09:45:33.520 [main] DEBUG - Error while checking if text is empty for locator: firstNameInput
org.openqa.selenium.UnhandledAlertException: unexpected alert open: {Alert text : Customer added successfully with customer id :6}
  (Session info: chrome=131.0.6778.86): Customer added successfully with customer id :6
Build info: version: '4.23.0', revision: '4df0a231af'
System info: os.name: 'Windows 10', os.arch: 'amd64', os.version: '10.0', java.version: '17.0.11'
Driver info: org.openqa.selenium.chrome.ChromeDriver
Command: [006515d12803fc5bba466e3cdf758bc5, findElement {using=css selector, value=input[ng-model='fName']}]
Capabilities {acceptInsecureCerts: false, browserName: chrome, browserVersion: 131.0.6778.86, chrome: {chromedriverVersion: 131.0.6778.85 (3d81e41b6f3a..., userDataDir: C:\Users\SHIVKU~1.K\AppData...}, fedcm:accounts: true, goog:chromeOptions: {debuggerAddress: localhost:52695}, networkConnectionEnabled: false, pageLoadStrategy: normal, platformName: windows, proxy: Proxy(), se:cdp: ws://localhost:52695/devtoo..., se:cdpVersion: 131.0.6778.86, setWindowRect: true, strictFileInteractability: false, timeouts: {implicit: 0, pageLoad: 300000, script: 30000}, unhandledPromptBehavior: dismiss and notify, webauthn:extension:credBlob: true, webauthn:extension:largeBlob: true, webauthn:extension:minPinLength: true, webauthn:extension:prf: true, webauthn:virtualAuthenticators: true}
Session ID: 006515d12803fc5bba466e3cdf758bc5
	at org.openqa.selenium.remote.codec.w3c.W3CHttpResponseCodec.decode(W3CHttpResponseCodec.java:136) ~[selenium-remote-driver-4.23.0.jar:?]
	at org.openqa.selenium.remote.codec.w3c.W3CHttpResponseCodec.decode(W3CHttpResponseCodec.java:50) ~[selenium-remote-driver-4.23.0.jar:?]
	at org.openqa.selenium.remote.HttpCommandExecutor.execute(HttpCommandExecutor.java:190) ~[selenium-remote-driver-4.23.0.jar:?]
	at org.openqa.selenium.remote.service.DriverCommandExecutor.invokeExecute(DriverCommandExecutor.java:216) ~[selenium-remote-driver-4.23.0.jar:?]
	at org.openqa.selenium.remote.service.DriverCommandExecutor.execute(DriverCommandExecutor.java:174) ~[selenium-remote-driver-4.23.0.jar:?]
	at org.openqa.selenium.remote.RemoteWebDriver.execute(RemoteWebDriver.java:527) ~[selenium-remote-driver-4.23.0.jar:?]
	at org.openqa.selenium.remote.ElementLocation$ElementFinder$2.findElement(ElementLocation.java:165) ~[selenium-remote-driver-4.23.0.jar:?]
	at org.openqa.selenium.remote.ElementLocation.findElement(ElementLocation.java:59) ~[selenium-remote-driver-4.23.0.jar:?]
	at org.openqa.selenium.remote.RemoteWebDriver.findElement(RemoteWebDriver.java:357) ~[selenium-remote-driver-4.23.0.jar:?]
	at org.openqa.selenium.remote.RemoteWebDriver.findElement(RemoteWebDriver.java:351) ~[selenium-remote-driver-4.23.0.jar:?]
	at org.openqa.selenium.support.ui.ExpectedConditions$7.apply(ExpectedConditions.java:194) ~[selenium-support-4.23.0.jar:?]
	at org.openqa.selenium.support.ui.ExpectedConditions$7.apply(ExpectedConditions.java:190) ~[selenium-support-4.23.0.jar:?]
	at org.openqa.selenium.support.ui.ExpectedConditions$22.apply(ExpectedConditions.java:627) ~[selenium-support-4.23.0.jar:?]
	at org.openqa.selenium.support.ui.ExpectedConditions$22.apply(ExpectedConditions.java:624) ~[selenium-support-4.23.0.jar:?]
	at org.openqa.selenium.support.ui.FluentWait.until(FluentWait.java:203) ~[selenium-support-4.23.0.jar:?]
	at com.shiv.common.BaseSetup.isTextEmpty(BaseSetup.java:145) ~[test-classes/:?]
	at com.shiv.testcases.AddCustomerTest.addCustomerTest(AddCustomerTest.java:45) ~[test-classes/:?]
	at java.base/jdk.internal.reflect.NativeMethodAccessorImpl.invoke0(Native Method) ~[?:?]
	at java.base/jdk.internal.reflect.NativeMethodAccessorImpl.invoke(NativeMethodAccessorImpl.java:77) ~[?:?]
	at java.base/jdk.internal.reflect.DelegatingMethodAccessorImpl.invoke(DelegatingMethodAccessorImpl.java:43) ~[?:?]
	at java.base/java.lang.reflect.Method.invoke(Method.java:568) ~[?:?]
	at org.testng.internal.invokers.MethodInvocationHelper.invokeMethod(MethodInvocationHelper.java:139) ~[testng-7.8.0.jar:7.8.0]
	at org.testng.internal.invokers.TestInvoker.invokeMethod(TestInvoker.java:664) ~[testng-7.8.0.jar:7.8.0]
	at org.testng.internal.invokers.TestInvoker.invokeTestMethod(TestInvoker.java:227) ~[testng-7.8.0.jar:7.8.0]
	at org.testng.internal.invokers.MethodRunner.runInSequence(MethodRunner.java:50) ~[testng-7.8.0.jar:7.8.0]
	at org.testng.internal.invokers.TestInvoker$MethodInvocationAgent.invoke(TestInvoker.java:957) ~[testng-7.8.0.jar:7.8.0]
	at org.testng.internal.invokers.TestInvoker.invokeTestMethods(TestInvoker.java:200) ~[testng-7.8.0.jar:7.8.0]
	at org.testng.internal.invokers.TestMethodWorker.invokeTestMethods(TestMethodWorker.java:148) ~[testng-7.8.0.jar:7.8.0]
	at org.testng.internal.invokers.TestMethodWorker.run(TestMethodWorker.java:128) ~[testng-7.8.0.jar:7.8.0]
	at java.base/java.util.ArrayList.forEach(ArrayList.java:1511) [?:?]
	at org.testng.TestRunner.privateRun(TestRunner.java:848) [testng-7.8.0.jar:7.8.0]
	at org.testng.TestRunner.run(TestRunner.java:621) [testng-7.8.0.jar:7.8.0]
	at org.testng.SuiteRunner.runTest(SuiteRunner.java:443) [testng-7.8.0.jar:7.8.0]
	at org.testng.SuiteRunner.runSequentially(SuiteRunner.java:437) [testng-7.8.0.jar:7.8.0]
	at org.testng.SuiteRunner.privateRun(SuiteRunner.java:397) [testng-7.8.0.jar:7.8.0]
	at org.testng.SuiteRunner.run(SuiteRunner.java:336) [testng-7.8.0.jar:7.8.0]
	at org.testng.SuiteRunnerWorker.runSuite(SuiteRunnerWorker.java:52) [testng-7.8.0.jar:7.8.0]
	at org.testng.SuiteRunnerWorker.run(SuiteRunnerWorker.java:95) [testng-7.8.0.jar:7.8.0]
	at org.testng.TestNG.runSuitesSequentially(TestNG.java:1280) [testng-7.8.0.jar:7.8.0]
	at org.testng.TestNG.runSuitesLocally(TestNG.java:1200) [testng-7.8.0.jar:7.8.0]
	at org.testng.TestNG.runSuites(TestNG.java:1114) [testng-7.8.0.jar:7.8.0]
	at org.testng.TestNG.run(TestNG.java:1082) [testng-7.8.0.jar:7.8.0]
	at org.apache.maven.surefire.testng.TestNGExecutor.run(TestNGExecutor.java:308) [surefire-testng-3.5.2.jar:3.5.2]
	at org.apache.maven.surefire.testng.TestNGXmlTestSuite.execute(TestNGXmlTestSuite.java:71) [surefire-testng-3.5.2.jar:3.5.2]
	at org.apache.maven.surefire.testng.TestNGProvider.invoke(TestNGProvider.java:113) [surefire-testng-3.5.2.jar:3.5.2]
	at org.apache.maven.surefire.booter.ForkedBooter.runSuitesInProcess(ForkedBooter.java:385) [surefire-booter-3.5.2.jar:3.5.2]
	at org.apache.maven.surefire.booter.ForkedBooter.execute(ForkedBooter.java:162) [surefire-booter-3.5.2.jar:3.5.2]
	at org.apache.maven.surefire.booter.ForkedBooter.run(ForkedBooter.java:507) [surefire-booter-3.5.2.jar:3.5.2]
	at org.apache.maven.surefire.booter.ForkedBooter.main(ForkedBooter.java:495) [surefire-booter-3.5.2.jar:3.5.2]
03-12-2024 09:45:33.630 [main] DEBUG - areFieldsNotEmpty = true
03-12-2024 09:45:33.631 [main] DEBUG - areFieldsEmpty = true
03-12-2024 09:45:33.635 [main] DEBUG - No alert present. Checking mandatory fields.
03-12-2024 09:45:33.667 [main] DEBUG - Mandatory fields are missing or invalid.
03-12-2024 09:45:33.716 [main] DEBUG - Test parameters - FirstName: Shivkumar, LastName: Konnuri, ZipCode: 123456.0, AlertText: Customer added successfully, RunMode: Y
03-12-2024 09:45:33.802 [main] DEBUG - Add Customer button clicked
03-12-2024 09:45:33.811 [main] DEBUG - Navigated to Add Customer page
03-12-2024 09:45:34.174 [main] DEBUG - Add Customer button clicked
03-12-2024 09:45:34.178 [main] INFO  - Alert detected: Customer added successfully with customer id :7
03-12-2024 09:45:34.178 [main] INFO  - actualAlertText = true
03-12-2024 09:45:34.184 [main] DEBUG - Error while checking if text is empty for locator: firstNameInput
org.openqa.selenium.UnhandledAlertException: unexpected alert open: {Alert text : Customer added successfully with customer id :7}
  (Session info: chrome=131.0.6778.86): Customer added successfully with customer id :7
Build info: version: '4.23.0', revision: '4df0a231af'
System info: os.name: 'Windows 10', os.arch: 'amd64', os.version: '10.0', java.version: '17.0.11'
Driver info: org.openqa.selenium.chrome.ChromeDriver
Command: [006515d12803fc5bba466e3cdf758bc5, findElement {using=css selector, value=input[ng-model='fName']}]
Capabilities {acceptInsecureCerts: false, browserName: chrome, browserVersion: 131.0.6778.86, chrome: {chromedriverVersion: 131.0.6778.85 (3d81e41b6f3a..., userDataDir: C:\Users\SHIVKU~1.K\AppData...}, fedcm:accounts: true, goog:chromeOptions: {debuggerAddress: localhost:52695}, networkConnectionEnabled: false, pageLoadStrategy: normal, platformName: windows, proxy: Proxy(), se:cdp: ws://localhost:52695/devtoo..., se:cdpVersion: 131.0.6778.86, setWindowRect: true, strictFileInteractability: false, timeouts: {implicit: 0, pageLoad: 300000, script: 30000}, unhandledPromptBehavior: dismiss and notify, webauthn:extension:credBlob: true, webauthn:extension:largeBlob: true, webauthn:extension:minPinLength: true, webauthn:extension:prf: true, webauthn:virtualAuthenticators: true}
Session ID: 006515d12803fc5bba466e3cdf758bc5
	at org.openqa.selenium.remote.codec.w3c.W3CHttpResponseCodec.decode(W3CHttpResponseCodec.java:136) ~[selenium-remote-driver-4.23.0.jar:?]
	at org.openqa.selenium.remote.codec.w3c.W3CHttpResponseCodec.decode(W3CHttpResponseCodec.java:50) ~[selenium-remote-driver-4.23.0.jar:?]
	at org.openqa.selenium.remote.HttpCommandExecutor.execute(HttpCommandExecutor.java:190) ~[selenium-remote-driver-4.23.0.jar:?]
	at org.openqa.selenium.remote.service.DriverCommandExecutor.invokeExecute(DriverCommandExecutor.java:216) ~[selenium-remote-driver-4.23.0.jar:?]
	at org.openqa.selenium.remote.service.DriverCommandExecutor.execute(DriverCommandExecutor.java:174) ~[selenium-remote-driver-4.23.0.jar:?]
	at org.openqa.selenium.remote.RemoteWebDriver.execute(RemoteWebDriver.java:527) ~[selenium-remote-driver-4.23.0.jar:?]
	at org.openqa.selenium.remote.ElementLocation$ElementFinder$2.findElement(ElementLocation.java:165) ~[selenium-remote-driver-4.23.0.jar:?]
	at org.openqa.selenium.remote.ElementLocation.findElement(ElementLocation.java:59) ~[selenium-remote-driver-4.23.0.jar:?]
	at org.openqa.selenium.remote.RemoteWebDriver.findElement(RemoteWebDriver.java:357) ~[selenium-remote-driver-4.23.0.jar:?]
	at org.openqa.selenium.remote.RemoteWebDriver.findElement(RemoteWebDriver.java:351) ~[selenium-remote-driver-4.23.0.jar:?]
	at org.openqa.selenium.support.ui.ExpectedConditions$7.apply(ExpectedConditions.java:194) ~[selenium-support-4.23.0.jar:?]
	at org.openqa.selenium.support.ui.ExpectedConditions$7.apply(ExpectedConditions.java:190) ~[selenium-support-4.23.0.jar:?]
	at org.openqa.selenium.support.ui.ExpectedConditions$22.apply(ExpectedConditions.java:627) ~[selenium-support-4.23.0.jar:?]
	at org.openqa.selenium.support.ui.ExpectedConditions$22.apply(ExpectedConditions.java:624) ~[selenium-support-4.23.0.jar:?]
	at org.openqa.selenium.support.ui.FluentWait.until(FluentWait.java:203) ~[selenium-support-4.23.0.jar:?]
	at com.shiv.common.BaseSetup.isTextEmpty(BaseSetup.java:145) ~[test-classes/:?]
	at com.shiv.testcases.AddCustomerTest.addCustomerTest(AddCustomerTest.java:45) ~[test-classes/:?]
	at java.base/jdk.internal.reflect.NativeMethodAccessorImpl.invoke0(Native Method) ~[?:?]
	at java.base/jdk.internal.reflect.NativeMethodAccessorImpl.invoke(NativeMethodAccessorImpl.java:77) ~[?:?]
	at java.base/jdk.internal.reflect.DelegatingMethodAccessorImpl.invoke(DelegatingMethodAccessorImpl.java:43) ~[?:?]
	at java.base/java.lang.reflect.Method.invoke(Method.java:568) ~[?:?]
	at org.testng.internal.invokers.MethodInvocationHelper.invokeMethod(MethodInvocationHelper.java:139) ~[testng-7.8.0.jar:7.8.0]
	at org.testng.internal.invokers.TestInvoker.invokeMethod(TestInvoker.java:664) ~[testng-7.8.0.jar:7.8.0]
	at org.testng.internal.invokers.TestInvoker.invokeTestMethod(TestInvoker.java:227) ~[testng-7.8.0.jar:7.8.0]
	at org.testng.internal.invokers.MethodRunner.runInSequence(MethodRunner.java:50) ~[testng-7.8.0.jar:7.8.0]
	at org.testng.internal.invokers.TestInvoker$MethodInvocationAgent.invoke(TestInvoker.java:957) ~[testng-7.8.0.jar:7.8.0]
	at org.testng.internal.invokers.TestInvoker.invokeTestMethods(TestInvoker.java:200) ~[testng-7.8.0.jar:7.8.0]
	at org.testng.internal.invokers.TestMethodWorker.invokeTestMethods(TestMethodWorker.java:148) ~[testng-7.8.0.jar:7.8.0]
	at org.testng.internal.invokers.TestMethodWorker.run(TestMethodWorker.java:128) ~[testng-7.8.0.jar:7.8.0]
	at java.base/java.util.ArrayList.forEach(ArrayList.java:1511) [?:?]
	at org.testng.TestRunner.privateRun(TestRunner.java:848) [testng-7.8.0.jar:7.8.0]
	at org.testng.TestRunner.run(TestRunner.java:621) [testng-7.8.0.jar:7.8.0]
	at org.testng.SuiteRunner.runTest(SuiteRunner.java:443) [testng-7.8.0.jar:7.8.0]
	at org.testng.SuiteRunner.runSequentially(SuiteRunner.java:437) [testng-7.8.0.jar:7.8.0]
	at org.testng.SuiteRunner.privateRun(SuiteRunner.java:397) [testng-7.8.0.jar:7.8.0]
	at org.testng.SuiteRunner.run(SuiteRunner.java:336) [testng-7.8.0.jar:7.8.0]
	at org.testng.SuiteRunnerWorker.runSuite(SuiteRunnerWorker.java:52) [testng-7.8.0.jar:7.8.0]
	at org.testng.SuiteRunnerWorker.run(SuiteRunnerWorker.java:95) [testng-7.8.0.jar:7.8.0]
	at org.testng.TestNG.runSuitesSequentially(TestNG.java:1280) [testng-7.8.0.jar:7.8.0]
	at org.testng.TestNG.runSuitesLocally(TestNG.java:1200) [testng-7.8.0.jar:7.8.0]
	at org.testng.TestNG.runSuites(TestNG.java:1114) [testng-7.8.0.jar:7.8.0]
	at org.testng.TestNG.run(TestNG.java:1082) [testng-7.8.0.jar:7.8.0]
	at org.apache.maven.surefire.testng.TestNGExecutor.run(TestNGExecutor.java:308) [surefire-testng-3.5.2.jar:3.5.2]
	at org.apache.maven.surefire.testng.TestNGXmlTestSuite.execute(TestNGXmlTestSuite.java:71) [surefire-testng-3.5.2.jar:3.5.2]
	at org.apache.maven.surefire.testng.TestNGProvider.invoke(TestNGProvider.java:113) [surefire-testng-3.5.2.jar:3.5.2]
	at org.apache.maven.surefire.booter.ForkedBooter.runSuitesInProcess(ForkedBooter.java:385) [surefire-booter-3.5.2.jar:3.5.2]
	at org.apache.maven.surefire.booter.ForkedBooter.execute(ForkedBooter.java:162) [surefire-booter-3.5.2.jar:3.5.2]
	at org.apache.maven.surefire.booter.ForkedBooter.run(ForkedBooter.java:507) [surefire-booter-3.5.2.jar:3.5.2]
	at org.apache.maven.surefire.booter.ForkedBooter.main(ForkedBooter.java:495) [surefire-booter-3.5.2.jar:3.5.2]
03-12-2024 09:45:34.287 [main] DEBUG - areFieldsNotEmpty = true
03-12-2024 09:45:34.287 [main] DEBUG - areFieldsEmpty = true
03-12-2024 09:45:34.290 [main] DEBUG - No alert present. Checking mandatory fields.
03-12-2024 09:45:34.322 [main] DEBUG - Mandatory fields are missing or invalid.
03-12-2024 09:45:34.341 [main] DEBUG - Test parameters - FirstName: Ishita, LastName: , ZipCode: A234wd, AlertText: Customer added successfully, RunMode: Y
03-12-2024 09:45:34.412 [main] DEBUG - Add Customer button clicked
03-12-2024 09:45:34.415 [main] DEBUG - Navigated to Add Customer page
03-12-2024 09:45:34.762 [main] DEBUG - Add Customer button clicked
03-12-2024 09:45:34.766 [main] DEBUG - No alert present. Checking mandatory fields.
03-12-2024 09:45:34.826 [main] DEBUG - Mandatory fields are missing or invalid.
03-12-2024 09:45:34.849 [main] DEBUG - Test parameters - FirstName: , LastName: Sehgal, ZipCode: A234wd, AlertText: Customer added successfully, RunMode: Y
03-12-2024 09:45:34.925 [main] DEBUG - Add Customer button clicked
03-12-2024 09:45:34.931 [main] DEBUG - Navigated to Add Customer page
03-12-2024 09:45:35.353 [main] DEBUG - Add Customer button clicked
03-12-2024 09:45:35.357 [main] DEBUG - No alert present. Checking mandatory fields.
03-12-2024 09:45:35.390 [main] DEBUG - Mandatory fields are missing or invalid.
03-12-2024 09:45:35.412 [main] DEBUG - Test parameters - FirstName: Shivkumar, LastName: Konnuri, ZipCode: , AlertText: Customer added successfully, RunMode: Y
03-12-2024 09:45:35.479 [main] DEBUG - Add Customer button clicked
03-12-2024 09:45:35.483 [main] DEBUG - Navigated to Add Customer page
03-12-2024 09:45:35.799 [main] DEBUG - Add Customer button clicked
03-12-2024 09:45:35.801 [main] DEBUG - No alert present. Checking mandatory fields.
03-12-2024 09:45:35.873 [main] DEBUG - Mandatory fields are missing or invalid.
03-12-2024 09:45:35.888 [main] DEBUG - Test parameters - FirstName: Shivkumar, LastName: , ZipCode: , AlertText: Customer added successfully, RunMode: Y
03-12-2024 09:45:35.964 [main] DEBUG - Add Customer button clicked
03-12-2024 09:45:35.968 [main] DEBUG - Navigated to Add Customer page
03-12-2024 09:45:36.293 [main] DEBUG - Add Customer button clicked
03-12-2024 09:45:36.296 [main] DEBUG - No alert present. Checking mandatory fields.
03-12-2024 09:45:36.354 [main] DEBUG - Mandatory fields are missing or invalid.
03-12-2024 09:45:36.375 [main] DEBUG - Test parameters - FirstName: , LastName: , ZipCode: 123456.0, AlertText: Customer added successfully, RunMode: Y
03-12-2024 09:45:36.461 [main] DEBUG - Add Customer button clicked
03-12-2024 09:45:36.465 [main] DEBUG - Navigated to Add Customer page
03-12-2024 09:45:36.788 [main] DEBUG - Add Customer button clicked
03-12-2024 09:45:36.790 [main] DEBUG - No alert present. Checking mandatory fields.
03-12-2024 09:45:36.817 [main] DEBUG - Mandatory fields are missing or invalid.
03-12-2024 09:45:36.833 [main] DEBUG - Test parameters - FirstName: , LastName: Konnuri, ZipCode: , AlertText: Customer added successfully, RunMode: Y
03-12-2024 09:45:36.913 [main] DEBUG - Add Customer button clicked
03-12-2024 09:45:36.917 [main] DEBUG - Navigated to Add Customer page
03-12-2024 09:45:37.255 [main] DEBUG - Add Customer button clicked
03-12-2024 09:45:37.258 [main] DEBUG - No alert present. Checking mandatory fields.
03-12-2024 09:45:37.297 [main] DEBUG - Mandatory fields are missing or invalid.
03-12-2024 09:45:37.322 [main] DEBUG - Test parameters - FirstName: , LastName: , ZipCode: , AlertText: Customer added successfully, RunMode: Y
03-12-2024 09:45:37.394 [main] DEBUG - Add Customer button clicked
03-12-2024 09:45:37.399 [main] DEBUG - Navigated to Add Customer page
03-12-2024 09:45:37.696 [main] DEBUG - Add Customer button clicked
03-12-2024 09:45:37.698 [main] DEBUG - No alert present. Checking mandatory fields.
03-12-2024 09:45:37.721 [main] DEBUG - Mandatory fields are missing or invalid.
03-12-2024 09:45:37.741 [main] DEBUG - Test parameters - FirstName: Shiv, LastName: Konnuri, ZipCode: 123456.0, AlertText: Customer added successfully, RunMode: N
03-12-2024 09:45:37.821 [main] DEBUG - Add Customer button clicked
03-12-2024 09:45:37.824 [main] DEBUG - Navigated to Add Customer page
03-12-2024 09:45:38.140 [main] DEBUG - Add Customer button clicked
03-12-2024 09:45:38.142 [main] INFO  - Alert detected: Customer added successfully with customer id :8
03-12-2024 09:45:38.143 [main] INFO  - actualAlertText = true
03-12-2024 09:45:38.148 [main] DEBUG - Error while checking if text is empty for locator: firstNameInput
org.openqa.selenium.UnhandledAlertException: unexpected alert open: {Alert text : Customer added successfully with customer id :8}
  (Session info: chrome=131.0.6778.86): Customer added successfully with customer id :8
Build info: version: '4.23.0', revision: '4df0a231af'
System info: os.name: 'Windows 10', os.arch: 'amd64', os.version: '10.0', java.version: '17.0.11'
Driver info: org.openqa.selenium.chrome.ChromeDriver
Command: [006515d12803fc5bba466e3cdf758bc5, findElement {using=css selector, value=input[ng-model='fName']}]
Capabilities {acceptInsecureCerts: false, browserName: chrome, browserVersion: 131.0.6778.86, chrome: {chromedriverVersion: 131.0.6778.85 (3d81e41b6f3a..., userDataDir: C:\Users\SHIVKU~1.K\AppData...}, fedcm:accounts: true, goog:chromeOptions: {debuggerAddress: localhost:52695}, networkConnectionEnabled: false, pageLoadStrategy: normal, platformName: windows, proxy: Proxy(), se:cdp: ws://localhost:52695/devtoo..., se:cdpVersion: 131.0.6778.86, setWindowRect: true, strictFileInteractability: false, timeouts: {implicit: 0, pageLoad: 300000, script: 30000}, unhandledPromptBehavior: dismiss and notify, webauthn:extension:credBlob: true, webauthn:extension:largeBlob: true, webauthn:extension:minPinLength: true, webauthn:extension:prf: true, webauthn:virtualAuthenticators: true}
Session ID: 006515d12803fc5bba466e3cdf758bc5
	at org.openqa.selenium.remote.codec.w3c.W3CHttpResponseCodec.decode(W3CHttpResponseCodec.java:136) ~[selenium-remote-driver-4.23.0.jar:?]
	at org.openqa.selenium.remote.codec.w3c.W3CHttpResponseCodec.decode(W3CHttpResponseCodec.java:50) ~[selenium-remote-driver-4.23.0.jar:?]
	at org.openqa.selenium.remote.HttpCommandExecutor.execute(HttpCommandExecutor.java:190) ~[selenium-remote-driver-4.23.0.jar:?]
	at org.openqa.selenium.remote.service.DriverCommandExecutor.invokeExecute(DriverCommandExecutor.java:216) ~[selenium-remote-driver-4.23.0.jar:?]
	at org.openqa.selenium.remote.service.DriverCommandExecutor.execute(DriverCommandExecutor.java:174) ~[selenium-remote-driver-4.23.0.jar:?]
	at org.openqa.selenium.remote.RemoteWebDriver.execute(RemoteWebDriver.java:527) ~[selenium-remote-driver-4.23.0.jar:?]
	at org.openqa.selenium.remote.ElementLocation$ElementFinder$2.findElement(ElementLocation.java:165) ~[selenium-remote-driver-4.23.0.jar:?]
	at org.openqa.selenium.remote.ElementLocation.findElement(ElementLocation.java:59) ~[selenium-remote-driver-4.23.0.jar:?]
	at org.openqa.selenium.remote.RemoteWebDriver.findElement(RemoteWebDriver.java:357) ~[selenium-remote-driver-4.23.0.jar:?]
	at org.openqa.selenium.remote.RemoteWebDriver.findElement(RemoteWebDriver.java:351) ~[selenium-remote-driver-4.23.0.jar:?]
	at org.openqa.selenium.support.ui.ExpectedConditions$7.apply(ExpectedConditions.java:194) ~[selenium-support-4.23.0.jar:?]
	at org.openqa.selenium.support.ui.ExpectedConditions$7.apply(ExpectedConditions.java:190) ~[selenium-support-4.23.0.jar:?]
	at org.openqa.selenium.support.ui.ExpectedConditions$22.apply(ExpectedConditions.java:627) ~[selenium-support-4.23.0.jar:?]
	at org.openqa.selenium.support.ui.ExpectedConditions$22.apply(ExpectedConditions.java:624) ~[selenium-support-4.23.0.jar:?]
	at org.openqa.selenium.support.ui.FluentWait.until(FluentWait.java:203) ~[selenium-support-4.23.0.jar:?]
	at com.shiv.common.BaseSetup.isTextEmpty(BaseSetup.java:145) ~[test-classes/:?]
	at com.shiv.testcases.AddCustomerTest.addCustomerTest(AddCustomerTest.java:45) ~[test-classes/:?]
	at java.base/jdk.internal.reflect.NativeMethodAccessorImpl.invoke0(Native Method) ~[?:?]
	at java.base/jdk.internal.reflect.NativeMethodAccessorImpl.invoke(NativeMethodAccessorImpl.java:77) ~[?:?]
	at java.base/jdk.internal.reflect.DelegatingMethodAccessorImpl.invoke(DelegatingMethodAccessorImpl.java:43) ~[?:?]
	at java.base/java.lang.reflect.Method.invoke(Method.java:568) ~[?:?]
	at org.testng.internal.invokers.MethodInvocationHelper.invokeMethod(MethodInvocationHelper.java:139) ~[testng-7.8.0.jar:7.8.0]
	at org.testng.internal.invokers.TestInvoker.invokeMethod(TestInvoker.java:664) ~[testng-7.8.0.jar:7.8.0]
	at org.testng.internal.invokers.TestInvoker.invokeTestMethod(TestInvoker.java:227) ~[testng-7.8.0.jar:7.8.0]
	at org.testng.internal.invokers.MethodRunner.runInSequence(MethodRunner.java:50) ~[testng-7.8.0.jar:7.8.0]
	at org.testng.internal.invokers.TestInvoker$MethodInvocationAgent.invoke(TestInvoker.java:957) ~[testng-7.8.0.jar:7.8.0]
	at org.testng.internal.invokers.TestInvoker.invokeTestMethods(TestInvoker.java:200) ~[testng-7.8.0.jar:7.8.0]
	at org.testng.internal.invokers.TestMethodWorker.invokeTestMethods(TestMethodWorker.java:148) ~[testng-7.8.0.jar:7.8.0]
	at org.testng.internal.invokers.TestMethodWorker.run(TestMethodWorker.java:128) ~[testng-7.8.0.jar:7.8.0]
	at java.base/java.util.ArrayList.forEach(ArrayList.java:1511) [?:?]
	at org.testng.TestRunner.privateRun(TestRunner.java:848) [testng-7.8.0.jar:7.8.0]
	at org.testng.TestRunner.run(TestRunner.java:621) [testng-7.8.0.jar:7.8.0]
	at org.testng.SuiteRunner.runTest(SuiteRunner.java:443) [testng-7.8.0.jar:7.8.0]
	at org.testng.SuiteRunner.runSequentially(SuiteRunner.java:437) [testng-7.8.0.jar:7.8.0]
	at org.testng.SuiteRunner.privateRun(SuiteRunner.java:397) [testng-7.8.0.jar:7.8.0]
	at org.testng.SuiteRunner.run(SuiteRunner.java:336) [testng-7.8.0.jar:7.8.0]
	at org.testng.SuiteRunnerWorker.runSuite(SuiteRunnerWorker.java:52) [testng-7.8.0.jar:7.8.0]
	at org.testng.SuiteRunnerWorker.run(SuiteRunnerWorker.java:95) [testng-7.8.0.jar:7.8.0]
	at org.testng.TestNG.runSuitesSequentially(TestNG.java:1280) [testng-7.8.0.jar:7.8.0]
	at org.testng.TestNG.runSuitesLocally(TestNG.java:1200) [testng-7.8.0.jar:7.8.0]
	at org.testng.TestNG.runSuites(TestNG.java:1114) [testng-7.8.0.jar:7.8.0]
	at org.testng.TestNG.run(TestNG.java:1082) [testng-7.8.0.jar:7.8.0]
	at org.apache.maven.surefire.testng.TestNGExecutor.run(TestNGExecutor.java:308) [surefire-testng-3.5.2.jar:3.5.2]
	at org.apache.maven.surefire.testng.TestNGXmlTestSuite.execute(TestNGXmlTestSuite.java:71) [surefire-testng-3.5.2.jar:3.5.2]
	at org.apache.maven.surefire.testng.TestNGProvider.invoke(TestNGProvider.java:113) [surefire-testng-3.5.2.jar:3.5.2]
	at org.apache.maven.surefire.booter.ForkedBooter.runSuitesInProcess(ForkedBooter.java:385) [surefire-booter-3.5.2.jar:3.5.2]
	at org.apache.maven.surefire.booter.ForkedBooter.execute(ForkedBooter.java:162) [surefire-booter-3.5.2.jar:3.5.2]
	at org.apache.maven.surefire.booter.ForkedBooter.run(ForkedBooter.java:507) [surefire-booter-3.5.2.jar:3.5.2]
	at org.apache.maven.surefire.booter.ForkedBooter.main(ForkedBooter.java:495) [surefire-booter-3.5.2.jar:3.5.2]
03-12-2024 09:45:38.232 [main] DEBUG - areFieldsNotEmpty = true
03-12-2024 09:45:38.232 [main] DEBUG - areFieldsEmpty = true
03-12-2024 09:45:38.235 [main] DEBUG - No alert present. Checking mandatory fields.
03-12-2024 09:45:38.262 [main] DEBUG - Mandatory fields are missing or invalid.
03-12-2024 09:45:38.276 [main] DEBUG - Test parameters - FirstName:   , LastName:        , ZipCode:         , AlertText: Customer added successfully, RunMode: Y
03-12-2024 09:45:38.351 [main] DEBUG - Add Customer button clicked
03-12-2024 09:45:38.355 [main] DEBUG - Navigated to Add Customer page
03-12-2024 09:45:38.686 [main] DEBUG - Add Customer button clicked
03-12-2024 09:45:38.689 [main] INFO  - Alert detected: Please check the details. Customer may be duplicate.
03-12-2024 09:45:38.689 [main] INFO  - actualAlertText = false
03-12-2024 09:45:38.696 [main] DEBUG - Error while checking if text is empty for locator: firstNameInput
org.openqa.selenium.UnhandledAlertException: unexpected alert open: {Alert text : Please check the details. Customer may be duplicate.}
  (Session info: chrome=131.0.6778.86): Please check the details. Customer may be duplicate.
Build info: version: '4.23.0', revision: '4df0a231af'
System info: os.name: 'Windows 10', os.arch: 'amd64', os.version: '10.0', java.version: '17.0.11'
Driver info: org.openqa.selenium.chrome.ChromeDriver
Command: [006515d12803fc5bba466e3cdf758bc5, findElement {using=css selector, value=input[ng-model='fName']}]
Capabilities {acceptInsecureCerts: false, browserName: chrome, browserVersion: 131.0.6778.86, chrome: {chromedriverVersion: 131.0.6778.85 (3d81e41b6f3a..., userDataDir: C:\Users\SHIVKU~1.K\AppData...}, fedcm:accounts: true, goog:chromeOptions: {debuggerAddress: localhost:52695}, networkConnectionEnabled: false, pageLoadStrategy: normal, platformName: windows, proxy: Proxy(), se:cdp: ws://localhost:52695/devtoo..., se:cdpVersion: 131.0.6778.86, setWindowRect: true, strictFileInteractability: false, timeouts: {implicit: 0, pageLoad: 300000, script: 30000}, unhandledPromptBehavior: dismiss and notify, webauthn:extension:credBlob: true, webauthn:extension:largeBlob: true, webauthn:extension:minPinLength: true, webauthn:extension:prf: true, webauthn:virtualAuthenticators: true}
Session ID: 006515d12803fc5bba466e3cdf758bc5
	at org.openqa.selenium.remote.codec.w3c.W3CHttpResponseCodec.decode(W3CHttpResponseCodec.java:136) ~[selenium-remote-driver-4.23.0.jar:?]
	at org.openqa.selenium.remote.codec.w3c.W3CHttpResponseCodec.decode(W3CHttpResponseCodec.java:50) ~[selenium-remote-driver-4.23.0.jar:?]
	at org.openqa.selenium.remote.HttpCommandExecutor.execute(HttpCommandExecutor.java:190) ~[selenium-remote-driver-4.23.0.jar:?]
	at org.openqa.selenium.remote.service.DriverCommandExecutor.invokeExecute(DriverCommandExecutor.java:216) ~[selenium-remote-driver-4.23.0.jar:?]
	at org.openqa.selenium.remote.service.DriverCommandExecutor.execute(DriverCommandExecutor.java:174) ~[selenium-remote-driver-4.23.0.jar:?]
	at org.openqa.selenium.remote.RemoteWebDriver.execute(RemoteWebDriver.java:527) ~[selenium-remote-driver-4.23.0.jar:?]
	at org.openqa.selenium.remote.ElementLocation$ElementFinder$2.findElement(ElementLocation.java:165) ~[selenium-remote-driver-4.23.0.jar:?]
	at org.openqa.selenium.remote.ElementLocation.findElement(ElementLocation.java:59) ~[selenium-remote-driver-4.23.0.jar:?]
	at org.openqa.selenium.remote.RemoteWebDriver.findElement(RemoteWebDriver.java:357) ~[selenium-remote-driver-4.23.0.jar:?]
	at org.openqa.selenium.remote.RemoteWebDriver.findElement(RemoteWebDriver.java:351) ~[selenium-remote-driver-4.23.0.jar:?]
	at org.openqa.selenium.support.ui.ExpectedConditions$7.apply(ExpectedConditions.java:194) ~[selenium-support-4.23.0.jar:?]
	at org.openqa.selenium.support.ui.ExpectedConditions$7.apply(ExpectedConditions.java:190) ~[selenium-support-4.23.0.jar:?]
	at org.openqa.selenium.support.ui.ExpectedConditions$22.apply(ExpectedConditions.java:627) ~[selenium-support-4.23.0.jar:?]
	at org.openqa.selenium.support.ui.ExpectedConditions$22.apply(ExpectedConditions.java:624) ~[selenium-support-4.23.0.jar:?]
	at org.openqa.selenium.support.ui.FluentWait.until(FluentWait.java:203) ~[selenium-support-4.23.0.jar:?]
	at com.shiv.common.BaseSetup.isTextEmpty(BaseSetup.java:145) ~[test-classes/:?]
	at com.shiv.testcases.AddCustomerTest.addCustomerTest(AddCustomerTest.java:45) ~[test-classes/:?]
	at java.base/jdk.internal.reflect.NativeMethodAccessorImpl.invoke0(Native Method) ~[?:?]
	at java.base/jdk.internal.reflect.NativeMethodAccessorImpl.invoke(NativeMethodAccessorImpl.java:77) ~[?:?]
	at java.base/jdk.internal.reflect.DelegatingMethodAccessorImpl.invoke(DelegatingMethodAccessorImpl.java:43) ~[?:?]
	at java.base/java.lang.reflect.Method.invoke(Method.java:568) ~[?:?]
	at org.testng.internal.invokers.MethodInvocationHelper.invokeMethod(MethodInvocationHelper.java:139) ~[testng-7.8.0.jar:7.8.0]
	at org.testng.internal.invokers.TestInvoker.invokeMethod(TestInvoker.java:664) ~[testng-7.8.0.jar:7.8.0]
	at org.testng.internal.invokers.TestInvoker.invokeTestMethod(TestInvoker.java:227) ~[testng-7.8.0.jar:7.8.0]
	at org.testng.internal.invokers.MethodRunner.runInSequence(MethodRunner.java:50) ~[testng-7.8.0.jar:7.8.0]
	at org.testng.internal.invokers.TestInvoker$MethodInvocationAgent.invoke(TestInvoker.java:957) ~[testng-7.8.0.jar:7.8.0]
	at org.testng.internal.invokers.TestInvoker.invokeTestMethods(TestInvoker.java:200) ~[testng-7.8.0.jar:7.8.0]
	at org.testng.internal.invokers.TestMethodWorker.invokeTestMethods(TestMethodWorker.java:148) ~[testng-7.8.0.jar:7.8.0]
	at org.testng.internal.invokers.TestMethodWorker.run(TestMethodWorker.java:128) ~[testng-7.8.0.jar:7.8.0]
	at java.base/java.util.ArrayList.forEach(ArrayList.java:1511) [?:?]
	at org.testng.TestRunner.privateRun(TestRunner.java:848) [testng-7.8.0.jar:7.8.0]
	at org.testng.TestRunner.run(TestRunner.java:621) [testng-7.8.0.jar:7.8.0]
	at org.testng.SuiteRunner.runTest(SuiteRunner.java:443) [testng-7.8.0.jar:7.8.0]
	at org.testng.SuiteRunner.runSequentially(SuiteRunner.java:437) [testng-7.8.0.jar:7.8.0]
	at org.testng.SuiteRunner.privateRun(SuiteRunner.java:397) [testng-7.8.0.jar:7.8.0]
	at org.testng.SuiteRunner.run(SuiteRunner.java:336) [testng-7.8.0.jar:7.8.0]
	at org.testng.SuiteRunnerWorker.runSuite(SuiteRunnerWorker.java:52) [testng-7.8.0.jar:7.8.0]
	at org.testng.SuiteRunnerWorker.run(SuiteRunnerWorker.java:95) [testng-7.8.0.jar:7.8.0]
	at org.testng.TestNG.runSuitesSequentially(TestNG.java:1280) [testng-7.8.0.jar:7.8.0]
	at org.testng.TestNG.runSuitesLocally(TestNG.java:1200) [testng-7.8.0.jar:7.8.0]
	at org.testng.TestNG.runSuites(TestNG.java:1114) [testng-7.8.0.jar:7.8.0]
	at org.testng.TestNG.run(TestNG.java:1082) [testng-7.8.0.jar:7.8.0]
	at org.apache.maven.surefire.testng.TestNGExecutor.run(TestNGExecutor.java:308) [surefire-testng-3.5.2.jar:3.5.2]
	at org.apache.maven.surefire.testng.TestNGXmlTestSuite.execute(TestNGXmlTestSuite.java:71) [surefire-testng-3.5.2.jar:3.5.2]
	at org.apache.maven.surefire.testng.TestNGProvider.invoke(TestNGProvider.java:113) [surefire-testng-3.5.2.jar:3.5.2]
	at org.apache.maven.surefire.booter.ForkedBooter.runSuitesInProcess(ForkedBooter.java:385) [surefire-booter-3.5.2.jar:3.5.2]
	at org.apache.maven.surefire.booter.ForkedBooter.execute(ForkedBooter.java:162) [surefire-booter-3.5.2.jar:3.5.2]
	at org.apache.maven.surefire.booter.ForkedBooter.run(ForkedBooter.java:507) [surefire-booter-3.5.2.jar:3.5.2]
	at org.apache.maven.surefire.booter.ForkedBooter.main(ForkedBooter.java:495) [surefire-booter-3.5.2.jar:3.5.2]
03-12-2024 09:45:38.790 [main] DEBUG - areFieldsNotEmpty = true
03-12-2024 09:45:38.790 [main] DEBUG - areFieldsEmpty = true
03-12-2024 09:45:38.793 [main] DEBUG - No alert present. Checking mandatory fields.
03-12-2024 09:45:38.816 [main] DEBUG - Mandatory fields are missing or invalid.
03-12-2024 09:45:38.874 [main] DEBUG - Test parameters - FirstName: , LastName: , ZipCode: , AlertText: Please check the details, RunMode: Y
03-12-2024 09:45:38.942 [main] DEBUG - Add Customer button clicked
03-12-2024 09:45:38.949 [main] DEBUG - Navigated to Add Customer page
03-12-2024 09:45:39.293 [main] DEBUG - Add Customer button clicked
03-12-2024 09:45:39.294 [main] DEBUG - No alert present. Checking mandatory fields.
03-12-2024 09:45:39.319 [main] DEBUG - Mandatory fields are missing or invalid.
03-12-2024 10:16:12.449 [main] DEBUG - config.properties file loaded
03-12-2024 10:16:12.453 [main] DEBUG - OR.properties file loaded
03-12-2024 10:16:14.251 [main] DEBUG - Chrome browser launched
03-12-2024 10:16:15.559 [main] DEBUG - Navigated to URL: https://way2automation.com/angularjs-protractor/banking/#/login
03-12-2024 10:16:15.587 [main] DEBUG - Browser window maximized
03-12-2024 10:16:15.938 [main] DEBUG - Manager Login Button clicked
03-12-2024 10:16:20.966 [main] DEBUG - Logged in url validated
03-12-2024 10:16:20.986 [main] DEBUG - Add Customer Button is present
03-12-2024 10:16:20.986 [main] DEBUG - Manager Logged in Succcessfully
03-12-2024 10:20:07.776 [main] DEBUG - config.properties file loaded
03-12-2024 10:20:07.778 [main] DEBUG - OR.properties file loaded
03-12-2024 10:20:09.521 [main] DEBUG - Chrome browser launched
03-12-2024 10:20:10.591 [main] DEBUG - Navigated to URL: https://way2automation.com/angularjs-protractor/banking/#/login
03-12-2024 10:20:10.617 [main] DEBUG - Browser window maximized
03-12-2024 10:20:10.922 [main] DEBUG - Manager Login Button clicked
03-12-2024 10:20:15.955 [main] DEBUG - Logged in url validated
03-12-2024 10:20:15.976 [main] DEBUG - Add Customer Button is present
03-12-2024 10:20:15.977 [main] DEBUG - Manager Logged in Succcessfully
03-12-2024 10:23:35.000 [main] DEBUG - config.properties file loaded
03-12-2024 10:23:35.002 [main] DEBUG - OR.properties file loaded
03-12-2024 10:23:36.744 [main] DEBUG - Chrome browser launched
03-12-2024 10:23:37.591 [main] DEBUG - Navigated to URL: https://way2automation.com/angularjs-protractor/banking/#/login
03-12-2024 10:23:37.615 [main] DEBUG - Browser window maximized
03-12-2024 10:23:37.910 [main] DEBUG - Manager Login Button clicked
03-12-2024 10:23:42.949 [main] DEBUG - Logged in url validated
03-12-2024 10:23:42.971 [main] DEBUG - Add Customer Button is present
03-12-2024 10:23:42.972 [main] DEBUG - Manager Logged in Succcessfully
03-12-2024 10:28:52.487 [main] DEBUG - config.properties file loaded
03-12-2024 10:28:52.490 [main] DEBUG - OR.properties file loaded
03-12-2024 10:28:54.207 [main] DEBUG - Chrome browser launched
03-12-2024 10:28:57.149 [main] DEBUG - Navigated to URL: https://way2automation.com/angularjs-protractor/banking/#/login
03-12-2024 10:28:57.189 [main] DEBUG - Browser window maximized
03-12-2024 10:28:57.520 [main] DEBUG - Manager Login Button clicked
03-12-2024 10:29:02.559 [main] DEBUG - Logged in url validated
03-12-2024 10:29:02.577 [main] DEBUG - Add Customer Button is present
03-12-2024 10:29:02.578 [main] DEBUG - Manager Logged in Succcessfully
03-12-2024 10:29:03.646 [main] DEBUG - Test parameters - FirstName: Raman, LastName: Arora, ZipCode: A234wd, AlertText: Customer added successfully, RunMode: Y
03-12-2024 10:29:03.716 [main] DEBUG - Add Customer button clicked
03-12-2024 10:29:08.746 [main] DEBUG - Navigated to Add Customer page
03-12-2024 10:29:09.135 [main] DEBUG - Add Customer button clicked
03-12-2024 10:29:09.142 [main] INFO  - Alert detected: Customer added successfully with customer id :6
03-12-2024 10:29:09.142 [main] INFO  - actualAlertText = true
03-12-2024 10:29:09.154 [main] DEBUG - Error while checking if text is empty for locator: firstNameInput
org.openqa.selenium.UnhandledAlertException: unexpected alert open: {Alert text : Customer added successfully with customer id :6}
  (Session info: chrome=131.0.6778.86): Customer added successfully with customer id :6
Build info: version: '4.23.0', revision: '4df0a231af'
System info: os.name: 'Windows 10', os.arch: 'amd64', os.version: '10.0', java.version: '17.0.11'
Driver info: org.openqa.selenium.chrome.ChromeDriver
Command: [0e78a5bae556fbffeed6a3b1ab96ecc0, findElement {using=css selector, value=input[ng-model='fName']}]
Capabilities {acceptInsecureCerts: false, browserName: chrome, browserVersion: 131.0.6778.86, chrome: {chromedriverVersion: 131.0.6778.85 (3d81e41b6f3a..., userDataDir: C:\Users\SHIVKU~1.K\AppData...}, fedcm:accounts: true, goog:chromeOptions: {debuggerAddress: localhost:55950}, networkConnectionEnabled: false, pageLoadStrategy: normal, platformName: windows, proxy: Proxy(), se:cdp: ws://localhost:55950/devtoo..., se:cdpVersion: 131.0.6778.86, setWindowRect: true, strictFileInteractability: false, timeouts: {implicit: 0, pageLoad: 300000, script: 30000}, unhandledPromptBehavior: dismiss and notify, webauthn:extension:credBlob: true, webauthn:extension:largeBlob: true, webauthn:extension:minPinLength: true, webauthn:extension:prf: true, webauthn:virtualAuthenticators: true}
Session ID: 0e78a5bae556fbffeed6a3b1ab96ecc0
	at org.openqa.selenium.remote.codec.w3c.W3CHttpResponseCodec.decode(W3CHttpResponseCodec.java:136) ~[selenium-remote-driver-4.23.0.jar:?]
	at org.openqa.selenium.remote.codec.w3c.W3CHttpResponseCodec.decode(W3CHttpResponseCodec.java:50) ~[selenium-remote-driver-4.23.0.jar:?]
	at org.openqa.selenium.remote.HttpCommandExecutor.execute(HttpCommandExecutor.java:190) ~[selenium-remote-driver-4.23.0.jar:?]
	at org.openqa.selenium.remote.service.DriverCommandExecutor.invokeExecute(DriverCommandExecutor.java:216) ~[selenium-remote-driver-4.23.0.jar:?]
	at org.openqa.selenium.remote.service.DriverCommandExecutor.execute(DriverCommandExecutor.java:174) ~[selenium-remote-driver-4.23.0.jar:?]
	at org.openqa.selenium.remote.RemoteWebDriver.execute(RemoteWebDriver.java:527) ~[selenium-remote-driver-4.23.0.jar:?]
	at org.openqa.selenium.remote.ElementLocation$ElementFinder$2.findElement(ElementLocation.java:165) ~[selenium-remote-driver-4.23.0.jar:?]
	at org.openqa.selenium.remote.ElementLocation.findElement(ElementLocation.java:59) ~[selenium-remote-driver-4.23.0.jar:?]
	at org.openqa.selenium.remote.RemoteWebDriver.findElement(RemoteWebDriver.java:357) ~[selenium-remote-driver-4.23.0.jar:?]
	at org.openqa.selenium.remote.RemoteWebDriver.findElement(RemoteWebDriver.java:351) ~[selenium-remote-driver-4.23.0.jar:?]
	at org.openqa.selenium.support.ui.ExpectedConditions$7.apply(ExpectedConditions.java:194) ~[selenium-support-4.23.0.jar:?]
	at org.openqa.selenium.support.ui.ExpectedConditions$7.apply(ExpectedConditions.java:190) ~[selenium-support-4.23.0.jar:?]
	at org.openqa.selenium.support.ui.ExpectedConditions$22.apply(ExpectedConditions.java:627) ~[selenium-support-4.23.0.jar:?]
	at org.openqa.selenium.support.ui.ExpectedConditions$22.apply(ExpectedConditions.java:624) ~[selenium-support-4.23.0.jar:?]
	at org.openqa.selenium.support.ui.FluentWait.until(FluentWait.java:203) ~[selenium-support-4.23.0.jar:?]
	at com.shiv.common.BaseSetup.isTextEmpty(BaseSetup.java:145) ~[test-classes/:?]
	at com.shiv.testcases.AddCustomerTest.addCustomerTest(AddCustomerTest.java:45) ~[test-classes/:?]
	at java.base/jdk.internal.reflect.NativeMethodAccessorImpl.invoke0(Native Method) ~[?:?]
	at java.base/jdk.internal.reflect.NativeMethodAccessorImpl.invoke(NativeMethodAccessorImpl.java:77) ~[?:?]
	at java.base/jdk.internal.reflect.DelegatingMethodAccessorImpl.invoke(DelegatingMethodAccessorImpl.java:43) ~[?:?]
	at java.base/java.lang.reflect.Method.invoke(Method.java:568) ~[?:?]
	at org.testng.internal.invokers.MethodInvocationHelper.invokeMethod(MethodInvocationHelper.java:139) ~[testng-7.8.0.jar:7.8.0]
	at org.testng.internal.invokers.TestInvoker.invokeMethod(TestInvoker.java:664) ~[testng-7.8.0.jar:7.8.0]
	at org.testng.internal.invokers.TestInvoker.invokeTestMethod(TestInvoker.java:227) ~[testng-7.8.0.jar:7.8.0]
	at org.testng.internal.invokers.MethodRunner.runInSequence(MethodRunner.java:50) ~[testng-7.8.0.jar:7.8.0]
	at org.testng.internal.invokers.TestInvoker$MethodInvocationAgent.invoke(TestInvoker.java:957) ~[testng-7.8.0.jar:7.8.0]
	at org.testng.internal.invokers.TestInvoker.invokeTestMethods(TestInvoker.java:200) ~[testng-7.8.0.jar:7.8.0]
	at org.testng.internal.invokers.TestMethodWorker.invokeTestMethods(TestMethodWorker.java:148) ~[testng-7.8.0.jar:7.8.0]
	at org.testng.internal.invokers.TestMethodWorker.run(TestMethodWorker.java:128) ~[testng-7.8.0.jar:7.8.0]
	at java.base/java.util.ArrayList.forEach(ArrayList.java:1511) [?:?]
	at org.testng.TestRunner.privateRun(TestRunner.java:848) [testng-7.8.0.jar:7.8.0]
	at org.testng.TestRunner.run(TestRunner.java:621) [testng-7.8.0.jar:7.8.0]
	at org.testng.SuiteRunner.runTest(SuiteRunner.java:443) [testng-7.8.0.jar:7.8.0]
	at org.testng.SuiteRunner.runSequentially(SuiteRunner.java:437) [testng-7.8.0.jar:7.8.0]
	at org.testng.SuiteRunner.privateRun(SuiteRunner.java:397) [testng-7.8.0.jar:7.8.0]
	at org.testng.SuiteRunner.run(SuiteRunner.java:336) [testng-7.8.0.jar:7.8.0]
	at org.testng.SuiteRunnerWorker.runSuite(SuiteRunnerWorker.java:52) [testng-7.8.0.jar:7.8.0]
	at org.testng.SuiteRunnerWorker.run(SuiteRunnerWorker.java:95) [testng-7.8.0.jar:7.8.0]
	at org.testng.TestNG.runSuitesSequentially(TestNG.java:1280) [testng-7.8.0.jar:7.8.0]
	at org.testng.TestNG.runSuitesLocally(TestNG.java:1200) [testng-7.8.0.jar:7.8.0]
	at org.testng.TestNG.runSuites(TestNG.java:1114) [testng-7.8.0.jar:7.8.0]
	at org.testng.TestNG.run(TestNG.java:1082) [testng-7.8.0.jar:7.8.0]
	at org.apache.maven.surefire.testng.TestNGExecutor.run(TestNGExecutor.java:308) [surefire-testng-3.5.2.jar:3.5.2]
	at org.apache.maven.surefire.testng.TestNGXmlTestSuite.execute(TestNGXmlTestSuite.java:71) [surefire-testng-3.5.2.jar:3.5.2]
	at org.apache.maven.surefire.testng.TestNGProvider.invoke(TestNGProvider.java:113) [surefire-testng-3.5.2.jar:3.5.2]
	at org.apache.maven.surefire.booter.ForkedBooter.runSuitesInProcess(ForkedBooter.java:385) [surefire-booter-3.5.2.jar:3.5.2]
	at org.apache.maven.surefire.booter.ForkedBooter.execute(ForkedBooter.java:162) [surefire-booter-3.5.2.jar:3.5.2]
	at org.apache.maven.surefire.booter.ForkedBooter.run(ForkedBooter.java:507) [surefire-booter-3.5.2.jar:3.5.2]
	at org.apache.maven.surefire.booter.ForkedBooter.main(ForkedBooter.java:495) [surefire-booter-3.5.2.jar:3.5.2]
03-12-2024 10:29:09.244 [main] DEBUG - areFieldsNotEmpty = true
03-12-2024 10:29:09.245 [main] DEBUG - areFieldsEmpty = true
03-12-2024 10:29:09.248 [main] DEBUG - No alert present. Checking mandatory fields.
03-12-2024 10:29:09.278 [main] DEBUG - Mandatory fields are missing or invalid.
03-12-2024 10:29:09.349 [main] DEBUG - Test parameters - FirstName: Shivkumar, LastName: Konnuri, ZipCode: 123456.0, AlertText: Customer added successfully, RunMode: Y
03-12-2024 10:29:09.430 [main] DEBUG - Add Customer button clicked
03-12-2024 10:29:09.440 [main] DEBUG - Navigated to Add Customer page
03-12-2024 10:29:09.796 [main] DEBUG - Add Customer button clicked
03-12-2024 10:29:09.799 [main] INFO  - Alert detected: Customer added successfully with customer id :7
03-12-2024 10:29:09.799 [main] INFO  - actualAlertText = true
03-12-2024 10:29:09.805 [main] DEBUG - Error while checking if text is empty for locator: firstNameInput
org.openqa.selenium.UnhandledAlertException: unexpected alert open: {Alert text : Customer added successfully with customer id :7}
  (Session info: chrome=131.0.6778.86): Customer added successfully with customer id :7
Build info: version: '4.23.0', revision: '4df0a231af'
System info: os.name: 'Windows 10', os.arch: 'amd64', os.version: '10.0', java.version: '17.0.11'
Driver info: org.openqa.selenium.chrome.ChromeDriver
Command: [0e78a5bae556fbffeed6a3b1ab96ecc0, findElement {using=css selector, value=input[ng-model='fName']}]
Capabilities {acceptInsecureCerts: false, browserName: chrome, browserVersion: 131.0.6778.86, chrome: {chromedriverVersion: 131.0.6778.85 (3d81e41b6f3a..., userDataDir: C:\Users\SHIVKU~1.K\AppData...}, fedcm:accounts: true, goog:chromeOptions: {debuggerAddress: localhost:55950}, networkConnectionEnabled: false, pageLoadStrategy: normal, platformName: windows, proxy: Proxy(), se:cdp: ws://localhost:55950/devtoo..., se:cdpVersion: 131.0.6778.86, setWindowRect: true, strictFileInteractability: false, timeouts: {implicit: 0, pageLoad: 300000, script: 30000}, unhandledPromptBehavior: dismiss and notify, webauthn:extension:credBlob: true, webauthn:extension:largeBlob: true, webauthn:extension:minPinLength: true, webauthn:extension:prf: true, webauthn:virtualAuthenticators: true}
Session ID: 0e78a5bae556fbffeed6a3b1ab96ecc0
	at org.openqa.selenium.remote.codec.w3c.W3CHttpResponseCodec.decode(W3CHttpResponseCodec.java:136) ~[selenium-remote-driver-4.23.0.jar:?]
	at org.openqa.selenium.remote.codec.w3c.W3CHttpResponseCodec.decode(W3CHttpResponseCodec.java:50) ~[selenium-remote-driver-4.23.0.jar:?]
	at org.openqa.selenium.remote.HttpCommandExecutor.execute(HttpCommandExecutor.java:190) ~[selenium-remote-driver-4.23.0.jar:?]
	at org.openqa.selenium.remote.service.DriverCommandExecutor.invokeExecute(DriverCommandExecutor.java:216) ~[selenium-remote-driver-4.23.0.jar:?]
	at org.openqa.selenium.remote.service.DriverCommandExecutor.execute(DriverCommandExecutor.java:174) ~[selenium-remote-driver-4.23.0.jar:?]
	at org.openqa.selenium.remote.RemoteWebDriver.execute(RemoteWebDriver.java:527) ~[selenium-remote-driver-4.23.0.jar:?]
	at org.openqa.selenium.remote.ElementLocation$ElementFinder$2.findElement(ElementLocation.java:165) ~[selenium-remote-driver-4.23.0.jar:?]
	at org.openqa.selenium.remote.ElementLocation.findElement(ElementLocation.java:59) ~[selenium-remote-driver-4.23.0.jar:?]
	at org.openqa.selenium.remote.RemoteWebDriver.findElement(RemoteWebDriver.java:357) ~[selenium-remote-driver-4.23.0.jar:?]
	at org.openqa.selenium.remote.RemoteWebDriver.findElement(RemoteWebDriver.java:351) ~[selenium-remote-driver-4.23.0.jar:?]
	at org.openqa.selenium.support.ui.ExpectedConditions$7.apply(ExpectedConditions.java:194) ~[selenium-support-4.23.0.jar:?]
	at org.openqa.selenium.support.ui.ExpectedConditions$7.apply(ExpectedConditions.java:190) ~[selenium-support-4.23.0.jar:?]
	at org.openqa.selenium.support.ui.ExpectedConditions$22.apply(ExpectedConditions.java:627) ~[selenium-support-4.23.0.jar:?]
	at org.openqa.selenium.support.ui.ExpectedConditions$22.apply(ExpectedConditions.java:624) ~[selenium-support-4.23.0.jar:?]
	at org.openqa.selenium.support.ui.FluentWait.until(FluentWait.java:203) ~[selenium-support-4.23.0.jar:?]
	at com.shiv.common.BaseSetup.isTextEmpty(BaseSetup.java:145) ~[test-classes/:?]
	at com.shiv.testcases.AddCustomerTest.addCustomerTest(AddCustomerTest.java:45) ~[test-classes/:?]
	at java.base/jdk.internal.reflect.NativeMethodAccessorImpl.invoke0(Native Method) ~[?:?]
	at java.base/jdk.internal.reflect.NativeMethodAccessorImpl.invoke(NativeMethodAccessorImpl.java:77) ~[?:?]
	at java.base/jdk.internal.reflect.DelegatingMethodAccessorImpl.invoke(DelegatingMethodAccessorImpl.java:43) ~[?:?]
	at java.base/java.lang.reflect.Method.invoke(Method.java:568) ~[?:?]
	at org.testng.internal.invokers.MethodInvocationHelper.invokeMethod(MethodInvocationHelper.java:139) ~[testng-7.8.0.jar:7.8.0]
	at org.testng.internal.invokers.TestInvoker.invokeMethod(TestInvoker.java:664) ~[testng-7.8.0.jar:7.8.0]
	at org.testng.internal.invokers.TestInvoker.invokeTestMethod(TestInvoker.java:227) ~[testng-7.8.0.jar:7.8.0]
	at org.testng.internal.invokers.MethodRunner.runInSequence(MethodRunner.java:50) ~[testng-7.8.0.jar:7.8.0]
	at org.testng.internal.invokers.TestInvoker$MethodInvocationAgent.invoke(TestInvoker.java:957) ~[testng-7.8.0.jar:7.8.0]
	at org.testng.internal.invokers.TestInvoker.invokeTestMethods(TestInvoker.java:200) ~[testng-7.8.0.jar:7.8.0]
	at org.testng.internal.invokers.TestMethodWorker.invokeTestMethods(TestMethodWorker.java:148) ~[testng-7.8.0.jar:7.8.0]
	at org.testng.internal.invokers.TestMethodWorker.run(TestMethodWorker.java:128) ~[testng-7.8.0.jar:7.8.0]
	at java.base/java.util.ArrayList.forEach(ArrayList.java:1511) [?:?]
	at org.testng.TestRunner.privateRun(TestRunner.java:848) [testng-7.8.0.jar:7.8.0]
	at org.testng.TestRunner.run(TestRunner.java:621) [testng-7.8.0.jar:7.8.0]
	at org.testng.SuiteRunner.runTest(SuiteRunner.java:443) [testng-7.8.0.jar:7.8.0]
	at org.testng.SuiteRunner.runSequentially(SuiteRunner.java:437) [testng-7.8.0.jar:7.8.0]
	at org.testng.SuiteRunner.privateRun(SuiteRunner.java:397) [testng-7.8.0.jar:7.8.0]
	at org.testng.SuiteRunner.run(SuiteRunner.java:336) [testng-7.8.0.jar:7.8.0]
	at org.testng.SuiteRunnerWorker.runSuite(SuiteRunnerWorker.java:52) [testng-7.8.0.jar:7.8.0]
	at org.testng.SuiteRunnerWorker.run(SuiteRunnerWorker.java:95) [testng-7.8.0.jar:7.8.0]
	at org.testng.TestNG.runSuitesSequentially(TestNG.java:1280) [testng-7.8.0.jar:7.8.0]
	at org.testng.TestNG.runSuitesLocally(TestNG.java:1200) [testng-7.8.0.jar:7.8.0]
	at org.testng.TestNG.runSuites(TestNG.java:1114) [testng-7.8.0.jar:7.8.0]
	at org.testng.TestNG.run(TestNG.java:1082) [testng-7.8.0.jar:7.8.0]
	at org.apache.maven.surefire.testng.TestNGExecutor.run(TestNGExecutor.java:308) [surefire-testng-3.5.2.jar:3.5.2]
	at org.apache.maven.surefire.testng.TestNGXmlTestSuite.execute(TestNGXmlTestSuite.java:71) [surefire-testng-3.5.2.jar:3.5.2]
	at org.apache.maven.surefire.testng.TestNGProvider.invoke(TestNGProvider.java:113) [surefire-testng-3.5.2.jar:3.5.2]
	at org.apache.maven.surefire.booter.ForkedBooter.runSuitesInProcess(ForkedBooter.java:385) [surefire-booter-3.5.2.jar:3.5.2]
	at org.apache.maven.surefire.booter.ForkedBooter.execute(ForkedBooter.java:162) [surefire-booter-3.5.2.jar:3.5.2]
	at org.apache.maven.surefire.booter.ForkedBooter.run(ForkedBooter.java:507) [surefire-booter-3.5.2.jar:3.5.2]
	at org.apache.maven.surefire.booter.ForkedBooter.main(ForkedBooter.java:495) [surefire-booter-3.5.2.jar:3.5.2]
03-12-2024 10:29:09.889 [main] DEBUG - areFieldsNotEmpty = true
03-12-2024 10:29:09.889 [main] DEBUG - areFieldsEmpty = true
03-12-2024 10:29:09.893 [main] DEBUG - No alert present. Checking mandatory fields.
03-12-2024 10:29:09.919 [main] DEBUG - Mandatory fields are missing or invalid.
03-12-2024 10:29:09.936 [main] DEBUG - Test parameters - FirstName: Ishita, LastName: , ZipCode: A234wd, AlertText: Customer added successfully, RunMode: Y
03-12-2024 10:29:10.003 [main] DEBUG - Add Customer button clicked
03-12-2024 10:29:10.008 [main] DEBUG - Navigated to Add Customer page
03-12-2024 10:29:10.341 [main] DEBUG - Add Customer button clicked
03-12-2024 10:29:10.344 [main] DEBUG - No alert present. Checking mandatory fields.
03-12-2024 10:29:10.406 [main] DEBUG - Mandatory fields are missing or invalid.
03-12-2024 10:29:10.426 [main] DEBUG - Test parameters - FirstName: , LastName: Sehgal, ZipCode: A234wd, AlertText: Customer added successfully, RunMode: Y
03-12-2024 10:29:10.494 [main] DEBUG - Add Customer button clicked
03-12-2024 10:29:10.498 [main] DEBUG - Navigated to Add Customer page
03-12-2024 10:29:10.821 [main] DEBUG - Add Customer button clicked
03-12-2024 10:29:10.824 [main] DEBUG - No alert present. Checking mandatory fields.
03-12-2024 10:29:10.849 [main] DEBUG - Mandatory fields are missing or invalid.
03-12-2024 10:29:10.870 [main] DEBUG - Test parameters - FirstName: Shivkumar, LastName: Konnuri, ZipCode: , AlertText: Customer added successfully, RunMode: Y
03-12-2024 10:29:10.945 [main] DEBUG - Add Customer button clicked
03-12-2024 10:29:10.951 [main] DEBUG - Navigated to Add Customer page
03-12-2024 10:29:11.265 [main] DEBUG - Add Customer button clicked
03-12-2024 10:29:11.267 [main] DEBUG - No alert present. Checking mandatory fields.
03-12-2024 10:29:11.339 [main] DEBUG - Mandatory fields are missing or invalid.
03-12-2024 10:29:11.356 [main] DEBUG - Test parameters - FirstName: Shivkumar, LastName: , ZipCode: , AlertText: Customer added successfully, RunMode: Y
03-12-2024 10:29:11.422 [main] DEBUG - Add Customer button clicked
03-12-2024 10:29:11.427 [main] DEBUG - Navigated to Add Customer page
03-12-2024 10:29:11.749 [main] DEBUG - Add Customer button clicked
03-12-2024 10:29:11.751 [main] DEBUG - No alert present. Checking mandatory fields.
03-12-2024 10:29:11.797 [main] DEBUG - Mandatory fields are missing or invalid.
03-12-2024 10:29:11.817 [main] DEBUG - Test parameters - FirstName: , LastName: , ZipCode: 123456.0, AlertText: Customer added successfully, RunMode: Y
03-12-2024 10:29:11.895 [main] DEBUG - Add Customer button clicked
03-12-2024 10:29:11.900 [main] DEBUG - Navigated to Add Customer page
03-12-2024 10:29:12.227 [main] DEBUG - Add Customer button clicked
03-12-2024 10:29:12.229 [main] DEBUG - No alert present. Checking mandatory fields.
03-12-2024 10:29:12.261 [main] DEBUG - Mandatory fields are missing or invalid.
03-12-2024 10:29:12.279 [main] DEBUG - Test parameters - FirstName: , LastName: Konnuri, ZipCode: , AlertText: Customer added successfully, RunMode: Y
03-12-2024 10:29:12.361 [main] DEBUG - Add Customer button clicked
03-12-2024 10:29:12.365 [main] DEBUG - Navigated to Add Customer page
03-12-2024 10:29:12.700 [main] DEBUG - Add Customer button clicked
03-12-2024 10:29:12.704 [main] DEBUG - No alert present. Checking mandatory fields.
03-12-2024 10:29:12.739 [main] DEBUG - Mandatory fields are missing or invalid.
03-12-2024 10:29:12.756 [main] DEBUG - Test parameters - FirstName: , LastName: , ZipCode: , AlertText: Customer added successfully, RunMode: Y
03-12-2024 10:29:12.815 [main] DEBUG - Add Customer button clicked
03-12-2024 10:29:12.820 [main] DEBUG - Navigated to Add Customer page
03-12-2024 10:29:13.117 [main] DEBUG - Add Customer button clicked
03-12-2024 10:29:13.119 [main] DEBUG - No alert present. Checking mandatory fields.
03-12-2024 10:29:13.144 [main] DEBUG - Mandatory fields are missing or invalid.
03-12-2024 10:29:13.157 [main] DEBUG - Test parameters - FirstName: Shiv, LastName: Konnuri, ZipCode: 123456.0, AlertText: Customer added successfully, RunMode: N
03-12-2024 10:29:13.226 [main] DEBUG - Add Customer button clicked
03-12-2024 10:29:13.229 [main] DEBUG - Navigated to Add Customer page
03-12-2024 10:29:13.549 [main] DEBUG - Add Customer button clicked
03-12-2024 10:29:13.553 [main] INFO  - Alert detected: Customer added successfully with customer id :8
03-12-2024 10:29:13.553 [main] INFO  - actualAlertText = true
03-12-2024 10:29:13.558 [main] DEBUG - Error while checking if text is empty for locator: firstNameInput
org.openqa.selenium.UnhandledAlertException: unexpected alert open: {Alert text : Customer added successfully with customer id :8}
  (Session info: chrome=131.0.6778.86): Customer added successfully with customer id :8
Build info: version: '4.23.0', revision: '4df0a231af'
System info: os.name: 'Windows 10', os.arch: 'amd64', os.version: '10.0', java.version: '17.0.11'
Driver info: org.openqa.selenium.chrome.ChromeDriver
Command: [0e78a5bae556fbffeed6a3b1ab96ecc0, findElement {using=css selector, value=input[ng-model='fName']}]
Capabilities {acceptInsecureCerts: false, browserName: chrome, browserVersion: 131.0.6778.86, chrome: {chromedriverVersion: 131.0.6778.85 (3d81e41b6f3a..., userDataDir: C:\Users\SHIVKU~1.K\AppData...}, fedcm:accounts: true, goog:chromeOptions: {debuggerAddress: localhost:55950}, networkConnectionEnabled: false, pageLoadStrategy: normal, platformName: windows, proxy: Proxy(), se:cdp: ws://localhost:55950/devtoo..., se:cdpVersion: 131.0.6778.86, setWindowRect: true, strictFileInteractability: false, timeouts: {implicit: 0, pageLoad: 300000, script: 30000}, unhandledPromptBehavior: dismiss and notify, webauthn:extension:credBlob: true, webauthn:extension:largeBlob: true, webauthn:extension:minPinLength: true, webauthn:extension:prf: true, webauthn:virtualAuthenticators: true}
Session ID: 0e78a5bae556fbffeed6a3b1ab96ecc0
	at org.openqa.selenium.remote.codec.w3c.W3CHttpResponseCodec.decode(W3CHttpResponseCodec.java:136) ~[selenium-remote-driver-4.23.0.jar:?]
	at org.openqa.selenium.remote.codec.w3c.W3CHttpResponseCodec.decode(W3CHttpResponseCodec.java:50) ~[selenium-remote-driver-4.23.0.jar:?]
	at org.openqa.selenium.remote.HttpCommandExecutor.execute(HttpCommandExecutor.java:190) ~[selenium-remote-driver-4.23.0.jar:?]
	at org.openqa.selenium.remote.service.DriverCommandExecutor.invokeExecute(DriverCommandExecutor.java:216) ~[selenium-remote-driver-4.23.0.jar:?]
	at org.openqa.selenium.remote.service.DriverCommandExecutor.execute(DriverCommandExecutor.java:174) ~[selenium-remote-driver-4.23.0.jar:?]
	at org.openqa.selenium.remote.RemoteWebDriver.execute(RemoteWebDriver.java:527) ~[selenium-remote-driver-4.23.0.jar:?]
	at org.openqa.selenium.remote.ElementLocation$ElementFinder$2.findElement(ElementLocation.java:165) ~[selenium-remote-driver-4.23.0.jar:?]
	at org.openqa.selenium.remote.ElementLocation.findElement(ElementLocation.java:59) ~[selenium-remote-driver-4.23.0.jar:?]
	at org.openqa.selenium.remote.RemoteWebDriver.findElement(RemoteWebDriver.java:357) ~[selenium-remote-driver-4.23.0.jar:?]
	at org.openqa.selenium.remote.RemoteWebDriver.findElement(RemoteWebDriver.java:351) ~[selenium-remote-driver-4.23.0.jar:?]
	at org.openqa.selenium.support.ui.ExpectedConditions$7.apply(ExpectedConditions.java:194) ~[selenium-support-4.23.0.jar:?]
	at org.openqa.selenium.support.ui.ExpectedConditions$7.apply(ExpectedConditions.java:190) ~[selenium-support-4.23.0.jar:?]
	at org.openqa.selenium.support.ui.ExpectedConditions$22.apply(ExpectedConditions.java:627) ~[selenium-support-4.23.0.jar:?]
	at org.openqa.selenium.support.ui.ExpectedConditions$22.apply(ExpectedConditions.java:624) ~[selenium-support-4.23.0.jar:?]
	at org.openqa.selenium.support.ui.FluentWait.until(FluentWait.java:203) ~[selenium-support-4.23.0.jar:?]
	at com.shiv.common.BaseSetup.isTextEmpty(BaseSetup.java:145) ~[test-classes/:?]
	at com.shiv.testcases.AddCustomerTest.addCustomerTest(AddCustomerTest.java:45) ~[test-classes/:?]
	at java.base/jdk.internal.reflect.NativeMethodAccessorImpl.invoke0(Native Method) ~[?:?]
	at java.base/jdk.internal.reflect.NativeMethodAccessorImpl.invoke(NativeMethodAccessorImpl.java:77) ~[?:?]
	at java.base/jdk.internal.reflect.DelegatingMethodAccessorImpl.invoke(DelegatingMethodAccessorImpl.java:43) ~[?:?]
	at java.base/java.lang.reflect.Method.invoke(Method.java:568) ~[?:?]
	at org.testng.internal.invokers.MethodInvocationHelper.invokeMethod(MethodInvocationHelper.java:139) ~[testng-7.8.0.jar:7.8.0]
	at org.testng.internal.invokers.TestInvoker.invokeMethod(TestInvoker.java:664) ~[testng-7.8.0.jar:7.8.0]
	at org.testng.internal.invokers.TestInvoker.invokeTestMethod(TestInvoker.java:227) ~[testng-7.8.0.jar:7.8.0]
	at org.testng.internal.invokers.MethodRunner.runInSequence(MethodRunner.java:50) ~[testng-7.8.0.jar:7.8.0]
	at org.testng.internal.invokers.TestInvoker$MethodInvocationAgent.invoke(TestInvoker.java:957) ~[testng-7.8.0.jar:7.8.0]
	at org.testng.internal.invokers.TestInvoker.invokeTestMethods(TestInvoker.java:200) ~[testng-7.8.0.jar:7.8.0]
	at org.testng.internal.invokers.TestMethodWorker.invokeTestMethods(TestMethodWorker.java:148) ~[testng-7.8.0.jar:7.8.0]
	at org.testng.internal.invokers.TestMethodWorker.run(TestMethodWorker.java:128) ~[testng-7.8.0.jar:7.8.0]
	at java.base/java.util.ArrayList.forEach(ArrayList.java:1511) [?:?]
	at org.testng.TestRunner.privateRun(TestRunner.java:848) [testng-7.8.0.jar:7.8.0]
	at org.testng.TestRunner.run(TestRunner.java:621) [testng-7.8.0.jar:7.8.0]
	at org.testng.SuiteRunner.runTest(SuiteRunner.java:443) [testng-7.8.0.jar:7.8.0]
	at org.testng.SuiteRunner.runSequentially(SuiteRunner.java:437) [testng-7.8.0.jar:7.8.0]
	at org.testng.SuiteRunner.privateRun(SuiteRunner.java:397) [testng-7.8.0.jar:7.8.0]
	at org.testng.SuiteRunner.run(SuiteRunner.java:336) [testng-7.8.0.jar:7.8.0]
	at org.testng.SuiteRunnerWorker.runSuite(SuiteRunnerWorker.java:52) [testng-7.8.0.jar:7.8.0]
	at org.testng.SuiteRunnerWorker.run(SuiteRunnerWorker.java:95) [testng-7.8.0.jar:7.8.0]
	at org.testng.TestNG.runSuitesSequentially(TestNG.java:1280) [testng-7.8.0.jar:7.8.0]
	at org.testng.TestNG.runSuitesLocally(TestNG.java:1200) [testng-7.8.0.jar:7.8.0]
	at org.testng.TestNG.runSuites(TestNG.java:1114) [testng-7.8.0.jar:7.8.0]
	at org.testng.TestNG.run(TestNG.java:1082) [testng-7.8.0.jar:7.8.0]
	at org.apache.maven.surefire.testng.TestNGExecutor.run(TestNGExecutor.java:308) [surefire-testng-3.5.2.jar:3.5.2]
	at org.apache.maven.surefire.testng.TestNGXmlTestSuite.execute(TestNGXmlTestSuite.java:71) [surefire-testng-3.5.2.jar:3.5.2]
	at org.apache.maven.surefire.testng.TestNGProvider.invoke(TestNGProvider.java:113) [surefire-testng-3.5.2.jar:3.5.2]
	at org.apache.maven.surefire.booter.ForkedBooter.runSuitesInProcess(ForkedBooter.java:385) [surefire-booter-3.5.2.jar:3.5.2]
	at org.apache.maven.surefire.booter.ForkedBooter.execute(ForkedBooter.java:162) [surefire-booter-3.5.2.jar:3.5.2]
	at org.apache.maven.surefire.booter.ForkedBooter.run(ForkedBooter.java:507) [surefire-booter-3.5.2.jar:3.5.2]
	at org.apache.maven.surefire.booter.ForkedBooter.main(ForkedBooter.java:495) [surefire-booter-3.5.2.jar:3.5.2]
03-12-2024 10:29:13.653 [main] DEBUG - areFieldsNotEmpty = true
03-12-2024 10:29:13.653 [main] DEBUG - areFieldsEmpty = true
03-12-2024 10:29:13.657 [main] DEBUG - No alert present. Checking mandatory fields.
03-12-2024 10:29:13.682 [main] DEBUG - Mandatory fields are missing or invalid.
03-12-2024 10:29:13.705 [main] DEBUG - Test parameters - FirstName:   , LastName:        , ZipCode:         , AlertText: Customer added successfully, RunMode: Y
03-12-2024 10:29:13.775 [main] DEBUG - Add Customer button clicked
03-12-2024 10:29:13.779 [main] DEBUG - Navigated to Add Customer page
03-12-2024 10:29:14.118 [main] DEBUG - Add Customer button clicked
03-12-2024 10:29:14.121 [main] INFO  - Alert detected: Please check the details. Customer may be duplicate.
03-12-2024 10:29:14.121 [main] INFO  - actualAlertText = false
03-12-2024 10:29:14.127 [main] DEBUG - Error while checking if text is empty for locator: firstNameInput
org.openqa.selenium.UnhandledAlertException: unexpected alert open: {Alert text : Please check the details. Customer may be duplicate.}
  (Session info: chrome=131.0.6778.86): Please check the details. Customer may be duplicate.
Build info: version: '4.23.0', revision: '4df0a231af'
System info: os.name: 'Windows 10', os.arch: 'amd64', os.version: '10.0', java.version: '17.0.11'
Driver info: org.openqa.selenium.chrome.ChromeDriver
Command: [0e78a5bae556fbffeed6a3b1ab96ecc0, findElement {using=css selector, value=input[ng-model='fName']}]
Capabilities {acceptInsecureCerts: false, browserName: chrome, browserVersion: 131.0.6778.86, chrome: {chromedriverVersion: 131.0.6778.85 (3d81e41b6f3a..., userDataDir: C:\Users\SHIVKU~1.K\AppData...}, fedcm:accounts: true, goog:chromeOptions: {debuggerAddress: localhost:55950}, networkConnectionEnabled: false, pageLoadStrategy: normal, platformName: windows, proxy: Proxy(), se:cdp: ws://localhost:55950/devtoo..., se:cdpVersion: 131.0.6778.86, setWindowRect: true, strictFileInteractability: false, timeouts: {implicit: 0, pageLoad: 300000, script: 30000}, unhandledPromptBehavior: dismiss and notify, webauthn:extension:credBlob: true, webauthn:extension:largeBlob: true, webauthn:extension:minPinLength: true, webauthn:extension:prf: true, webauthn:virtualAuthenticators: true}
Session ID: 0e78a5bae556fbffeed6a3b1ab96ecc0
	at org.openqa.selenium.remote.codec.w3c.W3CHttpResponseCodec.decode(W3CHttpResponseCodec.java:136) ~[selenium-remote-driver-4.23.0.jar:?]
	at org.openqa.selenium.remote.codec.w3c.W3CHttpResponseCodec.decode(W3CHttpResponseCodec.java:50) ~[selenium-remote-driver-4.23.0.jar:?]
	at org.openqa.selenium.remote.HttpCommandExecutor.execute(HttpCommandExecutor.java:190) ~[selenium-remote-driver-4.23.0.jar:?]
	at org.openqa.selenium.remote.service.DriverCommandExecutor.invokeExecute(DriverCommandExecutor.java:216) ~[selenium-remote-driver-4.23.0.jar:?]
	at org.openqa.selenium.remote.service.DriverCommandExecutor.execute(DriverCommandExecutor.java:174) ~[selenium-remote-driver-4.23.0.jar:?]
	at org.openqa.selenium.remote.RemoteWebDriver.execute(RemoteWebDriver.java:527) ~[selenium-remote-driver-4.23.0.jar:?]
	at org.openqa.selenium.remote.ElementLocation$ElementFinder$2.findElement(ElementLocation.java:165) ~[selenium-remote-driver-4.23.0.jar:?]
	at org.openqa.selenium.remote.ElementLocation.findElement(ElementLocation.java:59) ~[selenium-remote-driver-4.23.0.jar:?]
	at org.openqa.selenium.remote.RemoteWebDriver.findElement(RemoteWebDriver.java:357) ~[selenium-remote-driver-4.23.0.jar:?]
	at org.openqa.selenium.remote.RemoteWebDriver.findElement(RemoteWebDriver.java:351) ~[selenium-remote-driver-4.23.0.jar:?]
	at org.openqa.selenium.support.ui.ExpectedConditions$7.apply(ExpectedConditions.java:194) ~[selenium-support-4.23.0.jar:?]
	at org.openqa.selenium.support.ui.ExpectedConditions$7.apply(ExpectedConditions.java:190) ~[selenium-support-4.23.0.jar:?]
	at org.openqa.selenium.support.ui.ExpectedConditions$22.apply(ExpectedConditions.java:627) ~[selenium-support-4.23.0.jar:?]
	at org.openqa.selenium.support.ui.ExpectedConditions$22.apply(ExpectedConditions.java:624) ~[selenium-support-4.23.0.jar:?]
	at org.openqa.selenium.support.ui.FluentWait.until(FluentWait.java:203) ~[selenium-support-4.23.0.jar:?]
	at com.shiv.common.BaseSetup.isTextEmpty(BaseSetup.java:145) ~[test-classes/:?]
	at com.shiv.testcases.AddCustomerTest.addCustomerTest(AddCustomerTest.java:45) ~[test-classes/:?]
	at java.base/jdk.internal.reflect.NativeMethodAccessorImpl.invoke0(Native Method) ~[?:?]
	at java.base/jdk.internal.reflect.NativeMethodAccessorImpl.invoke(NativeMethodAccessorImpl.java:77) ~[?:?]
	at java.base/jdk.internal.reflect.DelegatingMethodAccessorImpl.invoke(DelegatingMethodAccessorImpl.java:43) ~[?:?]
	at java.base/java.lang.reflect.Method.invoke(Method.java:568) ~[?:?]
	at org.testng.internal.invokers.MethodInvocationHelper.invokeMethod(MethodInvocationHelper.java:139) ~[testng-7.8.0.jar:7.8.0]
	at org.testng.internal.invokers.TestInvoker.invokeMethod(TestInvoker.java:664) ~[testng-7.8.0.jar:7.8.0]
	at org.testng.internal.invokers.TestInvoker.invokeTestMethod(TestInvoker.java:227) ~[testng-7.8.0.jar:7.8.0]
	at org.testng.internal.invokers.MethodRunner.runInSequence(MethodRunner.java:50) ~[testng-7.8.0.jar:7.8.0]
	at org.testng.internal.invokers.TestInvoker$MethodInvocationAgent.invoke(TestInvoker.java:957) ~[testng-7.8.0.jar:7.8.0]
	at org.testng.internal.invokers.TestInvoker.invokeTestMethods(TestInvoker.java:200) ~[testng-7.8.0.jar:7.8.0]
	at org.testng.internal.invokers.TestMethodWorker.invokeTestMethods(TestMethodWorker.java:148) ~[testng-7.8.0.jar:7.8.0]
	at org.testng.internal.invokers.TestMethodWorker.run(TestMethodWorker.java:128) ~[testng-7.8.0.jar:7.8.0]
	at java.base/java.util.ArrayList.forEach(ArrayList.java:1511) [?:?]
	at org.testng.TestRunner.privateRun(TestRunner.java:848) [testng-7.8.0.jar:7.8.0]
	at org.testng.TestRunner.run(TestRunner.java:621) [testng-7.8.0.jar:7.8.0]
	at org.testng.SuiteRunner.runTest(SuiteRunner.java:443) [testng-7.8.0.jar:7.8.0]
	at org.testng.SuiteRunner.runSequentially(SuiteRunner.java:437) [testng-7.8.0.jar:7.8.0]
	at org.testng.SuiteRunner.privateRun(SuiteRunner.java:397) [testng-7.8.0.jar:7.8.0]
	at org.testng.SuiteRunner.run(SuiteRunner.java:336) [testng-7.8.0.jar:7.8.0]
	at org.testng.SuiteRunnerWorker.runSuite(SuiteRunnerWorker.java:52) [testng-7.8.0.jar:7.8.0]
	at org.testng.SuiteRunnerWorker.run(SuiteRunnerWorker.java:95) [testng-7.8.0.jar:7.8.0]
	at org.testng.TestNG.runSuitesSequentially(TestNG.java:1280) [testng-7.8.0.jar:7.8.0]
	at org.testng.TestNG.runSuitesLocally(TestNG.java:1200) [testng-7.8.0.jar:7.8.0]
	at org.testng.TestNG.runSuites(TestNG.java:1114) [testng-7.8.0.jar:7.8.0]
	at org.testng.TestNG.run(TestNG.java:1082) [testng-7.8.0.jar:7.8.0]
	at org.apache.maven.surefire.testng.TestNGExecutor.run(TestNGExecutor.java:308) [surefire-testng-3.5.2.jar:3.5.2]
	at org.apache.maven.surefire.testng.TestNGXmlTestSuite.execute(TestNGXmlTestSuite.java:71) [surefire-testng-3.5.2.jar:3.5.2]
	at org.apache.maven.surefire.testng.TestNGProvider.invoke(TestNGProvider.java:113) [surefire-testng-3.5.2.jar:3.5.2]
	at org.apache.maven.surefire.booter.ForkedBooter.runSuitesInProcess(ForkedBooter.java:385) [surefire-booter-3.5.2.jar:3.5.2]
	at org.apache.maven.surefire.booter.ForkedBooter.execute(ForkedBooter.java:162) [surefire-booter-3.5.2.jar:3.5.2]
	at org.apache.maven.surefire.booter.ForkedBooter.run(ForkedBooter.java:507) [surefire-booter-3.5.2.jar:3.5.2]
	at org.apache.maven.surefire.booter.ForkedBooter.main(ForkedBooter.java:495) [surefire-booter-3.5.2.jar:3.5.2]
03-12-2024 10:29:14.212 [main] DEBUG - areFieldsNotEmpty = true
03-12-2024 10:29:14.213 [main] DEBUG - areFieldsEmpty = true
03-12-2024 10:29:14.216 [main] DEBUG - No alert present. Checking mandatory fields.
03-12-2024 10:29:14.242 [main] DEBUG - Mandatory fields are missing or invalid.
03-12-2024 10:29:14.259 [main] DEBUG - Test parameters - FirstName: , LastName: , ZipCode: , AlertText: Please check the details, RunMode: Y
03-12-2024 10:29:14.333 [main] DEBUG - Add Customer button clicked
03-12-2024 10:29:14.340 [main] DEBUG - Navigated to Add Customer page
03-12-2024 10:29:14.655 [main] DEBUG - Add Customer button clicked
03-12-2024 10:29:14.658 [main] DEBUG - No alert present. Checking mandatory fields.
03-12-2024 10:29:14.681 [main] DEBUG - Mandatory fields are missing or invalid.
03-12-2024 10:29:20.596 [main] DEBUG - No alert present. Checking mandatory fields.
03-12-2024 10:29:20.618 [main] DEBUG - Mandatory fields are missing or invalid.
03-12-2024 10:35:00.571 [main] DEBUG - config.properties file loaded
03-12-2024 10:35:00.574 [main] DEBUG - OR.properties file loaded
03-12-2024 10:35:02.358 [main] DEBUG - Chrome browser launched
03-12-2024 10:35:03.549 [main] DEBUG - Navigated to URL: https://way2automation.com/angularjs-protractor/banking/#/login
03-12-2024 10:35:03.573 [main] DEBUG - Browser window maximized
03-12-2024 10:35:03.909 [main] DEBUG - Manager Login Button clicked
03-12-2024 10:35:08.941 [main] DEBUG - Logged in url validated
03-12-2024 10:35:08.960 [main] DEBUG - Add Customer Button is present
03-12-2024 10:35:08.961 [main] DEBUG - Manager Logged in Succcessfully
03-12-2024 10:35:10.009 [main] DEBUG - Test parameters - FirstName: Raman, LastName: Arora, ZipCode: A234wd, AlertText: Customer added successfully, RunMode: Y
03-12-2024 10:35:10.085 [main] DEBUG - Add Customer button clicked
03-12-2024 10:35:15.104 [main] DEBUG - Navigated to Add Customer page
03-12-2024 10:35:15.532 [main] DEBUG - Add Customer button clicked
03-12-2024 10:35:15.537 [main] INFO  - Alert detected: Customer added successfully with customer id :6
03-12-2024 10:35:15.538 [main] INFO  - actualAlertText = true
03-12-2024 10:35:15.552 [main] DEBUG - Error while checking if text is empty for locator: firstNameInput
org.openqa.selenium.UnhandledAlertException: unexpected alert open: {Alert text : Customer added successfully with customer id :6}
  (Session info: chrome=131.0.6778.86): Customer added successfully with customer id :6
Build info: version: '4.23.0', revision: '4df0a231af'
System info: os.name: 'Windows 10', os.arch: 'amd64', os.version: '10.0', java.version: '17.0.11'
Driver info: org.openqa.selenium.chrome.ChromeDriver
Command: [d887c9423ab570f2297a5b822bdd7ac8, findElement {using=css selector, value=input[ng-model='fName']}]
Capabilities {acceptInsecureCerts: false, browserName: chrome, browserVersion: 131.0.6778.86, chrome: {chromedriverVersion: 131.0.6778.85 (3d81e41b6f3a..., userDataDir: C:\Users\SHIVKU~1.K\AppData...}, fedcm:accounts: true, goog:chromeOptions: {debuggerAddress: localhost:56464}, networkConnectionEnabled: false, pageLoadStrategy: normal, platformName: windows, proxy: Proxy(), se:cdp: ws://localhost:56464/devtoo..., se:cdpVersion: 131.0.6778.86, setWindowRect: true, strictFileInteractability: false, timeouts: {implicit: 0, pageLoad: 300000, script: 30000}, unhandledPromptBehavior: dismiss and notify, webauthn:extension:credBlob: true, webauthn:extension:largeBlob: true, webauthn:extension:minPinLength: true, webauthn:extension:prf: true, webauthn:virtualAuthenticators: true}
Session ID: d887c9423ab570f2297a5b822bdd7ac8
	at org.openqa.selenium.remote.codec.w3c.W3CHttpResponseCodec.decode(W3CHttpResponseCodec.java:136) ~[selenium-remote-driver-4.23.0.jar:?]
	at org.openqa.selenium.remote.codec.w3c.W3CHttpResponseCodec.decode(W3CHttpResponseCodec.java:50) ~[selenium-remote-driver-4.23.0.jar:?]
	at org.openqa.selenium.remote.HttpCommandExecutor.execute(HttpCommandExecutor.java:190) ~[selenium-remote-driver-4.23.0.jar:?]
	at org.openqa.selenium.remote.service.DriverCommandExecutor.invokeExecute(DriverCommandExecutor.java:216) ~[selenium-remote-driver-4.23.0.jar:?]
	at org.openqa.selenium.remote.service.DriverCommandExecutor.execute(DriverCommandExecutor.java:174) ~[selenium-remote-driver-4.23.0.jar:?]
	at org.openqa.selenium.remote.RemoteWebDriver.execute(RemoteWebDriver.java:527) ~[selenium-remote-driver-4.23.0.jar:?]
	at org.openqa.selenium.remote.ElementLocation$ElementFinder$2.findElement(ElementLocation.java:165) ~[selenium-remote-driver-4.23.0.jar:?]
	at org.openqa.selenium.remote.ElementLocation.findElement(ElementLocation.java:59) ~[selenium-remote-driver-4.23.0.jar:?]
	at org.openqa.selenium.remote.RemoteWebDriver.findElement(RemoteWebDriver.java:357) ~[selenium-remote-driver-4.23.0.jar:?]
	at org.openqa.selenium.remote.RemoteWebDriver.findElement(RemoteWebDriver.java:351) ~[selenium-remote-driver-4.23.0.jar:?]
	at org.openqa.selenium.support.ui.ExpectedConditions$7.apply(ExpectedConditions.java:194) ~[selenium-support-4.23.0.jar:?]
	at org.openqa.selenium.support.ui.ExpectedConditions$7.apply(ExpectedConditions.java:190) ~[selenium-support-4.23.0.jar:?]
	at org.openqa.selenium.support.ui.ExpectedConditions$22.apply(ExpectedConditions.java:627) ~[selenium-support-4.23.0.jar:?]
	at org.openqa.selenium.support.ui.ExpectedConditions$22.apply(ExpectedConditions.java:624) ~[selenium-support-4.23.0.jar:?]
	at org.openqa.selenium.support.ui.FluentWait.until(FluentWait.java:203) ~[selenium-support-4.23.0.jar:?]
	at com.shiv.common.BaseSetup.isTextEmpty(BaseSetup.java:145) ~[test-classes/:?]
	at com.shiv.testcases.AddCustomerTest.addCustomerTest(AddCustomerTest.java:45) ~[test-classes/:?]
	at java.base/jdk.internal.reflect.NativeMethodAccessorImpl.invoke0(Native Method) ~[?:?]
	at java.base/jdk.internal.reflect.NativeMethodAccessorImpl.invoke(NativeMethodAccessorImpl.java:77) ~[?:?]
	at java.base/jdk.internal.reflect.DelegatingMethodAccessorImpl.invoke(DelegatingMethodAccessorImpl.java:43) ~[?:?]
	at java.base/java.lang.reflect.Method.invoke(Method.java:568) ~[?:?]
	at org.testng.internal.invokers.MethodInvocationHelper.invokeMethod(MethodInvocationHelper.java:139) ~[testng-7.8.0.jar:7.8.0]
	at org.testng.internal.invokers.TestInvoker.invokeMethod(TestInvoker.java:664) ~[testng-7.8.0.jar:7.8.0]
	at org.testng.internal.invokers.TestInvoker.invokeTestMethod(TestInvoker.java:227) ~[testng-7.8.0.jar:7.8.0]
	at org.testng.internal.invokers.MethodRunner.runInSequence(MethodRunner.java:50) ~[testng-7.8.0.jar:7.8.0]
	at org.testng.internal.invokers.TestInvoker$MethodInvocationAgent.invoke(TestInvoker.java:957) ~[testng-7.8.0.jar:7.8.0]
	at org.testng.internal.invokers.TestInvoker.invokeTestMethods(TestInvoker.java:200) ~[testng-7.8.0.jar:7.8.0]
	at org.testng.internal.invokers.TestMethodWorker.invokeTestMethods(TestMethodWorker.java:148) ~[testng-7.8.0.jar:7.8.0]
	at org.testng.internal.invokers.TestMethodWorker.run(TestMethodWorker.java:128) ~[testng-7.8.0.jar:7.8.0]
	at java.base/java.util.ArrayList.forEach(ArrayList.java:1511) [?:?]
	at org.testng.TestRunner.privateRun(TestRunner.java:848) [testng-7.8.0.jar:7.8.0]
	at org.testng.TestRunner.run(TestRunner.java:621) [testng-7.8.0.jar:7.8.0]
	at org.testng.SuiteRunner.runTest(SuiteRunner.java:443) [testng-7.8.0.jar:7.8.0]
	at org.testng.SuiteRunner.runSequentially(SuiteRunner.java:437) [testng-7.8.0.jar:7.8.0]
	at org.testng.SuiteRunner.privateRun(SuiteRunner.java:397) [testng-7.8.0.jar:7.8.0]
	at org.testng.SuiteRunner.run(SuiteRunner.java:336) [testng-7.8.0.jar:7.8.0]
	at org.testng.SuiteRunnerWorker.runSuite(SuiteRunnerWorker.java:52) [testng-7.8.0.jar:7.8.0]
	at org.testng.SuiteRunnerWorker.run(SuiteRunnerWorker.java:95) [testng-7.8.0.jar:7.8.0]
	at org.testng.TestNG.runSuitesSequentially(TestNG.java:1280) [testng-7.8.0.jar:7.8.0]
	at org.testng.TestNG.runSuitesLocally(TestNG.java:1200) [testng-7.8.0.jar:7.8.0]
	at org.testng.TestNG.runSuites(TestNG.java:1114) [testng-7.8.0.jar:7.8.0]
	at org.testng.TestNG.run(TestNG.java:1082) [testng-7.8.0.jar:7.8.0]
	at org.apache.maven.surefire.testng.TestNGExecutor.run(TestNGExecutor.java:308) [surefire-testng-3.5.2.jar:3.5.2]
	at org.apache.maven.surefire.testng.TestNGXmlTestSuite.execute(TestNGXmlTestSuite.java:71) [surefire-testng-3.5.2.jar:3.5.2]
	at org.apache.maven.surefire.testng.TestNGProvider.invoke(TestNGProvider.java:113) [surefire-testng-3.5.2.jar:3.5.2]
	at org.apache.maven.surefire.booter.ForkedBooter.runSuitesInProcess(ForkedBooter.java:385) [surefire-booter-3.5.2.jar:3.5.2]
	at org.apache.maven.surefire.booter.ForkedBooter.execute(ForkedBooter.java:162) [surefire-booter-3.5.2.jar:3.5.2]
	at org.apache.maven.surefire.booter.ForkedBooter.run(ForkedBooter.java:507) [surefire-booter-3.5.2.jar:3.5.2]
	at org.apache.maven.surefire.booter.ForkedBooter.main(ForkedBooter.java:495) [surefire-booter-3.5.2.jar:3.5.2]
03-12-2024 10:35:15.647 [main] DEBUG - areFieldsNotEmpty = true
03-12-2024 10:35:15.647 [main] DEBUG - areFieldsEmpty = true
03-12-2024 10:35:15.652 [main] DEBUG - No alert present. Checking mandatory fields.
03-12-2024 10:35:15.679 [main] DEBUG - Mandatory fields are missing or invalid.
03-12-2024 10:35:15.751 [main] DEBUG - Test parameters - FirstName: Shivkumar, LastName: Konnuri, ZipCode: 123456.0, AlertText: Customer added successfully, RunMode: Y
03-12-2024 10:35:15.846 [main] DEBUG - Add Customer button clicked
03-12-2024 10:35:15.854 [main] DEBUG - Navigated to Add Customer page
03-12-2024 10:35:16.242 [main] DEBUG - Add Customer button clicked
03-12-2024 10:35:16.245 [main] INFO  - Alert detected: Customer added successfully with customer id :7
03-12-2024 10:35:16.245 [main] INFO  - actualAlertText = true
03-12-2024 10:35:16.251 [main] DEBUG - Error while checking if text is empty for locator: firstNameInput
org.openqa.selenium.UnhandledAlertException: unexpected alert open: {Alert text : Customer added successfully with customer id :7}
  (Session info: chrome=131.0.6778.86): Customer added successfully with customer id :7
Build info: version: '4.23.0', revision: '4df0a231af'
System info: os.name: 'Windows 10', os.arch: 'amd64', os.version: '10.0', java.version: '17.0.11'
Driver info: org.openqa.selenium.chrome.ChromeDriver
Command: [d887c9423ab570f2297a5b822bdd7ac8, findElement {using=css selector, value=input[ng-model='fName']}]
Capabilities {acceptInsecureCerts: false, browserName: chrome, browserVersion: 131.0.6778.86, chrome: {chromedriverVersion: 131.0.6778.85 (3d81e41b6f3a..., userDataDir: C:\Users\SHIVKU~1.K\AppData...}, fedcm:accounts: true, goog:chromeOptions: {debuggerAddress: localhost:56464}, networkConnectionEnabled: false, pageLoadStrategy: normal, platformName: windows, proxy: Proxy(), se:cdp: ws://localhost:56464/devtoo..., se:cdpVersion: 131.0.6778.86, setWindowRect: true, strictFileInteractability: false, timeouts: {implicit: 0, pageLoad: 300000, script: 30000}, unhandledPromptBehavior: dismiss and notify, webauthn:extension:credBlob: true, webauthn:extension:largeBlob: true, webauthn:extension:minPinLength: true, webauthn:extension:prf: true, webauthn:virtualAuthenticators: true}
Session ID: d887c9423ab570f2297a5b822bdd7ac8
	at org.openqa.selenium.remote.codec.w3c.W3CHttpResponseCodec.decode(W3CHttpResponseCodec.java:136) ~[selenium-remote-driver-4.23.0.jar:?]
	at org.openqa.selenium.remote.codec.w3c.W3CHttpResponseCodec.decode(W3CHttpResponseCodec.java:50) ~[selenium-remote-driver-4.23.0.jar:?]
	at org.openqa.selenium.remote.HttpCommandExecutor.execute(HttpCommandExecutor.java:190) ~[selenium-remote-driver-4.23.0.jar:?]
	at org.openqa.selenium.remote.service.DriverCommandExecutor.invokeExecute(DriverCommandExecutor.java:216) ~[selenium-remote-driver-4.23.0.jar:?]
	at org.openqa.selenium.remote.service.DriverCommandExecutor.execute(DriverCommandExecutor.java:174) ~[selenium-remote-driver-4.23.0.jar:?]
	at org.openqa.selenium.remote.RemoteWebDriver.execute(RemoteWebDriver.java:527) ~[selenium-remote-driver-4.23.0.jar:?]
	at org.openqa.selenium.remote.ElementLocation$ElementFinder$2.findElement(ElementLocation.java:165) ~[selenium-remote-driver-4.23.0.jar:?]
	at org.openqa.selenium.remote.ElementLocation.findElement(ElementLocation.java:59) ~[selenium-remote-driver-4.23.0.jar:?]
	at org.openqa.selenium.remote.RemoteWebDriver.findElement(RemoteWebDriver.java:357) ~[selenium-remote-driver-4.23.0.jar:?]
	at org.openqa.selenium.remote.RemoteWebDriver.findElement(RemoteWebDriver.java:351) ~[selenium-remote-driver-4.23.0.jar:?]
	at org.openqa.selenium.support.ui.ExpectedConditions$7.apply(ExpectedConditions.java:194) ~[selenium-support-4.23.0.jar:?]
	at org.openqa.selenium.support.ui.ExpectedConditions$7.apply(ExpectedConditions.java:190) ~[selenium-support-4.23.0.jar:?]
	at org.openqa.selenium.support.ui.ExpectedConditions$22.apply(ExpectedConditions.java:627) ~[selenium-support-4.23.0.jar:?]
	at org.openqa.selenium.support.ui.ExpectedConditions$22.apply(ExpectedConditions.java:624) ~[selenium-support-4.23.0.jar:?]
	at org.openqa.selenium.support.ui.FluentWait.until(FluentWait.java:203) ~[selenium-support-4.23.0.jar:?]
	at com.shiv.common.BaseSetup.isTextEmpty(BaseSetup.java:145) ~[test-classes/:?]
	at com.shiv.testcases.AddCustomerTest.addCustomerTest(AddCustomerTest.java:45) ~[test-classes/:?]
	at java.base/jdk.internal.reflect.NativeMethodAccessorImpl.invoke0(Native Method) ~[?:?]
	at java.base/jdk.internal.reflect.NativeMethodAccessorImpl.invoke(NativeMethodAccessorImpl.java:77) ~[?:?]
	at java.base/jdk.internal.reflect.DelegatingMethodAccessorImpl.invoke(DelegatingMethodAccessorImpl.java:43) ~[?:?]
	at java.base/java.lang.reflect.Method.invoke(Method.java:568) ~[?:?]
	at org.testng.internal.invokers.MethodInvocationHelper.invokeMethod(MethodInvocationHelper.java:139) ~[testng-7.8.0.jar:7.8.0]
	at org.testng.internal.invokers.TestInvoker.invokeMethod(TestInvoker.java:664) ~[testng-7.8.0.jar:7.8.0]
	at org.testng.internal.invokers.TestInvoker.invokeTestMethod(TestInvoker.java:227) ~[testng-7.8.0.jar:7.8.0]
	at org.testng.internal.invokers.MethodRunner.runInSequence(MethodRunner.java:50) ~[testng-7.8.0.jar:7.8.0]
	at org.testng.internal.invokers.TestInvoker$MethodInvocationAgent.invoke(TestInvoker.java:957) ~[testng-7.8.0.jar:7.8.0]
	at org.testng.internal.invokers.TestInvoker.invokeTestMethods(TestInvoker.java:200) ~[testng-7.8.0.jar:7.8.0]
	at org.testng.internal.invokers.TestMethodWorker.invokeTestMethods(TestMethodWorker.java:148) ~[testng-7.8.0.jar:7.8.0]
	at org.testng.internal.invokers.TestMethodWorker.run(TestMethodWorker.java:128) ~[testng-7.8.0.jar:7.8.0]
	at java.base/java.util.ArrayList.forEach(ArrayList.java:1511) [?:?]
	at org.testng.TestRunner.privateRun(TestRunner.java:848) [testng-7.8.0.jar:7.8.0]
	at org.testng.TestRunner.run(TestRunner.java:621) [testng-7.8.0.jar:7.8.0]
	at org.testng.SuiteRunner.runTest(SuiteRunner.java:443) [testng-7.8.0.jar:7.8.0]
	at org.testng.SuiteRunner.runSequentially(SuiteRunner.java:437) [testng-7.8.0.jar:7.8.0]
	at org.testng.SuiteRunner.privateRun(SuiteRunner.java:397) [testng-7.8.0.jar:7.8.0]
	at org.testng.SuiteRunner.run(SuiteRunner.java:336) [testng-7.8.0.jar:7.8.0]
	at org.testng.SuiteRunnerWorker.runSuite(SuiteRunnerWorker.java:52) [testng-7.8.0.jar:7.8.0]
	at org.testng.SuiteRunnerWorker.run(SuiteRunnerWorker.java:95) [testng-7.8.0.jar:7.8.0]
	at org.testng.TestNG.runSuitesSequentially(TestNG.java:1280) [testng-7.8.0.jar:7.8.0]
	at org.testng.TestNG.runSuitesLocally(TestNG.java:1200) [testng-7.8.0.jar:7.8.0]
	at org.testng.TestNG.runSuites(TestNG.java:1114) [testng-7.8.0.jar:7.8.0]
	at org.testng.TestNG.run(TestNG.java:1082) [testng-7.8.0.jar:7.8.0]
	at org.apache.maven.surefire.testng.TestNGExecutor.run(TestNGExecutor.java:308) [surefire-testng-3.5.2.jar:3.5.2]
	at org.apache.maven.surefire.testng.TestNGXmlTestSuite.execute(TestNGXmlTestSuite.java:71) [surefire-testng-3.5.2.jar:3.5.2]
	at org.apache.maven.surefire.testng.TestNGProvider.invoke(TestNGProvider.java:113) [surefire-testng-3.5.2.jar:3.5.2]
	at org.apache.maven.surefire.booter.ForkedBooter.runSuitesInProcess(ForkedBooter.java:385) [surefire-booter-3.5.2.jar:3.5.2]
	at org.apache.maven.surefire.booter.ForkedBooter.execute(ForkedBooter.java:162) [surefire-booter-3.5.2.jar:3.5.2]
	at org.apache.maven.surefire.booter.ForkedBooter.run(ForkedBooter.java:507) [surefire-booter-3.5.2.jar:3.5.2]
	at org.apache.maven.surefire.booter.ForkedBooter.main(ForkedBooter.java:495) [surefire-booter-3.5.2.jar:3.5.2]
03-12-2024 10:35:16.352 [main] DEBUG - areFieldsNotEmpty = true
03-12-2024 10:35:16.353 [main] DEBUG - areFieldsEmpty = true
03-12-2024 10:35:16.356 [main] DEBUG - No alert present. Checking mandatory fields.
03-12-2024 10:35:16.387 [main] DEBUG - Mandatory fields are missing or invalid.
03-12-2024 10:35:16.407 [main] DEBUG - Test parameters - FirstName: Ishita, LastName: , ZipCode: A234wd, AlertText: Customer added successfully, RunMode: Y
03-12-2024 10:35:16.467 [main] DEBUG - Add Customer button clicked
03-12-2024 10:35:16.472 [main] DEBUG - Navigated to Add Customer page
03-12-2024 10:35:16.824 [main] DEBUG - Add Customer button clicked
03-12-2024 10:35:16.828 [main] DEBUG - No alert present. Checking mandatory fields.
03-12-2024 10:35:16.904 [main] DEBUG - Mandatory fields are missing or invalid.
03-12-2024 10:35:16.925 [main] DEBUG - Test parameters - FirstName: , LastName: Sehgal, ZipCode: A234wd, AlertText: Customer added successfully, RunMode: Y
03-12-2024 10:35:17.003 [main] DEBUG - Add Customer button clicked
03-12-2024 10:35:17.007 [main] DEBUG - Navigated to Add Customer page
03-12-2024 10:35:17.377 [main] DEBUG - Add Customer button clicked
03-12-2024 10:35:17.380 [main] DEBUG - No alert present. Checking mandatory fields.
03-12-2024 10:35:17.406 [main] DEBUG - Mandatory fields are missing or invalid.
03-12-2024 10:35:17.423 [main] DEBUG - Test parameters - FirstName: Shivkumar, LastName: Konnuri, ZipCode: , AlertText: Customer added successfully, RunMode: Y
03-12-2024 10:35:17.488 [main] DEBUG - Add Customer button clicked
03-12-2024 10:35:17.492 [main] DEBUG - Navigated to Add Customer page
03-12-2024 10:35:17.820 [main] DEBUG - Add Customer button clicked
03-12-2024 10:35:17.823 [main] DEBUG - No alert present. Checking mandatory fields.
03-12-2024 10:35:17.905 [main] DEBUG - Mandatory fields are missing or invalid.
03-12-2024 10:35:17.921 [main] DEBUG - Test parameters - FirstName: Shivkumar, LastName: , ZipCode: , AlertText: Customer added successfully, RunMode: Y
03-12-2024 10:35:18.006 [main] DEBUG - Add Customer button clicked
03-12-2024 10:35:18.010 [main] DEBUG - Navigated to Add Customer page
03-12-2024 10:35:18.381 [main] DEBUG - Add Customer button clicked
03-12-2024 10:35:18.385 [main] DEBUG - No alert present. Checking mandatory fields.
03-12-2024 10:35:18.444 [main] DEBUG - Mandatory fields are missing or invalid.
03-12-2024 10:35:18.463 [main] DEBUG - Test parameters - FirstName: , LastName: , ZipCode: 123456.0, AlertText: Customer added successfully, RunMode: Y
03-12-2024 10:35:18.531 [main] DEBUG - Add Customer button clicked
03-12-2024 10:35:18.537 [main] DEBUG - Navigated to Add Customer page
03-12-2024 10:35:18.847 [main] DEBUG - Add Customer button clicked
03-12-2024 10:35:18.850 [main] DEBUG - No alert present. Checking mandatory fields.
03-12-2024 10:35:18.876 [main] DEBUG - Mandatory fields are missing or invalid.
03-12-2024 10:35:18.894 [main] DEBUG - Test parameters - FirstName: , LastName: Konnuri, ZipCode: , AlertText: Customer added successfully, RunMode: Y
03-12-2024 10:35:18.967 [main] DEBUG - Add Customer button clicked
03-12-2024 10:35:18.976 [main] DEBUG - Navigated to Add Customer page
03-12-2024 10:35:19.335 [main] DEBUG - Add Customer button clicked
03-12-2024 10:35:19.339 [main] DEBUG - No alert present. Checking mandatory fields.
03-12-2024 10:35:19.371 [main] DEBUG - Mandatory fields are missing or invalid.
03-12-2024 10:35:19.385 [main] DEBUG - Test parameters - FirstName: , LastName: , ZipCode: , AlertText: Customer added successfully, RunMode: Y
03-12-2024 10:35:19.449 [main] DEBUG - Add Customer button clicked
03-12-2024 10:35:19.453 [main] DEBUG - Navigated to Add Customer page
03-12-2024 10:35:19.755 [main] DEBUG - Add Customer button clicked
03-12-2024 10:35:19.757 [main] DEBUG - No alert present. Checking mandatory fields.
03-12-2024 10:35:19.781 [main] DEBUG - Mandatory fields are missing or invalid.
03-12-2024 10:35:19.801 [main] DEBUG - Test parameters - FirstName: Shiv, LastName: Konnuri, ZipCode: 123456.0, AlertText: Customer added successfully, RunMode: N
03-12-2024 10:35:19.875 [main] DEBUG - Add Customer button clicked
03-12-2024 10:35:19.878 [main] DEBUG - Navigated to Add Customer page
03-12-2024 10:35:20.209 [main] DEBUG - Add Customer button clicked
03-12-2024 10:35:20.212 [main] INFO  - Alert detected: Customer added successfully with customer id :8
03-12-2024 10:35:20.212 [main] INFO  - actualAlertText = true
03-12-2024 10:35:20.218 [main] DEBUG - Error while checking if text is empty for locator: firstNameInput
org.openqa.selenium.UnhandledAlertException: unexpected alert open: {Alert text : Customer added successfully with customer id :8}
  (Session info: chrome=131.0.6778.86): Customer added successfully with customer id :8
Build info: version: '4.23.0', revision: '4df0a231af'
System info: os.name: 'Windows 10', os.arch: 'amd64', os.version: '10.0', java.version: '17.0.11'
Driver info: org.openqa.selenium.chrome.ChromeDriver
Command: [d887c9423ab570f2297a5b822bdd7ac8, findElement {using=css selector, value=input[ng-model='fName']}]
Capabilities {acceptInsecureCerts: false, browserName: chrome, browserVersion: 131.0.6778.86, chrome: {chromedriverVersion: 131.0.6778.85 (3d81e41b6f3a..., userDataDir: C:\Users\SHIVKU~1.K\AppData...}, fedcm:accounts: true, goog:chromeOptions: {debuggerAddress: localhost:56464}, networkConnectionEnabled: false, pageLoadStrategy: normal, platformName: windows, proxy: Proxy(), se:cdp: ws://localhost:56464/devtoo..., se:cdpVersion: 131.0.6778.86, setWindowRect: true, strictFileInteractability: false, timeouts: {implicit: 0, pageLoad: 300000, script: 30000}, unhandledPromptBehavior: dismiss and notify, webauthn:extension:credBlob: true, webauthn:extension:largeBlob: true, webauthn:extension:minPinLength: true, webauthn:extension:prf: true, webauthn:virtualAuthenticators: true}
Session ID: d887c9423ab570f2297a5b822bdd7ac8
	at org.openqa.selenium.remote.codec.w3c.W3CHttpResponseCodec.decode(W3CHttpResponseCodec.java:136) ~[selenium-remote-driver-4.23.0.jar:?]
	at org.openqa.selenium.remote.codec.w3c.W3CHttpResponseCodec.decode(W3CHttpResponseCodec.java:50) ~[selenium-remote-driver-4.23.0.jar:?]
	at org.openqa.selenium.remote.HttpCommandExecutor.execute(HttpCommandExecutor.java:190) ~[selenium-remote-driver-4.23.0.jar:?]
	at org.openqa.selenium.remote.service.DriverCommandExecutor.invokeExecute(DriverCommandExecutor.java:216) ~[selenium-remote-driver-4.23.0.jar:?]
	at org.openqa.selenium.remote.service.DriverCommandExecutor.execute(DriverCommandExecutor.java:174) ~[selenium-remote-driver-4.23.0.jar:?]
	at org.openqa.selenium.remote.RemoteWebDriver.execute(RemoteWebDriver.java:527) ~[selenium-remote-driver-4.23.0.jar:?]
	at org.openqa.selenium.remote.ElementLocation$ElementFinder$2.findElement(ElementLocation.java:165) ~[selenium-remote-driver-4.23.0.jar:?]
	at org.openqa.selenium.remote.ElementLocation.findElement(ElementLocation.java:59) ~[selenium-remote-driver-4.23.0.jar:?]
	at org.openqa.selenium.remote.RemoteWebDriver.findElement(RemoteWebDriver.java:357) ~[selenium-remote-driver-4.23.0.jar:?]
	at org.openqa.selenium.remote.RemoteWebDriver.findElement(RemoteWebDriver.java:351) ~[selenium-remote-driver-4.23.0.jar:?]
	at org.openqa.selenium.support.ui.ExpectedConditions$7.apply(ExpectedConditions.java:194) ~[selenium-support-4.23.0.jar:?]
	at org.openqa.selenium.support.ui.ExpectedConditions$7.apply(ExpectedConditions.java:190) ~[selenium-support-4.23.0.jar:?]
	at org.openqa.selenium.support.ui.ExpectedConditions$22.apply(ExpectedConditions.java:627) ~[selenium-support-4.23.0.jar:?]
	at org.openqa.selenium.support.ui.ExpectedConditions$22.apply(ExpectedConditions.java:624) ~[selenium-support-4.23.0.jar:?]
	at org.openqa.selenium.support.ui.FluentWait.until(FluentWait.java:203) ~[selenium-support-4.23.0.jar:?]
	at com.shiv.common.BaseSetup.isTextEmpty(BaseSetup.java:145) ~[test-classes/:?]
	at com.shiv.testcases.AddCustomerTest.addCustomerTest(AddCustomerTest.java:45) ~[test-classes/:?]
	at java.base/jdk.internal.reflect.NativeMethodAccessorImpl.invoke0(Native Method) ~[?:?]
	at java.base/jdk.internal.reflect.NativeMethodAccessorImpl.invoke(NativeMethodAccessorImpl.java:77) ~[?:?]
	at java.base/jdk.internal.reflect.DelegatingMethodAccessorImpl.invoke(DelegatingMethodAccessorImpl.java:43) ~[?:?]
	at java.base/java.lang.reflect.Method.invoke(Method.java:568) ~[?:?]
	at org.testng.internal.invokers.MethodInvocationHelper.invokeMethod(MethodInvocationHelper.java:139) ~[testng-7.8.0.jar:7.8.0]
	at org.testng.internal.invokers.TestInvoker.invokeMethod(TestInvoker.java:664) ~[testng-7.8.0.jar:7.8.0]
	at org.testng.internal.invokers.TestInvoker.invokeTestMethod(TestInvoker.java:227) ~[testng-7.8.0.jar:7.8.0]
	at org.testng.internal.invokers.MethodRunner.runInSequence(MethodRunner.java:50) ~[testng-7.8.0.jar:7.8.0]
	at org.testng.internal.invokers.TestInvoker$MethodInvocationAgent.invoke(TestInvoker.java:957) ~[testng-7.8.0.jar:7.8.0]
	at org.testng.internal.invokers.TestInvoker.invokeTestMethods(TestInvoker.java:200) ~[testng-7.8.0.jar:7.8.0]
	at org.testng.internal.invokers.TestMethodWorker.invokeTestMethods(TestMethodWorker.java:148) ~[testng-7.8.0.jar:7.8.0]
	at org.testng.internal.invokers.TestMethodWorker.run(TestMethodWorker.java:128) ~[testng-7.8.0.jar:7.8.0]
	at java.base/java.util.ArrayList.forEach(ArrayList.java:1511) [?:?]
	at org.testng.TestRunner.privateRun(TestRunner.java:848) [testng-7.8.0.jar:7.8.0]
	at org.testng.TestRunner.run(TestRunner.java:621) [testng-7.8.0.jar:7.8.0]
	at org.testng.SuiteRunner.runTest(SuiteRunner.java:443) [testng-7.8.0.jar:7.8.0]
	at org.testng.SuiteRunner.runSequentially(SuiteRunner.java:437) [testng-7.8.0.jar:7.8.0]
	at org.testng.SuiteRunner.privateRun(SuiteRunner.java:397) [testng-7.8.0.jar:7.8.0]
	at org.testng.SuiteRunner.run(SuiteRunner.java:336) [testng-7.8.0.jar:7.8.0]
	at org.testng.SuiteRunnerWorker.runSuite(SuiteRunnerWorker.java:52) [testng-7.8.0.jar:7.8.0]
	at org.testng.SuiteRunnerWorker.run(SuiteRunnerWorker.java:95) [testng-7.8.0.jar:7.8.0]
	at org.testng.TestNG.runSuitesSequentially(TestNG.java:1280) [testng-7.8.0.jar:7.8.0]
	at org.testng.TestNG.runSuitesLocally(TestNG.java:1200) [testng-7.8.0.jar:7.8.0]
	at org.testng.TestNG.runSuites(TestNG.java:1114) [testng-7.8.0.jar:7.8.0]
	at org.testng.TestNG.run(TestNG.java:1082) [testng-7.8.0.jar:7.8.0]
	at org.apache.maven.surefire.testng.TestNGExecutor.run(TestNGExecutor.java:308) [surefire-testng-3.5.2.jar:3.5.2]
	at org.apache.maven.surefire.testng.TestNGXmlTestSuite.execute(TestNGXmlTestSuite.java:71) [surefire-testng-3.5.2.jar:3.5.2]
	at org.apache.maven.surefire.testng.TestNGProvider.invoke(TestNGProvider.java:113) [surefire-testng-3.5.2.jar:3.5.2]
	at org.apache.maven.surefire.booter.ForkedBooter.runSuitesInProcess(ForkedBooter.java:385) [surefire-booter-3.5.2.jar:3.5.2]
	at org.apache.maven.surefire.booter.ForkedBooter.execute(ForkedBooter.java:162) [surefire-booter-3.5.2.jar:3.5.2]
	at org.apache.maven.surefire.booter.ForkedBooter.run(ForkedBooter.java:507) [surefire-booter-3.5.2.jar:3.5.2]
	at org.apache.maven.surefire.booter.ForkedBooter.main(ForkedBooter.java:495) [surefire-booter-3.5.2.jar:3.5.2]
03-12-2024 10:35:20.325 [main] DEBUG - areFieldsNotEmpty = true
03-12-2024 10:35:20.325 [main] DEBUG - areFieldsEmpty = true
03-12-2024 10:35:20.327 [main] DEBUG - No alert present. Checking mandatory fields.
03-12-2024 10:35:20.354 [main] DEBUG - Mandatory fields are missing or invalid.
03-12-2024 10:35:20.373 [main] DEBUG - Test parameters - FirstName:   , LastName:        , ZipCode:         , AlertText: Customer added successfully, RunMode: Y
03-12-2024 10:35:20.438 [main] DEBUG - Add Customer button clicked
03-12-2024 10:35:20.443 [main] DEBUG - Navigated to Add Customer page
03-12-2024 10:35:20.797 [main] DEBUG - Add Customer button clicked
03-12-2024 10:35:20.800 [main] INFO  - Alert detected: Please check the details. Customer may be duplicate.
03-12-2024 10:35:20.801 [main] INFO  - actualAlertText = false
03-12-2024 10:35:20.807 [main] DEBUG - Error while checking if text is empty for locator: firstNameInput
org.openqa.selenium.UnhandledAlertException: unexpected alert open: {Alert text : Please check the details. Customer may be duplicate.}
  (Session info: chrome=131.0.6778.86): Please check the details. Customer may be duplicate.
Build info: version: '4.23.0', revision: '4df0a231af'
System info: os.name: 'Windows 10', os.arch: 'amd64', os.version: '10.0', java.version: '17.0.11'
Driver info: org.openqa.selenium.chrome.ChromeDriver
Command: [d887c9423ab570f2297a5b822bdd7ac8, findElement {using=css selector, value=input[ng-model='fName']}]
Capabilities {acceptInsecureCerts: false, browserName: chrome, browserVersion: 131.0.6778.86, chrome: {chromedriverVersion: 131.0.6778.85 (3d81e41b6f3a..., userDataDir: C:\Users\SHIVKU~1.K\AppData...}, fedcm:accounts: true, goog:chromeOptions: {debuggerAddress: localhost:56464}, networkConnectionEnabled: false, pageLoadStrategy: normal, platformName: windows, proxy: Proxy(), se:cdp: ws://localhost:56464/devtoo..., se:cdpVersion: 131.0.6778.86, setWindowRect: true, strictFileInteractability: false, timeouts: {implicit: 0, pageLoad: 300000, script: 30000}, unhandledPromptBehavior: dismiss and notify, webauthn:extension:credBlob: true, webauthn:extension:largeBlob: true, webauthn:extension:minPinLength: true, webauthn:extension:prf: true, webauthn:virtualAuthenticators: true}
Session ID: d887c9423ab570f2297a5b822bdd7ac8
	at org.openqa.selenium.remote.codec.w3c.W3CHttpResponseCodec.decode(W3CHttpResponseCodec.java:136) ~[selenium-remote-driver-4.23.0.jar:?]
	at org.openqa.selenium.remote.codec.w3c.W3CHttpResponseCodec.decode(W3CHttpResponseCodec.java:50) ~[selenium-remote-driver-4.23.0.jar:?]
	at org.openqa.selenium.remote.HttpCommandExecutor.execute(HttpCommandExecutor.java:190) ~[selenium-remote-driver-4.23.0.jar:?]
	at org.openqa.selenium.remote.service.DriverCommandExecutor.invokeExecute(DriverCommandExecutor.java:216) ~[selenium-remote-driver-4.23.0.jar:?]
	at org.openqa.selenium.remote.service.DriverCommandExecutor.execute(DriverCommandExecutor.java:174) ~[selenium-remote-driver-4.23.0.jar:?]
	at org.openqa.selenium.remote.RemoteWebDriver.execute(RemoteWebDriver.java:527) ~[selenium-remote-driver-4.23.0.jar:?]
	at org.openqa.selenium.remote.ElementLocation$ElementFinder$2.findElement(ElementLocation.java:165) ~[selenium-remote-driver-4.23.0.jar:?]
	at org.openqa.selenium.remote.ElementLocation.findElement(ElementLocation.java:59) ~[selenium-remote-driver-4.23.0.jar:?]
	at org.openqa.selenium.remote.RemoteWebDriver.findElement(RemoteWebDriver.java:357) ~[selenium-remote-driver-4.23.0.jar:?]
	at org.openqa.selenium.remote.RemoteWebDriver.findElement(RemoteWebDriver.java:351) ~[selenium-remote-driver-4.23.0.jar:?]
	at org.openqa.selenium.support.ui.ExpectedConditions$7.apply(ExpectedConditions.java:194) ~[selenium-support-4.23.0.jar:?]
	at org.openqa.selenium.support.ui.ExpectedConditions$7.apply(ExpectedConditions.java:190) ~[selenium-support-4.23.0.jar:?]
	at org.openqa.selenium.support.ui.ExpectedConditions$22.apply(ExpectedConditions.java:627) ~[selenium-support-4.23.0.jar:?]
	at org.openqa.selenium.support.ui.ExpectedConditions$22.apply(ExpectedConditions.java:624) ~[selenium-support-4.23.0.jar:?]
	at org.openqa.selenium.support.ui.FluentWait.until(FluentWait.java:203) ~[selenium-support-4.23.0.jar:?]
	at com.shiv.common.BaseSetup.isTextEmpty(BaseSetup.java:145) ~[test-classes/:?]
	at com.shiv.testcases.AddCustomerTest.addCustomerTest(AddCustomerTest.java:45) ~[test-classes/:?]
	at java.base/jdk.internal.reflect.NativeMethodAccessorImpl.invoke0(Native Method) ~[?:?]
	at java.base/jdk.internal.reflect.NativeMethodAccessorImpl.invoke(NativeMethodAccessorImpl.java:77) ~[?:?]
	at java.base/jdk.internal.reflect.DelegatingMethodAccessorImpl.invoke(DelegatingMethodAccessorImpl.java:43) ~[?:?]
	at java.base/java.lang.reflect.Method.invoke(Method.java:568) ~[?:?]
	at org.testng.internal.invokers.MethodInvocationHelper.invokeMethod(MethodInvocationHelper.java:139) ~[testng-7.8.0.jar:7.8.0]
	at org.testng.internal.invokers.TestInvoker.invokeMethod(TestInvoker.java:664) ~[testng-7.8.0.jar:7.8.0]
	at org.testng.internal.invokers.TestInvoker.invokeTestMethod(TestInvoker.java:227) ~[testng-7.8.0.jar:7.8.0]
	at org.testng.internal.invokers.MethodRunner.runInSequence(MethodRunner.java:50) ~[testng-7.8.0.jar:7.8.0]
	at org.testng.internal.invokers.TestInvoker$MethodInvocationAgent.invoke(TestInvoker.java:957) ~[testng-7.8.0.jar:7.8.0]
	at org.testng.internal.invokers.TestInvoker.invokeTestMethods(TestInvoker.java:200) ~[testng-7.8.0.jar:7.8.0]
	at org.testng.internal.invokers.TestMethodWorker.invokeTestMethods(TestMethodWorker.java:148) ~[testng-7.8.0.jar:7.8.0]
	at org.testng.internal.invokers.TestMethodWorker.run(TestMethodWorker.java:128) ~[testng-7.8.0.jar:7.8.0]
	at java.base/java.util.ArrayList.forEach(ArrayList.java:1511) [?:?]
	at org.testng.TestRunner.privateRun(TestRunner.java:848) [testng-7.8.0.jar:7.8.0]
	at org.testng.TestRunner.run(TestRunner.java:621) [testng-7.8.0.jar:7.8.0]
	at org.testng.SuiteRunner.runTest(SuiteRunner.java:443) [testng-7.8.0.jar:7.8.0]
	at org.testng.SuiteRunner.runSequentially(SuiteRunner.java:437) [testng-7.8.0.jar:7.8.0]
	at org.testng.SuiteRunner.privateRun(SuiteRunner.java:397) [testng-7.8.0.jar:7.8.0]
	at org.testng.SuiteRunner.run(SuiteRunner.java:336) [testng-7.8.0.jar:7.8.0]
	at org.testng.SuiteRunnerWorker.runSuite(SuiteRunnerWorker.java:52) [testng-7.8.0.jar:7.8.0]
	at org.testng.SuiteRunnerWorker.run(SuiteRunnerWorker.java:95) [testng-7.8.0.jar:7.8.0]
	at org.testng.TestNG.runSuitesSequentially(TestNG.java:1280) [testng-7.8.0.jar:7.8.0]
	at org.testng.TestNG.runSuitesLocally(TestNG.java:1200) [testng-7.8.0.jar:7.8.0]
	at org.testng.TestNG.runSuites(TestNG.java:1114) [testng-7.8.0.jar:7.8.0]
	at org.testng.TestNG.run(TestNG.java:1082) [testng-7.8.0.jar:7.8.0]
	at org.apache.maven.surefire.testng.TestNGExecutor.run(TestNGExecutor.java:308) [surefire-testng-3.5.2.jar:3.5.2]
	at org.apache.maven.surefire.testng.TestNGXmlTestSuite.execute(TestNGXmlTestSuite.java:71) [surefire-testng-3.5.2.jar:3.5.2]
	at org.apache.maven.surefire.testng.TestNGProvider.invoke(TestNGProvider.java:113) [surefire-testng-3.5.2.jar:3.5.2]
	at org.apache.maven.surefire.booter.ForkedBooter.runSuitesInProcess(ForkedBooter.java:385) [surefire-booter-3.5.2.jar:3.5.2]
	at org.apache.maven.surefire.booter.ForkedBooter.execute(ForkedBooter.java:162) [surefire-booter-3.5.2.jar:3.5.2]
	at org.apache.maven.surefire.booter.ForkedBooter.run(ForkedBooter.java:507) [surefire-booter-3.5.2.jar:3.5.2]
	at org.apache.maven.surefire.booter.ForkedBooter.main(ForkedBooter.java:495) [surefire-booter-3.5.2.jar:3.5.2]
03-12-2024 10:35:20.895 [main] DEBUG - areFieldsNotEmpty = true
03-12-2024 10:35:20.895 [main] DEBUG - areFieldsEmpty = true
03-12-2024 10:35:20.898 [main] DEBUG - No alert present. Checking mandatory fields.
03-12-2024 10:35:20.925 [main] DEBUG - Mandatory fields are missing or invalid.
03-12-2024 10:35:20.976 [main] DEBUG - Test parameters - FirstName: , LastName: , ZipCode: , AlertText: Please check the details, RunMode: Y
03-12-2024 10:35:21.051 [main] DEBUG - Add Customer button clicked
03-12-2024 10:35:21.055 [main] DEBUG - Navigated to Add Customer page
03-12-2024 10:35:21.351 [main] DEBUG - Add Customer button clicked
03-12-2024 10:35:21.354 [main] DEBUG - No alert present. Checking mandatory fields.
03-12-2024 10:35:21.380 [main] DEBUG - Mandatory fields are missing or invalid.
03-12-2024 10:35:26.681 [main] DEBUG - Customer with name [[ChromeDriver: chrome on windows (d887c9423ab570f2297a5b822bdd7ac8)] -> css selector: select[name='userSelect']]is selected from the dropdown
03-12-2024 10:35:26.717 [main] DEBUG - CurrencyRupeeis selected from the dropdown
03-12-2024 10:35:26.994 [main] DEBUG - Customer with name [[ChromeDriver: chrome on windows (d887c9423ab570f2297a5b822bdd7ac8)] -> css selector: select[name='userSelect']]is selected from the dropdown
03-12-2024 10:35:27.038 [main] DEBUG - CurrencyRupeeis selected from the dropdown
03-12-2024 10:35:27.283 [main] DEBUG - No alert present. Checking mandatory fields.
03-12-2024 10:35:27.308 [main] DEBUG - Mandatory fields are missing or invalid.
03-12-2024 10:52:52.295 [main] DEBUG - config.properties file loaded
03-12-2024 10:52:52.298 [main] DEBUG - OR.properties file loaded
03-12-2024 10:52:58.868 [main] DEBUG - Chrome browser launched
03-12-2024 10:52:59.792 [main] DEBUG - Navigated to URL: https://way2automation.com/angularjs-protractor/banking/#/login
03-12-2024 10:52:59.834 [main] DEBUG - Browser window maximized
03-12-2024 10:53:00.216 [main] DEBUG - Manager Login Button clicked
03-12-2024 10:53:05.251 [main] DEBUG - Logged in url validated
03-12-2024 10:53:05.265 [main] DEBUG - Add Customer Button is present
03-12-2024 10:53:05.265 [main] DEBUG - Manager Logged in Succcessfully
03-12-2024 10:53:06.332 [main] DEBUG - Test parameters - FirstName: Raman, LastName: Arora, ZipCode: A234wd, AlertText: Customer added successfully, RunMode: Y
03-12-2024 10:53:06.402 [main] DEBUG - Add Customer button clicked
03-12-2024 10:53:11.428 [main] DEBUG - Navigated to Add Customer page
03-12-2024 10:53:11.820 [main] DEBUG - Add Customer button clicked
03-12-2024 10:53:11.826 [main] INFO  - Alert detected: Customer added successfully with customer id :6
03-12-2024 10:53:11.826 [main] INFO  - actualAlertText = true
03-12-2024 10:53:11.838 [main] DEBUG - Error while checking if text is empty for locator: firstNameInput
org.openqa.selenium.UnhandledAlertException: unexpected alert open: {Alert text : Customer added successfully with customer id :6}
  (Session info: chrome=131.0.6778.86): Customer added successfully with customer id :6
Build info: version: '4.23.0', revision: '4df0a231af'
System info: os.name: 'Windows 10', os.arch: 'amd64', os.version: '10.0', java.version: '17.0.11'
Driver info: org.openqa.selenium.chrome.ChromeDriver
Command: [8f77a895c33b8fa93fcea4b3bb80cbc0, findElement {using=css selector, value=input[ng-model='fName']}]
Capabilities {acceptInsecureCerts: false, browserName: chrome, browserVersion: 131.0.6778.86, chrome: {chromedriverVersion: 131.0.6778.85 (3d81e41b6f3a..., userDataDir: C:\Users\SHIVKU~1.K\AppData...}, fedcm:accounts: true, goog:chromeOptions: {debuggerAddress: localhost:57508}, networkConnectionEnabled: false, pageLoadStrategy: normal, platformName: windows, proxy: Proxy(), se:cdp: ws://localhost:57508/devtoo..., se:cdpVersion: 131.0.6778.86, setWindowRect: true, strictFileInteractability: false, timeouts: {implicit: 0, pageLoad: 300000, script: 30000}, unhandledPromptBehavior: dismiss and notify, webauthn:extension:credBlob: true, webauthn:extension:largeBlob: true, webauthn:extension:minPinLength: true, webauthn:extension:prf: true, webauthn:virtualAuthenticators: true}
Session ID: 8f77a895c33b8fa93fcea4b3bb80cbc0
	at org.openqa.selenium.remote.codec.w3c.W3CHttpResponseCodec.decode(W3CHttpResponseCodec.java:136) ~[selenium-remote-driver-4.23.0.jar:?]
	at org.openqa.selenium.remote.codec.w3c.W3CHttpResponseCodec.decode(W3CHttpResponseCodec.java:50) ~[selenium-remote-driver-4.23.0.jar:?]
	at org.openqa.selenium.remote.HttpCommandExecutor.execute(HttpCommandExecutor.java:190) ~[selenium-remote-driver-4.23.0.jar:?]
	at org.openqa.selenium.remote.service.DriverCommandExecutor.invokeExecute(DriverCommandExecutor.java:216) ~[selenium-remote-driver-4.23.0.jar:?]
	at org.openqa.selenium.remote.service.DriverCommandExecutor.execute(DriverCommandExecutor.java:174) ~[selenium-remote-driver-4.23.0.jar:?]
	at org.openqa.selenium.remote.RemoteWebDriver.execute(RemoteWebDriver.java:527) ~[selenium-remote-driver-4.23.0.jar:?]
	at org.openqa.selenium.remote.ElementLocation$ElementFinder$2.findElement(ElementLocation.java:165) ~[selenium-remote-driver-4.23.0.jar:?]
	at org.openqa.selenium.remote.ElementLocation.findElement(ElementLocation.java:59) ~[selenium-remote-driver-4.23.0.jar:?]
	at org.openqa.selenium.remote.RemoteWebDriver.findElement(RemoteWebDriver.java:357) ~[selenium-remote-driver-4.23.0.jar:?]
	at org.openqa.selenium.remote.RemoteWebDriver.findElement(RemoteWebDriver.java:351) ~[selenium-remote-driver-4.23.0.jar:?]
	at org.openqa.selenium.support.ui.ExpectedConditions$7.apply(ExpectedConditions.java:194) ~[selenium-support-4.23.0.jar:?]
	at org.openqa.selenium.support.ui.ExpectedConditions$7.apply(ExpectedConditions.java:190) ~[selenium-support-4.23.0.jar:?]
	at org.openqa.selenium.support.ui.ExpectedConditions$22.apply(ExpectedConditions.java:627) ~[selenium-support-4.23.0.jar:?]
	at org.openqa.selenium.support.ui.ExpectedConditions$22.apply(ExpectedConditions.java:624) ~[selenium-support-4.23.0.jar:?]
	at org.openqa.selenium.support.ui.FluentWait.until(FluentWait.java:203) ~[selenium-support-4.23.0.jar:?]
	at com.shiv.common.BaseSetup.isTextEmpty(BaseSetup.java:157) ~[test-classes/:?]
	at com.shiv.testcases.AddCustomerTest.addCustomerTest(AddCustomerTest.java:45) ~[test-classes/:?]
	at java.base/jdk.internal.reflect.NativeMethodAccessorImpl.invoke0(Native Method) ~[?:?]
	at java.base/jdk.internal.reflect.NativeMethodAccessorImpl.invoke(NativeMethodAccessorImpl.java:77) ~[?:?]
	at java.base/jdk.internal.reflect.DelegatingMethodAccessorImpl.invoke(DelegatingMethodAccessorImpl.java:43) ~[?:?]
	at java.base/java.lang.reflect.Method.invoke(Method.java:568) ~[?:?]
	at org.testng.internal.invokers.MethodInvocationHelper.invokeMethod(MethodInvocationHelper.java:139) ~[testng-7.8.0.jar:7.8.0]
	at org.testng.internal.invokers.TestInvoker.invokeMethod(TestInvoker.java:664) ~[testng-7.8.0.jar:7.8.0]
	at org.testng.internal.invokers.TestInvoker.invokeTestMethod(TestInvoker.java:227) ~[testng-7.8.0.jar:7.8.0]
	at org.testng.internal.invokers.MethodRunner.runInSequence(MethodRunner.java:50) ~[testng-7.8.0.jar:7.8.0]
	at org.testng.internal.invokers.TestInvoker$MethodInvocationAgent.invoke(TestInvoker.java:957) ~[testng-7.8.0.jar:7.8.0]
	at org.testng.internal.invokers.TestInvoker.invokeTestMethods(TestInvoker.java:200) ~[testng-7.8.0.jar:7.8.0]
	at org.testng.internal.invokers.TestMethodWorker.invokeTestMethods(TestMethodWorker.java:148) ~[testng-7.8.0.jar:7.8.0]
	at org.testng.internal.invokers.TestMethodWorker.run(TestMethodWorker.java:128) ~[testng-7.8.0.jar:7.8.0]
	at java.base/java.util.ArrayList.forEach(ArrayList.java:1511) [?:?]
	at org.testng.TestRunner.privateRun(TestRunner.java:848) [testng-7.8.0.jar:7.8.0]
	at org.testng.TestRunner.run(TestRunner.java:621) [testng-7.8.0.jar:7.8.0]
	at org.testng.SuiteRunner.runTest(SuiteRunner.java:443) [testng-7.8.0.jar:7.8.0]
	at org.testng.SuiteRunner.runSequentially(SuiteRunner.java:437) [testng-7.8.0.jar:7.8.0]
	at org.testng.SuiteRunner.privateRun(SuiteRunner.java:397) [testng-7.8.0.jar:7.8.0]
	at org.testng.SuiteRunner.run(SuiteRunner.java:336) [testng-7.8.0.jar:7.8.0]
	at org.testng.SuiteRunnerWorker.runSuite(SuiteRunnerWorker.java:52) [testng-7.8.0.jar:7.8.0]
	at org.testng.SuiteRunnerWorker.run(SuiteRunnerWorker.java:95) [testng-7.8.0.jar:7.8.0]
	at org.testng.TestNG.runSuitesSequentially(TestNG.java:1280) [testng-7.8.0.jar:7.8.0]
	at org.testng.TestNG.runSuitesLocally(TestNG.java:1200) [testng-7.8.0.jar:7.8.0]
	at org.testng.TestNG.runSuites(TestNG.java:1114) [testng-7.8.0.jar:7.8.0]
	at org.testng.TestNG.run(TestNG.java:1082) [testng-7.8.0.jar:7.8.0]
	at org.apache.maven.surefire.testng.TestNGExecutor.run(TestNGExecutor.java:308) [surefire-testng-3.5.2.jar:3.5.2]
	at org.apache.maven.surefire.testng.TestNGXmlTestSuite.execute(TestNGXmlTestSuite.java:71) [surefire-testng-3.5.2.jar:3.5.2]
	at org.apache.maven.surefire.testng.TestNGProvider.invoke(TestNGProvider.java:113) [surefire-testng-3.5.2.jar:3.5.2]
	at org.apache.maven.surefire.booter.ForkedBooter.runSuitesInProcess(ForkedBooter.java:385) [surefire-booter-3.5.2.jar:3.5.2]
	at org.apache.maven.surefire.booter.ForkedBooter.execute(ForkedBooter.java:162) [surefire-booter-3.5.2.jar:3.5.2]
	at org.apache.maven.surefire.booter.ForkedBooter.run(ForkedBooter.java:507) [surefire-booter-3.5.2.jar:3.5.2]
	at org.apache.maven.surefire.booter.ForkedBooter.main(ForkedBooter.java:495) [surefire-booter-3.5.2.jar:3.5.2]
03-12-2024 10:53:11.936 [main] DEBUG - areFieldsNotEmpty = true
03-12-2024 10:53:11.937 [main] DEBUG - areFieldsEmpty = true
03-12-2024 10:53:11.941 [main] DEBUG - No alert present. Checking mandatory fields.
03-12-2024 10:53:11.969 [main] DEBUG - Mandatory fields are missing or invalid.
03-12-2024 10:53:12.038 [main] DEBUG - Test parameters - FirstName: Shivkumar, LastName: Konnuri, ZipCode: 123456.0, AlertText: Customer added successfully, RunMode: Y
03-12-2024 10:53:12.122 [main] DEBUG - Add Customer button clicked
03-12-2024 10:53:12.127 [main] DEBUG - Navigated to Add Customer page
03-12-2024 10:53:12.528 [main] DEBUG - Add Customer button clicked
03-12-2024 10:53:12.531 [main] INFO  - Alert detected: Customer added successfully with customer id :7
03-12-2024 10:53:12.532 [main] INFO  - actualAlertText = true
03-12-2024 10:53:12.538 [main] DEBUG - Error while checking if text is empty for locator: firstNameInput
org.openqa.selenium.UnhandledAlertException: unexpected alert open: {Alert text : Customer added successfully with customer id :7}
  (Session info: chrome=131.0.6778.86): Customer added successfully with customer id :7
Build info: version: '4.23.0', revision: '4df0a231af'
System info: os.name: 'Windows 10', os.arch: 'amd64', os.version: '10.0', java.version: '17.0.11'
Driver info: org.openqa.selenium.chrome.ChromeDriver
Command: [8f77a895c33b8fa93fcea4b3bb80cbc0, findElement {using=css selector, value=input[ng-model='fName']}]
Capabilities {acceptInsecureCerts: false, browserName: chrome, browserVersion: 131.0.6778.86, chrome: {chromedriverVersion: 131.0.6778.85 (3d81e41b6f3a..., userDataDir: C:\Users\SHIVKU~1.K\AppData...}, fedcm:accounts: true, goog:chromeOptions: {debuggerAddress: localhost:57508}, networkConnectionEnabled: false, pageLoadStrategy: normal, platformName: windows, proxy: Proxy(), se:cdp: ws://localhost:57508/devtoo..., se:cdpVersion: 131.0.6778.86, setWindowRect: true, strictFileInteractability: false, timeouts: {implicit: 0, pageLoad: 300000, script: 30000}, unhandledPromptBehavior: dismiss and notify, webauthn:extension:credBlob: true, webauthn:extension:largeBlob: true, webauthn:extension:minPinLength: true, webauthn:extension:prf: true, webauthn:virtualAuthenticators: true}
Session ID: 8f77a895c33b8fa93fcea4b3bb80cbc0
	at org.openqa.selenium.remote.codec.w3c.W3CHttpResponseCodec.decode(W3CHttpResponseCodec.java:136) ~[selenium-remote-driver-4.23.0.jar:?]
	at org.openqa.selenium.remote.codec.w3c.W3CHttpResponseCodec.decode(W3CHttpResponseCodec.java:50) ~[selenium-remote-driver-4.23.0.jar:?]
	at org.openqa.selenium.remote.HttpCommandExecutor.execute(HttpCommandExecutor.java:190) ~[selenium-remote-driver-4.23.0.jar:?]
	at org.openqa.selenium.remote.service.DriverCommandExecutor.invokeExecute(DriverCommandExecutor.java:216) ~[selenium-remote-driver-4.23.0.jar:?]
	at org.openqa.selenium.remote.service.DriverCommandExecutor.execute(DriverCommandExecutor.java:174) ~[selenium-remote-driver-4.23.0.jar:?]
	at org.openqa.selenium.remote.RemoteWebDriver.execute(RemoteWebDriver.java:527) ~[selenium-remote-driver-4.23.0.jar:?]
	at org.openqa.selenium.remote.ElementLocation$ElementFinder$2.findElement(ElementLocation.java:165) ~[selenium-remote-driver-4.23.0.jar:?]
	at org.openqa.selenium.remote.ElementLocation.findElement(ElementLocation.java:59) ~[selenium-remote-driver-4.23.0.jar:?]
	at org.openqa.selenium.remote.RemoteWebDriver.findElement(RemoteWebDriver.java:357) ~[selenium-remote-driver-4.23.0.jar:?]
	at org.openqa.selenium.remote.RemoteWebDriver.findElement(RemoteWebDriver.java:351) ~[selenium-remote-driver-4.23.0.jar:?]
	at org.openqa.selenium.support.ui.ExpectedConditions$7.apply(ExpectedConditions.java:194) ~[selenium-support-4.23.0.jar:?]
	at org.openqa.selenium.support.ui.ExpectedConditions$7.apply(ExpectedConditions.java:190) ~[selenium-support-4.23.0.jar:?]
	at org.openqa.selenium.support.ui.ExpectedConditions$22.apply(ExpectedConditions.java:627) ~[selenium-support-4.23.0.jar:?]
	at org.openqa.selenium.support.ui.ExpectedConditions$22.apply(ExpectedConditions.java:624) ~[selenium-support-4.23.0.jar:?]
	at org.openqa.selenium.support.ui.FluentWait.until(FluentWait.java:203) ~[selenium-support-4.23.0.jar:?]
	at com.shiv.common.BaseSetup.isTextEmpty(BaseSetup.java:157) ~[test-classes/:?]
	at com.shiv.testcases.AddCustomerTest.addCustomerTest(AddCustomerTest.java:45) ~[test-classes/:?]
	at java.base/jdk.internal.reflect.NativeMethodAccessorImpl.invoke0(Native Method) ~[?:?]
	at java.base/jdk.internal.reflect.NativeMethodAccessorImpl.invoke(NativeMethodAccessorImpl.java:77) ~[?:?]
	at java.base/jdk.internal.reflect.DelegatingMethodAccessorImpl.invoke(DelegatingMethodAccessorImpl.java:43) ~[?:?]
	at java.base/java.lang.reflect.Method.invoke(Method.java:568) ~[?:?]
	at org.testng.internal.invokers.MethodInvocationHelper.invokeMethod(MethodInvocationHelper.java:139) ~[testng-7.8.0.jar:7.8.0]
	at org.testng.internal.invokers.TestInvoker.invokeMethod(TestInvoker.java:664) ~[testng-7.8.0.jar:7.8.0]
	at org.testng.internal.invokers.TestInvoker.invokeTestMethod(TestInvoker.java:227) ~[testng-7.8.0.jar:7.8.0]
	at org.testng.internal.invokers.MethodRunner.runInSequence(MethodRunner.java:50) ~[testng-7.8.0.jar:7.8.0]
	at org.testng.internal.invokers.TestInvoker$MethodInvocationAgent.invoke(TestInvoker.java:957) ~[testng-7.8.0.jar:7.8.0]
	at org.testng.internal.invokers.TestInvoker.invokeTestMethods(TestInvoker.java:200) ~[testng-7.8.0.jar:7.8.0]
	at org.testng.internal.invokers.TestMethodWorker.invokeTestMethods(TestMethodWorker.java:148) ~[testng-7.8.0.jar:7.8.0]
	at org.testng.internal.invokers.TestMethodWorker.run(TestMethodWorker.java:128) ~[testng-7.8.0.jar:7.8.0]
	at java.base/java.util.ArrayList.forEach(ArrayList.java:1511) [?:?]
	at org.testng.TestRunner.privateRun(TestRunner.java:848) [testng-7.8.0.jar:7.8.0]
	at org.testng.TestRunner.run(TestRunner.java:621) [testng-7.8.0.jar:7.8.0]
	at org.testng.SuiteRunner.runTest(SuiteRunner.java:443) [testng-7.8.0.jar:7.8.0]
	at org.testng.SuiteRunner.runSequentially(SuiteRunner.java:437) [testng-7.8.0.jar:7.8.0]
	at org.testng.SuiteRunner.privateRun(SuiteRunner.java:397) [testng-7.8.0.jar:7.8.0]
	at org.testng.SuiteRunner.run(SuiteRunner.java:336) [testng-7.8.0.jar:7.8.0]
	at org.testng.SuiteRunnerWorker.runSuite(SuiteRunnerWorker.java:52) [testng-7.8.0.jar:7.8.0]
	at org.testng.SuiteRunnerWorker.run(SuiteRunnerWorker.java:95) [testng-7.8.0.jar:7.8.0]
	at org.testng.TestNG.runSuitesSequentially(TestNG.java:1280) [testng-7.8.0.jar:7.8.0]
	at org.testng.TestNG.runSuitesLocally(TestNG.java:1200) [testng-7.8.0.jar:7.8.0]
	at org.testng.TestNG.runSuites(TestNG.java:1114) [testng-7.8.0.jar:7.8.0]
	at org.testng.TestNG.run(TestNG.java:1082) [testng-7.8.0.jar:7.8.0]
	at org.apache.maven.surefire.testng.TestNGExecutor.run(TestNGExecutor.java:308) [surefire-testng-3.5.2.jar:3.5.2]
	at org.apache.maven.surefire.testng.TestNGXmlTestSuite.execute(TestNGXmlTestSuite.java:71) [surefire-testng-3.5.2.jar:3.5.2]
	at org.apache.maven.surefire.testng.TestNGProvider.invoke(TestNGProvider.java:113) [surefire-testng-3.5.2.jar:3.5.2]
	at org.apache.maven.surefire.booter.ForkedBooter.runSuitesInProcess(ForkedBooter.java:385) [surefire-booter-3.5.2.jar:3.5.2]
	at org.apache.maven.surefire.booter.ForkedBooter.execute(ForkedBooter.java:162) [surefire-booter-3.5.2.jar:3.5.2]
	at org.apache.maven.surefire.booter.ForkedBooter.run(ForkedBooter.java:507) [surefire-booter-3.5.2.jar:3.5.2]
	at org.apache.maven.surefire.booter.ForkedBooter.main(ForkedBooter.java:495) [surefire-booter-3.5.2.jar:3.5.2]
03-12-2024 10:53:12.638 [main] DEBUG - areFieldsNotEmpty = true
03-12-2024 10:53:12.638 [main] DEBUG - areFieldsEmpty = true
03-12-2024 10:53:12.641 [main] DEBUG - No alert present. Checking mandatory fields.
03-12-2024 10:53:12.667 [main] DEBUG - Mandatory fields are missing or invalid.
03-12-2024 10:53:12.683 [main] DEBUG - Test parameters - FirstName: Ishita, LastName: , ZipCode: A234wd, AlertText: Customer added successfully, RunMode: Y
03-12-2024 10:53:12.743 [main] DEBUG - Add Customer button clicked
03-12-2024 10:53:12.747 [main] DEBUG - Navigated to Add Customer page
03-12-2024 10:53:13.075 [main] DEBUG - Add Customer button clicked
03-12-2024 10:53:13.077 [main] DEBUG - No alert present. Checking mandatory fields.
03-12-2024 10:53:13.142 [main] DEBUG - Mandatory fields are missing or invalid.
03-12-2024 10:53:13.161 [main] DEBUG - Test parameters - FirstName: , LastName: Sehgal, ZipCode: A234wd, AlertText: Customer added successfully, RunMode: Y
03-12-2024 10:53:13.236 [main] DEBUG - Add Customer button clicked
03-12-2024 10:53:13.240 [main] DEBUG - Navigated to Add Customer page
03-12-2024 10:53:13.561 [main] DEBUG - Add Customer button clicked
03-12-2024 10:53:13.564 [main] DEBUG - No alert present. Checking mandatory fields.
03-12-2024 10:53:13.589 [main] DEBUG - Mandatory fields are missing or invalid.
03-12-2024 10:53:13.607 [main] DEBUG - Test parameters - FirstName: Shivkumar, LastName: Konnuri, ZipCode: , AlertText: Customer added successfully, RunMode: Y
03-12-2024 10:53:13.683 [main] DEBUG - Add Customer button clicked
03-12-2024 10:53:13.687 [main] DEBUG - Navigated to Add Customer page
03-12-2024 10:53:13.995 [main] DEBUG - Add Customer button clicked
03-12-2024 10:53:13.997 [main] DEBUG - No alert present. Checking mandatory fields.
03-12-2024 10:53:14.068 [main] DEBUG - Mandatory fields are missing or invalid.
03-12-2024 10:53:14.081 [main] DEBUG - Test parameters - FirstName: Shivkumar, LastName: , ZipCode: , AlertText: Customer added successfully, RunMode: Y
03-12-2024 10:53:14.148 [main] DEBUG - Add Customer button clicked
03-12-2024 10:53:14.153 [main] DEBUG - Navigated to Add Customer page
03-12-2024 10:53:14.463 [main] DEBUG - Add Customer button clicked
03-12-2024 10:53:14.464 [main] DEBUG - No alert present. Checking mandatory fields.
03-12-2024 10:53:14.514 [main] DEBUG - Mandatory fields are missing or invalid.
03-12-2024 10:53:14.529 [main] DEBUG - Test parameters - FirstName: , LastName: , ZipCode: 123456.0, AlertText: Customer added successfully, RunMode: Y
03-12-2024 10:53:14.600 [main] DEBUG - Add Customer button clicked
03-12-2024 10:53:14.607 [main] DEBUG - Navigated to Add Customer page
03-12-2024 10:53:14.961 [main] DEBUG - Add Customer button clicked
03-12-2024 10:53:14.963 [main] DEBUG - No alert present. Checking mandatory fields.
03-12-2024 10:53:14.988 [main] DEBUG - Mandatory fields are missing or invalid.
03-12-2024 10:53:14.999 [main] DEBUG - Test parameters - FirstName: , LastName: Konnuri, ZipCode: , AlertText: Customer added successfully, RunMode: Y
03-12-2024 10:53:15.063 [main] DEBUG - Add Customer button clicked
03-12-2024 10:53:15.068 [main] DEBUG - Navigated to Add Customer page
03-12-2024 10:53:15.378 [main] DEBUG - Add Customer button clicked
03-12-2024 10:53:15.381 [main] DEBUG - No alert present. Checking mandatory fields.
03-12-2024 10:53:15.411 [main] DEBUG - Mandatory fields are missing or invalid.
03-12-2024 10:53:15.429 [main] DEBUG - Test parameters - FirstName: , LastName: , ZipCode: , AlertText: Customer added successfully, RunMode: Y
03-12-2024 10:53:15.510 [main] DEBUG - Add Customer button clicked
03-12-2024 10:53:15.514 [main] DEBUG - Navigated to Add Customer page
03-12-2024 10:53:15.813 [main] DEBUG - Add Customer button clicked
03-12-2024 10:53:15.816 [main] DEBUG - No alert present. Checking mandatory fields.
03-12-2024 10:53:15.841 [main] DEBUG - Mandatory fields are missing or invalid.
03-12-2024 10:53:15.860 [main] DEBUG - Test parameters - FirstName: Shiv, LastName: Konnuri, ZipCode: 123456.0, AlertText: Customer added successfully, RunMode: N
03-12-2024 10:53:15.930 [main] DEBUG - Add Customer button clicked
03-12-2024 10:53:15.935 [main] DEBUG - Navigated to Add Customer page
03-12-2024 10:53:16.238 [main] DEBUG - Add Customer button clicked
03-12-2024 10:53:16.240 [main] INFO  - Alert detected: Customer added successfully with customer id :8
03-12-2024 10:53:16.240 [main] INFO  - actualAlertText = true
03-12-2024 10:53:16.244 [main] DEBUG - Error while checking if text is empty for locator: firstNameInput
org.openqa.selenium.UnhandledAlertException: unexpected alert open: {Alert text : Customer added successfully with customer id :8}
  (Session info: chrome=131.0.6778.86): Customer added successfully with customer id :8
Build info: version: '4.23.0', revision: '4df0a231af'
System info: os.name: 'Windows 10', os.arch: 'amd64', os.version: '10.0', java.version: '17.0.11'
Driver info: org.openqa.selenium.chrome.ChromeDriver
Command: [8f77a895c33b8fa93fcea4b3bb80cbc0, findElement {using=css selector, value=input[ng-model='fName']}]
Capabilities {acceptInsecureCerts: false, browserName: chrome, browserVersion: 131.0.6778.86, chrome: {chromedriverVersion: 131.0.6778.85 (3d81e41b6f3a..., userDataDir: C:\Users\SHIVKU~1.K\AppData...}, fedcm:accounts: true, goog:chromeOptions: {debuggerAddress: localhost:57508}, networkConnectionEnabled: false, pageLoadStrategy: normal, platformName: windows, proxy: Proxy(), se:cdp: ws://localhost:57508/devtoo..., se:cdpVersion: 131.0.6778.86, setWindowRect: true, strictFileInteractability: false, timeouts: {implicit: 0, pageLoad: 300000, script: 30000}, unhandledPromptBehavior: dismiss and notify, webauthn:extension:credBlob: true, webauthn:extension:largeBlob: true, webauthn:extension:minPinLength: true, webauthn:extension:prf: true, webauthn:virtualAuthenticators: true}
Session ID: 8f77a895c33b8fa93fcea4b3bb80cbc0
	at org.openqa.selenium.remote.codec.w3c.W3CHttpResponseCodec.decode(W3CHttpResponseCodec.java:136) ~[selenium-remote-driver-4.23.0.jar:?]
	at org.openqa.selenium.remote.codec.w3c.W3CHttpResponseCodec.decode(W3CHttpResponseCodec.java:50) ~[selenium-remote-driver-4.23.0.jar:?]
	at org.openqa.selenium.remote.HttpCommandExecutor.execute(HttpCommandExecutor.java:190) ~[selenium-remote-driver-4.23.0.jar:?]
	at org.openqa.selenium.remote.service.DriverCommandExecutor.invokeExecute(DriverCommandExecutor.java:216) ~[selenium-remote-driver-4.23.0.jar:?]
	at org.openqa.selenium.remote.service.DriverCommandExecutor.execute(DriverCommandExecutor.java:174) ~[selenium-remote-driver-4.23.0.jar:?]
	at org.openqa.selenium.remote.RemoteWebDriver.execute(RemoteWebDriver.java:527) ~[selenium-remote-driver-4.23.0.jar:?]
	at org.openqa.selenium.remote.ElementLocation$ElementFinder$2.findElement(ElementLocation.java:165) ~[selenium-remote-driver-4.23.0.jar:?]
	at org.openqa.selenium.remote.ElementLocation.findElement(ElementLocation.java:59) ~[selenium-remote-driver-4.23.0.jar:?]
	at org.openqa.selenium.remote.RemoteWebDriver.findElement(RemoteWebDriver.java:357) ~[selenium-remote-driver-4.23.0.jar:?]
	at org.openqa.selenium.remote.RemoteWebDriver.findElement(RemoteWebDriver.java:351) ~[selenium-remote-driver-4.23.0.jar:?]
	at org.openqa.selenium.support.ui.ExpectedConditions$7.apply(ExpectedConditions.java:194) ~[selenium-support-4.23.0.jar:?]
	at org.openqa.selenium.support.ui.ExpectedConditions$7.apply(ExpectedConditions.java:190) ~[selenium-support-4.23.0.jar:?]
	at org.openqa.selenium.support.ui.ExpectedConditions$22.apply(ExpectedConditions.java:627) ~[selenium-support-4.23.0.jar:?]
	at org.openqa.selenium.support.ui.ExpectedConditions$22.apply(ExpectedConditions.java:624) ~[selenium-support-4.23.0.jar:?]
	at org.openqa.selenium.support.ui.FluentWait.until(FluentWait.java:203) ~[selenium-support-4.23.0.jar:?]
	at com.shiv.common.BaseSetup.isTextEmpty(BaseSetup.java:157) ~[test-classes/:?]
	at com.shiv.testcases.AddCustomerTest.addCustomerTest(AddCustomerTest.java:45) ~[test-classes/:?]
	at java.base/jdk.internal.reflect.NativeMethodAccessorImpl.invoke0(Native Method) ~[?:?]
	at java.base/jdk.internal.reflect.NativeMethodAccessorImpl.invoke(NativeMethodAccessorImpl.java:77) ~[?:?]
	at java.base/jdk.internal.reflect.DelegatingMethodAccessorImpl.invoke(DelegatingMethodAccessorImpl.java:43) ~[?:?]
	at java.base/java.lang.reflect.Method.invoke(Method.java:568) ~[?:?]
	at org.testng.internal.invokers.MethodInvocationHelper.invokeMethod(MethodInvocationHelper.java:139) ~[testng-7.8.0.jar:7.8.0]
	at org.testng.internal.invokers.TestInvoker.invokeMethod(TestInvoker.java:664) ~[testng-7.8.0.jar:7.8.0]
	at org.testng.internal.invokers.TestInvoker.invokeTestMethod(TestInvoker.java:227) ~[testng-7.8.0.jar:7.8.0]
	at org.testng.internal.invokers.MethodRunner.runInSequence(MethodRunner.java:50) ~[testng-7.8.0.jar:7.8.0]
	at org.testng.internal.invokers.TestInvoker$MethodInvocationAgent.invoke(TestInvoker.java:957) ~[testng-7.8.0.jar:7.8.0]
	at org.testng.internal.invokers.TestInvoker.invokeTestMethods(TestInvoker.java:200) ~[testng-7.8.0.jar:7.8.0]
	at org.testng.internal.invokers.TestMethodWorker.invokeTestMethods(TestMethodWorker.java:148) ~[testng-7.8.0.jar:7.8.0]
	at org.testng.internal.invokers.TestMethodWorker.run(TestMethodWorker.java:128) ~[testng-7.8.0.jar:7.8.0]
	at java.base/java.util.ArrayList.forEach(ArrayList.java:1511) [?:?]
	at org.testng.TestRunner.privateRun(TestRunner.java:848) [testng-7.8.0.jar:7.8.0]
	at org.testng.TestRunner.run(TestRunner.java:621) [testng-7.8.0.jar:7.8.0]
	at org.testng.SuiteRunner.runTest(SuiteRunner.java:443) [testng-7.8.0.jar:7.8.0]
	at org.testng.SuiteRunner.runSequentially(SuiteRunner.java:437) [testng-7.8.0.jar:7.8.0]
	at org.testng.SuiteRunner.privateRun(SuiteRunner.java:397) [testng-7.8.0.jar:7.8.0]
	at org.testng.SuiteRunner.run(SuiteRunner.java:336) [testng-7.8.0.jar:7.8.0]
	at org.testng.SuiteRunnerWorker.runSuite(SuiteRunnerWorker.java:52) [testng-7.8.0.jar:7.8.0]
	at org.testng.SuiteRunnerWorker.run(SuiteRunnerWorker.java:95) [testng-7.8.0.jar:7.8.0]
	at org.testng.TestNG.runSuitesSequentially(TestNG.java:1280) [testng-7.8.0.jar:7.8.0]
	at org.testng.TestNG.runSuitesLocally(TestNG.java:1200) [testng-7.8.0.jar:7.8.0]
	at org.testng.TestNG.runSuites(TestNG.java:1114) [testng-7.8.0.jar:7.8.0]
	at org.testng.TestNG.run(TestNG.java:1082) [testng-7.8.0.jar:7.8.0]
	at org.apache.maven.surefire.testng.TestNGExecutor.run(TestNGExecutor.java:308) [surefire-testng-3.5.2.jar:3.5.2]
	at org.apache.maven.surefire.testng.TestNGXmlTestSuite.execute(TestNGXmlTestSuite.java:71) [surefire-testng-3.5.2.jar:3.5.2]
	at org.apache.maven.surefire.testng.TestNGProvider.invoke(TestNGProvider.java:113) [surefire-testng-3.5.2.jar:3.5.2]
	at org.apache.maven.surefire.booter.ForkedBooter.runSuitesInProcess(ForkedBooter.java:385) [surefire-booter-3.5.2.jar:3.5.2]
	at org.apache.maven.surefire.booter.ForkedBooter.execute(ForkedBooter.java:162) [surefire-booter-3.5.2.jar:3.5.2]
	at org.apache.maven.surefire.booter.ForkedBooter.run(ForkedBooter.java:507) [surefire-booter-3.5.2.jar:3.5.2]
	at org.apache.maven.surefire.booter.ForkedBooter.main(ForkedBooter.java:495) [surefire-booter-3.5.2.jar:3.5.2]
03-12-2024 10:53:16.326 [main] DEBUG - areFieldsNotEmpty = true
03-12-2024 10:53:16.326 [main] DEBUG - areFieldsEmpty = true
03-12-2024 10:53:16.328 [main] DEBUG - No alert present. Checking mandatory fields.
03-12-2024 10:53:16.351 [main] DEBUG - Mandatory fields are missing or invalid.
03-12-2024 10:53:16.371 [main] DEBUG - Test parameters - FirstName:   , LastName:        , ZipCode:         , AlertText: Customer added successfully, RunMode: Y
03-12-2024 10:53:16.446 [main] DEBUG - Add Customer button clicked
03-12-2024 10:53:16.451 [main] DEBUG - Navigated to Add Customer page
03-12-2024 10:53:16.815 [main] DEBUG - Add Customer button clicked
03-12-2024 10:53:16.819 [main] INFO  - Alert detected: Please check the details. Customer may be duplicate.
03-12-2024 10:53:16.820 [main] INFO  - actualAlertText = false
03-12-2024 10:53:16.825 [main] DEBUG - Error while checking if text is empty for locator: firstNameInput
org.openqa.selenium.UnhandledAlertException: unexpected alert open: {Alert text : Please check the details. Customer may be duplicate.}
  (Session info: chrome=131.0.6778.86): Please check the details. Customer may be duplicate.
Build info: version: '4.23.0', revision: '4df0a231af'
System info: os.name: 'Windows 10', os.arch: 'amd64', os.version: '10.0', java.version: '17.0.11'
Driver info: org.openqa.selenium.chrome.ChromeDriver
Command: [8f77a895c33b8fa93fcea4b3bb80cbc0, findElement {using=css selector, value=input[ng-model='fName']}]
Capabilities {acceptInsecureCerts: false, browserName: chrome, browserVersion: 131.0.6778.86, chrome: {chromedriverVersion: 131.0.6778.85 (3d81e41b6f3a..., userDataDir: C:\Users\SHIVKU~1.K\AppData...}, fedcm:accounts: true, goog:chromeOptions: {debuggerAddress: localhost:57508}, networkConnectionEnabled: false, pageLoadStrategy: normal, platformName: windows, proxy: Proxy(), se:cdp: ws://localhost:57508/devtoo..., se:cdpVersion: 131.0.6778.86, setWindowRect: true, strictFileInteractability: false, timeouts: {implicit: 0, pageLoad: 300000, script: 30000}, unhandledPromptBehavior: dismiss and notify, webauthn:extension:credBlob: true, webauthn:extension:largeBlob: true, webauthn:extension:minPinLength: true, webauthn:extension:prf: true, webauthn:virtualAuthenticators: true}
Session ID: 8f77a895c33b8fa93fcea4b3bb80cbc0
	at org.openqa.selenium.remote.codec.w3c.W3CHttpResponseCodec.decode(W3CHttpResponseCodec.java:136) ~[selenium-remote-driver-4.23.0.jar:?]
	at org.openqa.selenium.remote.codec.w3c.W3CHttpResponseCodec.decode(W3CHttpResponseCodec.java:50) ~[selenium-remote-driver-4.23.0.jar:?]
	at org.openqa.selenium.remote.HttpCommandExecutor.execute(HttpCommandExecutor.java:190) ~[selenium-remote-driver-4.23.0.jar:?]
	at org.openqa.selenium.remote.service.DriverCommandExecutor.invokeExecute(DriverCommandExecutor.java:216) ~[selenium-remote-driver-4.23.0.jar:?]
	at org.openqa.selenium.remote.service.DriverCommandExecutor.execute(DriverCommandExecutor.java:174) ~[selenium-remote-driver-4.23.0.jar:?]
	at org.openqa.selenium.remote.RemoteWebDriver.execute(RemoteWebDriver.java:527) ~[selenium-remote-driver-4.23.0.jar:?]
	at org.openqa.selenium.remote.ElementLocation$ElementFinder$2.findElement(ElementLocation.java:165) ~[selenium-remote-driver-4.23.0.jar:?]
	at org.openqa.selenium.remote.ElementLocation.findElement(ElementLocation.java:59) ~[selenium-remote-driver-4.23.0.jar:?]
	at org.openqa.selenium.remote.RemoteWebDriver.findElement(RemoteWebDriver.java:357) ~[selenium-remote-driver-4.23.0.jar:?]
	at org.openqa.selenium.remote.RemoteWebDriver.findElement(RemoteWebDriver.java:351) ~[selenium-remote-driver-4.23.0.jar:?]
	at org.openqa.selenium.support.ui.ExpectedConditions$7.apply(ExpectedConditions.java:194) ~[selenium-support-4.23.0.jar:?]
	at org.openqa.selenium.support.ui.ExpectedConditions$7.apply(ExpectedConditions.java:190) ~[selenium-support-4.23.0.jar:?]
	at org.openqa.selenium.support.ui.ExpectedConditions$22.apply(ExpectedConditions.java:627) ~[selenium-support-4.23.0.jar:?]
	at org.openqa.selenium.support.ui.ExpectedConditions$22.apply(ExpectedConditions.java:624) ~[selenium-support-4.23.0.jar:?]
	at org.openqa.selenium.support.ui.FluentWait.until(FluentWait.java:203) ~[selenium-support-4.23.0.jar:?]
	at com.shiv.common.BaseSetup.isTextEmpty(BaseSetup.java:157) ~[test-classes/:?]
	at com.shiv.testcases.AddCustomerTest.addCustomerTest(AddCustomerTest.java:45) ~[test-classes/:?]
	at java.base/jdk.internal.reflect.NativeMethodAccessorImpl.invoke0(Native Method) ~[?:?]
	at java.base/jdk.internal.reflect.NativeMethodAccessorImpl.invoke(NativeMethodAccessorImpl.java:77) ~[?:?]
	at java.base/jdk.internal.reflect.DelegatingMethodAccessorImpl.invoke(DelegatingMethodAccessorImpl.java:43) ~[?:?]
	at java.base/java.lang.reflect.Method.invoke(Method.java:568) ~[?:?]
	at org.testng.internal.invokers.MethodInvocationHelper.invokeMethod(MethodInvocationHelper.java:139) ~[testng-7.8.0.jar:7.8.0]
	at org.testng.internal.invokers.TestInvoker.invokeMethod(TestInvoker.java:664) ~[testng-7.8.0.jar:7.8.0]
	at org.testng.internal.invokers.TestInvoker.invokeTestMethod(TestInvoker.java:227) ~[testng-7.8.0.jar:7.8.0]
	at org.testng.internal.invokers.MethodRunner.runInSequence(MethodRunner.java:50) ~[testng-7.8.0.jar:7.8.0]
	at org.testng.internal.invokers.TestInvoker$MethodInvocationAgent.invoke(TestInvoker.java:957) ~[testng-7.8.0.jar:7.8.0]
	at org.testng.internal.invokers.TestInvoker.invokeTestMethods(TestInvoker.java:200) ~[testng-7.8.0.jar:7.8.0]
	at org.testng.internal.invokers.TestMethodWorker.invokeTestMethods(TestMethodWorker.java:148) ~[testng-7.8.0.jar:7.8.0]
	at org.testng.internal.invokers.TestMethodWorker.run(TestMethodWorker.java:128) ~[testng-7.8.0.jar:7.8.0]
	at java.base/java.util.ArrayList.forEach(ArrayList.java:1511) [?:?]
	at org.testng.TestRunner.privateRun(TestRunner.java:848) [testng-7.8.0.jar:7.8.0]
	at org.testng.TestRunner.run(TestRunner.java:621) [testng-7.8.0.jar:7.8.0]
	at org.testng.SuiteRunner.runTest(SuiteRunner.java:443) [testng-7.8.0.jar:7.8.0]
	at org.testng.SuiteRunner.runSequentially(SuiteRunner.java:437) [testng-7.8.0.jar:7.8.0]
	at org.testng.SuiteRunner.privateRun(SuiteRunner.java:397) [testng-7.8.0.jar:7.8.0]
	at org.testng.SuiteRunner.run(SuiteRunner.java:336) [testng-7.8.0.jar:7.8.0]
	at org.testng.SuiteRunnerWorker.runSuite(SuiteRunnerWorker.java:52) [testng-7.8.0.jar:7.8.0]
	at org.testng.SuiteRunnerWorker.run(SuiteRunnerWorker.java:95) [testng-7.8.0.jar:7.8.0]
	at org.testng.TestNG.runSuitesSequentially(TestNG.java:1280) [testng-7.8.0.jar:7.8.0]
	at org.testng.TestNG.runSuitesLocally(TestNG.java:1200) [testng-7.8.0.jar:7.8.0]
	at org.testng.TestNG.runSuites(TestNG.java:1114) [testng-7.8.0.jar:7.8.0]
	at org.testng.TestNG.run(TestNG.java:1082) [testng-7.8.0.jar:7.8.0]
	at org.apache.maven.surefire.testng.TestNGExecutor.run(TestNGExecutor.java:308) [surefire-testng-3.5.2.jar:3.5.2]
	at org.apache.maven.surefire.testng.TestNGXmlTestSuite.execute(TestNGXmlTestSuite.java:71) [surefire-testng-3.5.2.jar:3.5.2]
	at org.apache.maven.surefire.testng.TestNGProvider.invoke(TestNGProvider.java:113) [surefire-testng-3.5.2.jar:3.5.2]
	at org.apache.maven.surefire.booter.ForkedBooter.runSuitesInProcess(ForkedBooter.java:385) [surefire-booter-3.5.2.jar:3.5.2]
	at org.apache.maven.surefire.booter.ForkedBooter.execute(ForkedBooter.java:162) [surefire-booter-3.5.2.jar:3.5.2]
	at org.apache.maven.surefire.booter.ForkedBooter.run(ForkedBooter.java:507) [surefire-booter-3.5.2.jar:3.5.2]
	at org.apache.maven.surefire.booter.ForkedBooter.main(ForkedBooter.java:495) [surefire-booter-3.5.2.jar:3.5.2]
03-12-2024 10:53:16.911 [main] DEBUG - areFieldsNotEmpty = true
03-12-2024 10:53:16.911 [main] DEBUG - areFieldsEmpty = true
03-12-2024 10:53:16.915 [main] DEBUG - No alert present. Checking mandatory fields.
03-12-2024 10:53:16.938 [main] DEBUG - Mandatory fields are missing or invalid.
03-12-2024 10:53:16.953 [main] DEBUG - Test parameters - FirstName: , LastName: , ZipCode: , AlertText: Please check the details, RunMode: Y
03-12-2024 10:53:17.016 [main] DEBUG - Add Customer button clicked
03-12-2024 10:53:17.025 [main] DEBUG - Navigated to Add Customer page
03-12-2024 10:53:17.344 [main] DEBUG - Add Customer button clicked
03-12-2024 10:53:17.346 [main] DEBUG - No alert present. Checking mandatory fields.
03-12-2024 10:53:17.375 [main] DEBUG - Mandatory fields are missing or invalid.
03-12-2024 10:53:22.728 [main] DEBUG - Customer with name Raman Arorais selected from the dropdown
03-12-2024 10:53:22.790 [main] DEBUG - Currency Rupee is selected from the dropdown
03-12-2024 10:53:23.051 [main] DEBUG - Customer with name Shivkumar Konnuriis selected from the dropdown
03-12-2024 10:53:23.105 [main] DEBUG - Currency Rupee is selected from the dropdown
03-12-2024 10:53:23.333 [main] DEBUG - No alert present. Checking mandatory fields.
03-12-2024 10:53:23.353 [main] DEBUG - Mandatory fields are missing or invalid.
03-12-2024 12:22:53.490 [main] DEBUG - config.properties file loaded
03-12-2024 12:22:53.493 [main] DEBUG - OR.properties file loaded
03-12-2024 12:23:04.284 [main] DEBUG - Chrome browser launched
03-12-2024 12:23:06.354 [main] DEBUG - Navigated to URL: https://way2automation.com/angularjs-protractor/banking/#/login
03-12-2024 12:23:06.389 [main] DEBUG - Browser window maximized
03-12-2024 12:25:46.611 [main] DEBUG - config.properties file loaded
03-12-2024 12:25:46.614 [main] DEBUG - OR.properties file loaded
03-12-2024 12:25:48.312 [main] DEBUG - Chrome browser launched
03-12-2024 12:25:49.903 [main] DEBUG - Navigated to URL: https://way2automation.com/angularjs-protractor/banking/#/login
03-12-2024 12:25:49.934 [main] DEBUG - Browser window maximized
03-12-2024 12:25:51.336 [main] DEBUG - Test parameters - FirstName: Raman, LastName: Arora, ZipCode: A234wd, AlertText: Customer added successfully, RunMode: Y
03-12-2024 12:26:21.541 [main] DEBUG - Test parameters - FirstName: Shivkumar, LastName: Konnuri, ZipCode: 123456.0, AlertText: Customer added successfully, RunMode: Y
03-12-2024 12:26:41.752 [main] DEBUG - Test parameters - FirstName: Ishita, LastName: , ZipCode: A234wd, AlertText: Customer added successfully, RunMode: Y
03-12-2024 12:26:41.826 [main] DEBUG - Test parameters - FirstName: , LastName: Sehgal, ZipCode: A234wd, AlertText: Customer added successfully, RunMode: Y
03-12-2024 12:26:41.926 [main] DEBUG - Test parameters - FirstName: Shivkumar, LastName: Konnuri, ZipCode: , AlertText: Customer added successfully, RunMode: Y
03-12-2024 12:26:42.047 [main] DEBUG - Test parameters - FirstName: Shivkumar, LastName: , ZipCode: , AlertText: Customer added successfully, RunMode: Y
03-12-2024 12:26:42.182 [main] DEBUG - Test parameters - FirstName: , LastName: , ZipCode: 123456.0, AlertText: Customer added successfully, RunMode: Y
03-12-2024 12:26:42.356 [main] DEBUG - Test parameters - FirstName: , LastName: Konnuri, ZipCode: , AlertText: Customer added successfully, RunMode: Y
03-12-2024 12:26:42.435 [main] DEBUG - Test parameters - FirstName: , LastName: , ZipCode: , AlertText: Customer added successfully, RunMode: Y
03-12-2024 12:26:42.546 [main] DEBUG - Test parameters - FirstName: Shiv, LastName: Konnuri, ZipCode: 123456.0, AlertText: Customer added successfully, RunMode: N
03-12-2024 12:27:12.855 [main] DEBUG - config.properties file loaded
03-12-2024 12:27:12.857 [main] DEBUG - OR.properties file loaded
03-12-2024 12:27:14.608 [main] DEBUG - Chrome browser launched
03-12-2024 12:27:16.882 [main] DEBUG - Navigated to URL: https://way2automation.com/angularjs-protractor/banking/#/login
03-12-2024 12:27:16.916 [main] DEBUG - Browser window maximized
03-12-2024 12:27:18.576 [main] DEBUG - Test parameters - FirstName: Raman, LastName: Arora, ZipCode: A234wd, AlertText: Customer added successfully, RunMode: Y
03-12-2024 12:27:48.925 [main] DEBUG - Test parameters - FirstName: Shivkumar, LastName: Konnuri, ZipCode: 123456.0, AlertText: Customer added successfully, RunMode: Y
03-12-2024 12:28:19.156 [main] DEBUG - Test parameters - FirstName: Ishita, LastName: , ZipCode: A234wd, AlertText: Customer added successfully, RunMode: Y
03-12-2024 12:28:49.403 [main] DEBUG - Test parameters - FirstName: , LastName: Sehgal, ZipCode: A234wd, AlertText: Customer added successfully, RunMode: Y
03-12-2024 12:29:58.628 [main] DEBUG - config.properties file loaded
03-12-2024 12:29:58.631 [main] DEBUG - OR.properties file loaded
03-12-2024 12:30:00.448 [main] DEBUG - Chrome browser launched
03-12-2024 12:30:04.067 [main] DEBUG - Navigated to URL: https://way2automation.com/angularjs-protractor/banking/#/login
03-12-2024 12:30:04.098 [main] DEBUG - Browser window maximized
03-12-2024 12:30:05.038 [main] DEBUG - Manager Login Button clicked
03-12-2024 12:30:10.067 [main] DEBUG - Logged in url validated
03-12-2024 12:30:10.080 [main] DEBUG - Add Customer Button is present
03-12-2024 12:30:10.081 [main] DEBUG - Manager Logged in Succcessfully
03-12-2024 12:30:10.697 [main] DEBUG - Test parameters - FirstName: Raman, LastName: Arora, ZipCode: A234wd, AlertText: Customer added successfully, RunMode: Y
03-12-2024 12:30:10.786 [main] DEBUG - Add Customer button clicked
03-12-2024 12:30:15.812 [main] DEBUG - Navigated to Add Customer page
03-12-2024 12:30:16.256 [main] DEBUG - Add Customer button clicked
03-12-2024 12:30:16.260 [main] INFO  - Alert detected: Customer added successfully with customer id :6
03-12-2024 12:30:16.261 [main] INFO  - actualAlertText = true
03-12-2024 12:30:16.274 [main] DEBUG - Error while checking if text is empty for locator: firstNameInput
org.openqa.selenium.UnhandledAlertException: unexpected alert open: {Alert text : Customer added successfully with customer id :6}
  (Session info: chrome=131.0.6778.86): Customer added successfully with customer id :6
Build info: version: '4.23.0', revision: '4df0a231af'
System info: os.name: 'Windows 10', os.arch: 'amd64', os.version: '10.0', java.version: '17.0.11'
Driver info: org.openqa.selenium.chrome.ChromeDriver
Command: [c8b80bb4f0b08296b0dcc1e44de24747, findElement {using=css selector, value=input[ng-model='fName']}]
Capabilities {acceptInsecureCerts: false, browserName: chrome, browserVersion: 131.0.6778.86, chrome: {chromedriverVersion: 131.0.6778.85 (3d81e41b6f3a..., userDataDir: C:\Users\SHIVKU~1.K\AppData...}, fedcm:accounts: true, goog:chromeOptions: {debuggerAddress: localhost:60949}, networkConnectionEnabled: false, pageLoadStrategy: normal, platformName: windows, proxy: Proxy(), se:cdp: ws://localhost:60949/devtoo..., se:cdpVersion: 131.0.6778.86, setWindowRect: true, strictFileInteractability: false, timeouts: {implicit: 0, pageLoad: 300000, script: 30000}, unhandledPromptBehavior: dismiss and notify, webauthn:extension:credBlob: true, webauthn:extension:largeBlob: true, webauthn:extension:minPinLength: true, webauthn:extension:prf: true, webauthn:virtualAuthenticators: true}
Session ID: c8b80bb4f0b08296b0dcc1e44de24747
	at org.openqa.selenium.remote.codec.w3c.W3CHttpResponseCodec.decode(W3CHttpResponseCodec.java:136) ~[selenium-remote-driver-4.23.0.jar:?]
	at org.openqa.selenium.remote.codec.w3c.W3CHttpResponseCodec.decode(W3CHttpResponseCodec.java:50) ~[selenium-remote-driver-4.23.0.jar:?]
	at org.openqa.selenium.remote.HttpCommandExecutor.execute(HttpCommandExecutor.java:190) ~[selenium-remote-driver-4.23.0.jar:?]
	at org.openqa.selenium.remote.service.DriverCommandExecutor.invokeExecute(DriverCommandExecutor.java:216) ~[selenium-remote-driver-4.23.0.jar:?]
	at org.openqa.selenium.remote.service.DriverCommandExecutor.execute(DriverCommandExecutor.java:174) ~[selenium-remote-driver-4.23.0.jar:?]
	at org.openqa.selenium.remote.RemoteWebDriver.execute(RemoteWebDriver.java:527) ~[selenium-remote-driver-4.23.0.jar:?]
	at org.openqa.selenium.remote.ElementLocation$ElementFinder$2.findElement(ElementLocation.java:165) ~[selenium-remote-driver-4.23.0.jar:?]
	at org.openqa.selenium.remote.ElementLocation.findElement(ElementLocation.java:59) ~[selenium-remote-driver-4.23.0.jar:?]
	at org.openqa.selenium.remote.RemoteWebDriver.findElement(RemoteWebDriver.java:357) ~[selenium-remote-driver-4.23.0.jar:?]
	at org.openqa.selenium.remote.RemoteWebDriver.findElement(RemoteWebDriver.java:351) ~[selenium-remote-driver-4.23.0.jar:?]
	at org.openqa.selenium.support.ui.ExpectedConditions$7.apply(ExpectedConditions.java:194) ~[selenium-support-4.23.0.jar:?]
	at org.openqa.selenium.support.ui.ExpectedConditions$7.apply(ExpectedConditions.java:190) ~[selenium-support-4.23.0.jar:?]
	at org.openqa.selenium.support.ui.ExpectedConditions$22.apply(ExpectedConditions.java:627) ~[selenium-support-4.23.0.jar:?]
	at org.openqa.selenium.support.ui.ExpectedConditions$22.apply(ExpectedConditions.java:624) ~[selenium-support-4.23.0.jar:?]
	at org.openqa.selenium.support.ui.FluentWait.until(FluentWait.java:203) ~[selenium-support-4.23.0.jar:?]
	at com.shiv.common.BaseSetup.isTextEmpty(BaseSetup.java:157) ~[test-classes/:?]
	at com.shiv.testcases.AddCustomerTest.addCustomerTest(AddCustomerTest.java:45) ~[test-classes/:?]
	at java.base/jdk.internal.reflect.NativeMethodAccessorImpl.invoke0(Native Method) ~[?:?]
	at java.base/jdk.internal.reflect.NativeMethodAccessorImpl.invoke(NativeMethodAccessorImpl.java:77) ~[?:?]
	at java.base/jdk.internal.reflect.DelegatingMethodAccessorImpl.invoke(DelegatingMethodAccessorImpl.java:43) ~[?:?]
	at java.base/java.lang.reflect.Method.invoke(Method.java:568) ~[?:?]
	at org.testng.internal.invokers.MethodInvocationHelper.invokeMethod(MethodInvocationHelper.java:139) ~[testng-7.8.0.jar:7.8.0]
	at org.testng.internal.invokers.TestInvoker.invokeMethod(TestInvoker.java:664) ~[testng-7.8.0.jar:7.8.0]
	at org.testng.internal.invokers.TestInvoker.invokeTestMethod(TestInvoker.java:227) ~[testng-7.8.0.jar:7.8.0]
	at org.testng.internal.invokers.MethodRunner.runInSequence(MethodRunner.java:50) ~[testng-7.8.0.jar:7.8.0]
	at org.testng.internal.invokers.TestInvoker$MethodInvocationAgent.invoke(TestInvoker.java:957) ~[testng-7.8.0.jar:7.8.0]
	at org.testng.internal.invokers.TestInvoker.invokeTestMethods(TestInvoker.java:200) ~[testng-7.8.0.jar:7.8.0]
	at org.testng.internal.invokers.TestMethodWorker.invokeTestMethods(TestMethodWorker.java:148) ~[testng-7.8.0.jar:7.8.0]
	at org.testng.internal.invokers.TestMethodWorker.run(TestMethodWorker.java:128) ~[testng-7.8.0.jar:7.8.0]
	at java.base/java.util.ArrayList.forEach(ArrayList.java:1511) [?:?]
	at org.testng.TestRunner.privateRun(TestRunner.java:848) [testng-7.8.0.jar:7.8.0]
	at org.testng.TestRunner.run(TestRunner.java:621) [testng-7.8.0.jar:7.8.0]
	at org.testng.SuiteRunner.runTest(SuiteRunner.java:443) [testng-7.8.0.jar:7.8.0]
	at org.testng.SuiteRunner.runSequentially(SuiteRunner.java:437) [testng-7.8.0.jar:7.8.0]
	at org.testng.SuiteRunner.privateRun(SuiteRunner.java:397) [testng-7.8.0.jar:7.8.0]
	at org.testng.SuiteRunner.run(SuiteRunner.java:336) [testng-7.8.0.jar:7.8.0]
	at org.testng.SuiteRunnerWorker.runSuite(SuiteRunnerWorker.java:52) [testng-7.8.0.jar:7.8.0]
	at org.testng.SuiteRunnerWorker.run(SuiteRunnerWorker.java:95) [testng-7.8.0.jar:7.8.0]
	at org.testng.TestNG.runSuitesSequentially(TestNG.java:1280) [testng-7.8.0.jar:7.8.0]
	at org.testng.TestNG.runSuitesLocally(TestNG.java:1200) [testng-7.8.0.jar:7.8.0]
	at org.testng.TestNG.runSuites(TestNG.java:1114) [testng-7.8.0.jar:7.8.0]
	at org.testng.TestNG.run(TestNG.java:1082) [testng-7.8.0.jar:7.8.0]
	at org.apache.maven.surefire.testng.TestNGExecutor.run(TestNGExecutor.java:308) [surefire-testng-3.5.2.jar:3.5.2]
	at org.apache.maven.surefire.testng.TestNGXmlTestSuite.execute(TestNGXmlTestSuite.java:71) [surefire-testng-3.5.2.jar:3.5.2]
	at org.apache.maven.surefire.testng.TestNGProvider.invoke(TestNGProvider.java:113) [surefire-testng-3.5.2.jar:3.5.2]
	at org.apache.maven.surefire.booter.ForkedBooter.runSuitesInProcess(ForkedBooter.java:385) [surefire-booter-3.5.2.jar:3.5.2]
	at org.apache.maven.surefire.booter.ForkedBooter.execute(ForkedBooter.java:162) [surefire-booter-3.5.2.jar:3.5.2]
	at org.apache.maven.surefire.booter.ForkedBooter.run(ForkedBooter.java:507) [surefire-booter-3.5.2.jar:3.5.2]
	at org.apache.maven.surefire.booter.ForkedBooter.main(ForkedBooter.java:495) [surefire-booter-3.5.2.jar:3.5.2]
03-12-2024 12:30:16.387 [main] DEBUG - areFieldsNotEmpty = true
03-12-2024 12:30:16.387 [main] DEBUG - areFieldsEmpty = true
03-12-2024 12:30:16.392 [main] DEBUG - No alert present. Checking mandatory fields.
03-12-2024 12:30:16.422 [main] DEBUG - Mandatory fields are missing or invalid.
03-12-2024 12:30:16.515 [main] DEBUG - Test parameters - FirstName: Shivkumar, LastName: Konnuri, ZipCode: 123456.0, AlertText: Customer added successfully, RunMode: Y
03-12-2024 12:30:16.594 [main] DEBUG - Add Customer button clicked
03-12-2024 12:30:16.599 [main] DEBUG - Navigated to Add Customer page
03-12-2024 12:30:16.959 [main] DEBUG - Add Customer button clicked
03-12-2024 12:30:16.964 [main] INFO  - Alert detected: Customer added successfully with customer id :7
03-12-2024 12:30:16.965 [main] INFO  - actualAlertText = true
03-12-2024 12:30:16.970 [main] DEBUG - Error while checking if text is empty for locator: firstNameInput
org.openqa.selenium.UnhandledAlertException: unexpected alert open: {Alert text : Customer added successfully with customer id :7}
  (Session info: chrome=131.0.6778.86): Customer added successfully with customer id :7
Build info: version: '4.23.0', revision: '4df0a231af'
System info: os.name: 'Windows 10', os.arch: 'amd64', os.version: '10.0', java.version: '17.0.11'
Driver info: org.openqa.selenium.chrome.ChromeDriver
Command: [c8b80bb4f0b08296b0dcc1e44de24747, findElement {using=css selector, value=input[ng-model='fName']}]
Capabilities {acceptInsecureCerts: false, browserName: chrome, browserVersion: 131.0.6778.86, chrome: {chromedriverVersion: 131.0.6778.85 (3d81e41b6f3a..., userDataDir: C:\Users\SHIVKU~1.K\AppData...}, fedcm:accounts: true, goog:chromeOptions: {debuggerAddress: localhost:60949}, networkConnectionEnabled: false, pageLoadStrategy: normal, platformName: windows, proxy: Proxy(), se:cdp: ws://localhost:60949/devtoo..., se:cdpVersion: 131.0.6778.86, setWindowRect: true, strictFileInteractability: false, timeouts: {implicit: 0, pageLoad: 300000, script: 30000}, unhandledPromptBehavior: dismiss and notify, webauthn:extension:credBlob: true, webauthn:extension:largeBlob: true, webauthn:extension:minPinLength: true, webauthn:extension:prf: true, webauthn:virtualAuthenticators: true}
Session ID: c8b80bb4f0b08296b0dcc1e44de24747
	at org.openqa.selenium.remote.codec.w3c.W3CHttpResponseCodec.decode(W3CHttpResponseCodec.java:136) ~[selenium-remote-driver-4.23.0.jar:?]
	at org.openqa.selenium.remote.codec.w3c.W3CHttpResponseCodec.decode(W3CHttpResponseCodec.java:50) ~[selenium-remote-driver-4.23.0.jar:?]
	at org.openqa.selenium.remote.HttpCommandExecutor.execute(HttpCommandExecutor.java:190) ~[selenium-remote-driver-4.23.0.jar:?]
	at org.openqa.selenium.remote.service.DriverCommandExecutor.invokeExecute(DriverCommandExecutor.java:216) ~[selenium-remote-driver-4.23.0.jar:?]
	at org.openqa.selenium.remote.service.DriverCommandExecutor.execute(DriverCommandExecutor.java:174) ~[selenium-remote-driver-4.23.0.jar:?]
	at org.openqa.selenium.remote.RemoteWebDriver.execute(RemoteWebDriver.java:527) ~[selenium-remote-driver-4.23.0.jar:?]
	at org.openqa.selenium.remote.ElementLocation$ElementFinder$2.findElement(ElementLocation.java:165) ~[selenium-remote-driver-4.23.0.jar:?]
	at org.openqa.selenium.remote.ElementLocation.findElement(ElementLocation.java:59) ~[selenium-remote-driver-4.23.0.jar:?]
	at org.openqa.selenium.remote.RemoteWebDriver.findElement(RemoteWebDriver.java:357) ~[selenium-remote-driver-4.23.0.jar:?]
	at org.openqa.selenium.remote.RemoteWebDriver.findElement(RemoteWebDriver.java:351) ~[selenium-remote-driver-4.23.0.jar:?]
	at org.openqa.selenium.support.ui.ExpectedConditions$7.apply(ExpectedConditions.java:194) ~[selenium-support-4.23.0.jar:?]
	at org.openqa.selenium.support.ui.ExpectedConditions$7.apply(ExpectedConditions.java:190) ~[selenium-support-4.23.0.jar:?]
	at org.openqa.selenium.support.ui.ExpectedConditions$22.apply(ExpectedConditions.java:627) ~[selenium-support-4.23.0.jar:?]
	at org.openqa.selenium.support.ui.ExpectedConditions$22.apply(ExpectedConditions.java:624) ~[selenium-support-4.23.0.jar:?]
	at org.openqa.selenium.support.ui.FluentWait.until(FluentWait.java:203) ~[selenium-support-4.23.0.jar:?]
	at com.shiv.common.BaseSetup.isTextEmpty(BaseSetup.java:157) ~[test-classes/:?]
	at com.shiv.testcases.AddCustomerTest.addCustomerTest(AddCustomerTest.java:45) ~[test-classes/:?]
	at java.base/jdk.internal.reflect.NativeMethodAccessorImpl.invoke0(Native Method) ~[?:?]
	at java.base/jdk.internal.reflect.NativeMethodAccessorImpl.invoke(NativeMethodAccessorImpl.java:77) ~[?:?]
	at java.base/jdk.internal.reflect.DelegatingMethodAccessorImpl.invoke(DelegatingMethodAccessorImpl.java:43) ~[?:?]
	at java.base/java.lang.reflect.Method.invoke(Method.java:568) ~[?:?]
	at org.testng.internal.invokers.MethodInvocationHelper.invokeMethod(MethodInvocationHelper.java:139) ~[testng-7.8.0.jar:7.8.0]
	at org.testng.internal.invokers.TestInvoker.invokeMethod(TestInvoker.java:664) ~[testng-7.8.0.jar:7.8.0]
	at org.testng.internal.invokers.TestInvoker.invokeTestMethod(TestInvoker.java:227) ~[testng-7.8.0.jar:7.8.0]
	at org.testng.internal.invokers.MethodRunner.runInSequence(MethodRunner.java:50) ~[testng-7.8.0.jar:7.8.0]
	at org.testng.internal.invokers.TestInvoker$MethodInvocationAgent.invoke(TestInvoker.java:957) ~[testng-7.8.0.jar:7.8.0]
	at org.testng.internal.invokers.TestInvoker.invokeTestMethods(TestInvoker.java:200) ~[testng-7.8.0.jar:7.8.0]
	at org.testng.internal.invokers.TestMethodWorker.invokeTestMethods(TestMethodWorker.java:148) ~[testng-7.8.0.jar:7.8.0]
	at org.testng.internal.invokers.TestMethodWorker.run(TestMethodWorker.java:128) ~[testng-7.8.0.jar:7.8.0]
	at java.base/java.util.ArrayList.forEach(ArrayList.java:1511) [?:?]
	at org.testng.TestRunner.privateRun(TestRunner.java:848) [testng-7.8.0.jar:7.8.0]
	at org.testng.TestRunner.run(TestRunner.java:621) [testng-7.8.0.jar:7.8.0]
	at org.testng.SuiteRunner.runTest(SuiteRunner.java:443) [testng-7.8.0.jar:7.8.0]
	at org.testng.SuiteRunner.runSequentially(SuiteRunner.java:437) [testng-7.8.0.jar:7.8.0]
	at org.testng.SuiteRunner.privateRun(SuiteRunner.java:397) [testng-7.8.0.jar:7.8.0]
	at org.testng.SuiteRunner.run(SuiteRunner.java:336) [testng-7.8.0.jar:7.8.0]
	at org.testng.SuiteRunnerWorker.runSuite(SuiteRunnerWorker.java:52) [testng-7.8.0.jar:7.8.0]
	at org.testng.SuiteRunnerWorker.run(SuiteRunnerWorker.java:95) [testng-7.8.0.jar:7.8.0]
	at org.testng.TestNG.runSuitesSequentially(TestNG.java:1280) [testng-7.8.0.jar:7.8.0]
	at org.testng.TestNG.runSuitesLocally(TestNG.java:1200) [testng-7.8.0.jar:7.8.0]
	at org.testng.TestNG.runSuites(TestNG.java:1114) [testng-7.8.0.jar:7.8.0]
	at org.testng.TestNG.run(TestNG.java:1082) [testng-7.8.0.jar:7.8.0]
	at org.apache.maven.surefire.testng.TestNGExecutor.run(TestNGExecutor.java:308) [surefire-testng-3.5.2.jar:3.5.2]
	at org.apache.maven.surefire.testng.TestNGXmlTestSuite.execute(TestNGXmlTestSuite.java:71) [surefire-testng-3.5.2.jar:3.5.2]
	at org.apache.maven.surefire.testng.TestNGProvider.invoke(TestNGProvider.java:113) [surefire-testng-3.5.2.jar:3.5.2]
	at org.apache.maven.surefire.booter.ForkedBooter.runSuitesInProcess(ForkedBooter.java:385) [surefire-booter-3.5.2.jar:3.5.2]
	at org.apache.maven.surefire.booter.ForkedBooter.execute(ForkedBooter.java:162) [surefire-booter-3.5.2.jar:3.5.2]
	at org.apache.maven.surefire.booter.ForkedBooter.run(ForkedBooter.java:507) [surefire-booter-3.5.2.jar:3.5.2]
	at org.apache.maven.surefire.booter.ForkedBooter.main(ForkedBooter.java:495) [surefire-booter-3.5.2.jar:3.5.2]
03-12-2024 12:30:17.052 [main] DEBUG - areFieldsNotEmpty = true
03-12-2024 12:30:17.052 [main] DEBUG - areFieldsEmpty = true
03-12-2024 12:30:17.055 [main] DEBUG - No alert present. Checking mandatory fields.
03-12-2024 12:30:17.092 [main] DEBUG - Mandatory fields are missing or invalid.
03-12-2024 12:30:17.153 [main] DEBUG - Test parameters - FirstName: Ishita, LastName: , ZipCode: A234wd, AlertText: Customer added successfully, RunMode: Y
03-12-2024 12:30:17.222 [main] DEBUG - Add Customer button clicked
03-12-2024 12:30:17.227 [main] DEBUG - Navigated to Add Customer page
03-12-2024 12:30:17.645 [main] DEBUG - Add Customer button clicked
03-12-2024 12:30:17.647 [main] DEBUG - No alert present. Checking mandatory fields.
03-12-2024 12:30:17.697 [main] DEBUG - Mandatory fields are missing or invalid.
03-12-2024 12:30:17.754 [main] DEBUG - Test parameters - FirstName: , LastName: Sehgal, ZipCode: A234wd, AlertText: Customer added successfully, RunMode: Y
03-12-2024 12:30:17.834 [main] DEBUG - Add Customer button clicked
03-12-2024 12:30:17.840 [main] DEBUG - Navigated to Add Customer page
03-12-2024 12:30:18.232 [main] DEBUG - Add Customer button clicked
03-12-2024 12:30:18.235 [main] DEBUG - No alert present. Checking mandatory fields.
03-12-2024 12:30:18.264 [main] DEBUG - Mandatory fields are missing or invalid.
03-12-2024 12:30:18.312 [main] DEBUG - Test parameters - FirstName: Shivkumar, LastName: Konnuri, ZipCode: , AlertText: Customer added successfully, RunMode: Y
03-12-2024 12:30:18.383 [main] DEBUG - Add Customer button clicked
03-12-2024 12:30:18.388 [main] DEBUG - Navigated to Add Customer page
03-12-2024 12:30:18.699 [main] DEBUG - Add Customer button clicked
03-12-2024 12:30:18.702 [main] DEBUG - No alert present. Checking mandatory fields.
03-12-2024 12:30:18.774 [main] DEBUG - Mandatory fields are missing or invalid.
03-12-2024 12:30:18.827 [main] DEBUG - Test parameters - FirstName: Shivkumar, LastName: , ZipCode: , AlertText: Customer added successfully, RunMode: Y
03-12-2024 12:30:18.925 [main] DEBUG - Add Customer button clicked
03-12-2024 12:30:18.929 [main] DEBUG - Navigated to Add Customer page
03-12-2024 12:30:19.280 [main] DEBUG - Add Customer button clicked
03-12-2024 12:30:19.283 [main] DEBUG - No alert present. Checking mandatory fields.
03-12-2024 12:30:19.331 [main] DEBUG - Mandatory fields are missing or invalid.
03-12-2024 12:30:19.388 [main] DEBUG - Test parameters - FirstName: , LastName: , ZipCode: 123456.0, AlertText: Customer added successfully, RunMode: Y
03-12-2024 12:30:19.476 [main] DEBUG - Add Customer button clicked
03-12-2024 12:30:19.480 [main] DEBUG - Navigated to Add Customer page
03-12-2024 12:30:19.797 [main] DEBUG - Add Customer button clicked
03-12-2024 12:30:19.799 [main] DEBUG - No alert present. Checking mandatory fields.
03-12-2024 12:30:19.828 [main] DEBUG - Mandatory fields are missing or invalid.
03-12-2024 12:30:19.877 [main] DEBUG - Test parameters - FirstName: , LastName: Konnuri, ZipCode: , AlertText: Customer added successfully, RunMode: Y
03-12-2024 12:30:19.944 [main] DEBUG - Add Customer button clicked
03-12-2024 12:30:19.947 [main] DEBUG - Navigated to Add Customer page
03-12-2024 12:30:20.284 [main] DEBUG - Add Customer button clicked
03-12-2024 12:30:20.287 [main] DEBUG - No alert present. Checking mandatory fields.
03-12-2024 12:30:20.321 [main] DEBUG - Mandatory fields are missing or invalid.
03-12-2024 12:30:20.362 [main] DEBUG - Test parameters - FirstName: , LastName: , ZipCode: , AlertText: Customer added successfully, RunMode: Y
03-12-2024 12:30:20.437 [main] DEBUG - Add Customer button clicked
03-12-2024 12:30:20.441 [main] DEBUG - Navigated to Add Customer page
03-12-2024 12:30:20.757 [main] DEBUG - Add Customer button clicked
03-12-2024 12:30:20.759 [main] DEBUG - No alert present. Checking mandatory fields.
03-12-2024 12:30:20.787 [main] DEBUG - Mandatory fields are missing or invalid.
03-12-2024 12:30:20.836 [main] DEBUG - Test parameters - FirstName: Shiv, LastName: Konnuri, ZipCode: 123456.0, AlertText: Customer added successfully, RunMode: N
03-12-2024 12:30:20.912 [main] DEBUG - Add Customer button clicked
03-12-2024 12:30:20.916 [main] DEBUG - Navigated to Add Customer page
03-12-2024 12:30:21.221 [main] DEBUG - Add Customer button clicked
03-12-2024 12:30:21.224 [main] INFO  - Alert detected: Customer added successfully with customer id :8
03-12-2024 12:30:21.224 [main] INFO  - actualAlertText = true
03-12-2024 12:30:21.229 [main] DEBUG - Error while checking if text is empty for locator: firstNameInput
org.openqa.selenium.UnhandledAlertException: unexpected alert open: {Alert text : Customer added successfully with customer id :8}
  (Session info: chrome=131.0.6778.86): Customer added successfully with customer id :8
Build info: version: '4.23.0', revision: '4df0a231af'
System info: os.name: 'Windows 10', os.arch: 'amd64', os.version: '10.0', java.version: '17.0.11'
Driver info: org.openqa.selenium.chrome.ChromeDriver
Command: [c8b80bb4f0b08296b0dcc1e44de24747, findElement {using=css selector, value=input[ng-model='fName']}]
Capabilities {acceptInsecureCerts: false, browserName: chrome, browserVersion: 131.0.6778.86, chrome: {chromedriverVersion: 131.0.6778.85 (3d81e41b6f3a..., userDataDir: C:\Users\SHIVKU~1.K\AppData...}, fedcm:accounts: true, goog:chromeOptions: {debuggerAddress: localhost:60949}, networkConnectionEnabled: false, pageLoadStrategy: normal, platformName: windows, proxy: Proxy(), se:cdp: ws://localhost:60949/devtoo..., se:cdpVersion: 131.0.6778.86, setWindowRect: true, strictFileInteractability: false, timeouts: {implicit: 0, pageLoad: 300000, script: 30000}, unhandledPromptBehavior: dismiss and notify, webauthn:extension:credBlob: true, webauthn:extension:largeBlob: true, webauthn:extension:minPinLength: true, webauthn:extension:prf: true, webauthn:virtualAuthenticators: true}
Session ID: c8b80bb4f0b08296b0dcc1e44de24747
	at org.openqa.selenium.remote.codec.w3c.W3CHttpResponseCodec.decode(W3CHttpResponseCodec.java:136) ~[selenium-remote-driver-4.23.0.jar:?]
	at org.openqa.selenium.remote.codec.w3c.W3CHttpResponseCodec.decode(W3CHttpResponseCodec.java:50) ~[selenium-remote-driver-4.23.0.jar:?]
	at org.openqa.selenium.remote.HttpCommandExecutor.execute(HttpCommandExecutor.java:190) ~[selenium-remote-driver-4.23.0.jar:?]
	at org.openqa.selenium.remote.service.DriverCommandExecutor.invokeExecute(DriverCommandExecutor.java:216) ~[selenium-remote-driver-4.23.0.jar:?]
	at org.openqa.selenium.remote.service.DriverCommandExecutor.execute(DriverCommandExecutor.java:174) ~[selenium-remote-driver-4.23.0.jar:?]
	at org.openqa.selenium.remote.RemoteWebDriver.execute(RemoteWebDriver.java:527) ~[selenium-remote-driver-4.23.0.jar:?]
	at org.openqa.selenium.remote.ElementLocation$ElementFinder$2.findElement(ElementLocation.java:165) ~[selenium-remote-driver-4.23.0.jar:?]
	at org.openqa.selenium.remote.ElementLocation.findElement(ElementLocation.java:59) ~[selenium-remote-driver-4.23.0.jar:?]
	at org.openqa.selenium.remote.RemoteWebDriver.findElement(RemoteWebDriver.java:357) ~[selenium-remote-driver-4.23.0.jar:?]
	at org.openqa.selenium.remote.RemoteWebDriver.findElement(RemoteWebDriver.java:351) ~[selenium-remote-driver-4.23.0.jar:?]
	at org.openqa.selenium.support.ui.ExpectedConditions$7.apply(ExpectedConditions.java:194) ~[selenium-support-4.23.0.jar:?]
	at org.openqa.selenium.support.ui.ExpectedConditions$7.apply(ExpectedConditions.java:190) ~[selenium-support-4.23.0.jar:?]
	at org.openqa.selenium.support.ui.ExpectedConditions$22.apply(ExpectedConditions.java:627) ~[selenium-support-4.23.0.jar:?]
	at org.openqa.selenium.support.ui.ExpectedConditions$22.apply(ExpectedConditions.java:624) ~[selenium-support-4.23.0.jar:?]
	at org.openqa.selenium.support.ui.FluentWait.until(FluentWait.java:203) ~[selenium-support-4.23.0.jar:?]
	at com.shiv.common.BaseSetup.isTextEmpty(BaseSetup.java:157) ~[test-classes/:?]
	at com.shiv.testcases.AddCustomerTest.addCustomerTest(AddCustomerTest.java:45) ~[test-classes/:?]
	at java.base/jdk.internal.reflect.NativeMethodAccessorImpl.invoke0(Native Method) ~[?:?]
	at java.base/jdk.internal.reflect.NativeMethodAccessorImpl.invoke(NativeMethodAccessorImpl.java:77) ~[?:?]
	at java.base/jdk.internal.reflect.DelegatingMethodAccessorImpl.invoke(DelegatingMethodAccessorImpl.java:43) ~[?:?]
	at java.base/java.lang.reflect.Method.invoke(Method.java:568) ~[?:?]
	at org.testng.internal.invokers.MethodInvocationHelper.invokeMethod(MethodInvocationHelper.java:139) ~[testng-7.8.0.jar:7.8.0]
	at org.testng.internal.invokers.TestInvoker.invokeMethod(TestInvoker.java:664) ~[testng-7.8.0.jar:7.8.0]
	at org.testng.internal.invokers.TestInvoker.invokeTestMethod(TestInvoker.java:227) ~[testng-7.8.0.jar:7.8.0]
	at org.testng.internal.invokers.MethodRunner.runInSequence(MethodRunner.java:50) ~[testng-7.8.0.jar:7.8.0]
	at org.testng.internal.invokers.TestInvoker$MethodInvocationAgent.invoke(TestInvoker.java:957) ~[testng-7.8.0.jar:7.8.0]
	at org.testng.internal.invokers.TestInvoker.invokeTestMethods(TestInvoker.java:200) ~[testng-7.8.0.jar:7.8.0]
	at org.testng.internal.invokers.TestMethodWorker.invokeTestMethods(TestMethodWorker.java:148) ~[testng-7.8.0.jar:7.8.0]
	at org.testng.internal.invokers.TestMethodWorker.run(TestMethodWorker.java:128) ~[testng-7.8.0.jar:7.8.0]
	at java.base/java.util.ArrayList.forEach(ArrayList.java:1511) [?:?]
	at org.testng.TestRunner.privateRun(TestRunner.java:848) [testng-7.8.0.jar:7.8.0]
	at org.testng.TestRunner.run(TestRunner.java:621) [testng-7.8.0.jar:7.8.0]
	at org.testng.SuiteRunner.runTest(SuiteRunner.java:443) [testng-7.8.0.jar:7.8.0]
	at org.testng.SuiteRunner.runSequentially(SuiteRunner.java:437) [testng-7.8.0.jar:7.8.0]
	at org.testng.SuiteRunner.privateRun(SuiteRunner.java:397) [testng-7.8.0.jar:7.8.0]
	at org.testng.SuiteRunner.run(SuiteRunner.java:336) [testng-7.8.0.jar:7.8.0]
	at org.testng.SuiteRunnerWorker.runSuite(SuiteRunnerWorker.java:52) [testng-7.8.0.jar:7.8.0]
	at org.testng.SuiteRunnerWorker.run(SuiteRunnerWorker.java:95) [testng-7.8.0.jar:7.8.0]
	at org.testng.TestNG.runSuitesSequentially(TestNG.java:1280) [testng-7.8.0.jar:7.8.0]
	at org.testng.TestNG.runSuitesLocally(TestNG.java:1200) [testng-7.8.0.jar:7.8.0]
	at org.testng.TestNG.runSuites(TestNG.java:1114) [testng-7.8.0.jar:7.8.0]
	at org.testng.TestNG.run(TestNG.java:1082) [testng-7.8.0.jar:7.8.0]
	at org.apache.maven.surefire.testng.TestNGExecutor.run(TestNGExecutor.java:308) [surefire-testng-3.5.2.jar:3.5.2]
	at org.apache.maven.surefire.testng.TestNGXmlTestSuite.execute(TestNGXmlTestSuite.java:71) [surefire-testng-3.5.2.jar:3.5.2]
	at org.apache.maven.surefire.testng.TestNGProvider.invoke(TestNGProvider.java:113) [surefire-testng-3.5.2.jar:3.5.2]
	at org.apache.maven.surefire.booter.ForkedBooter.runSuitesInProcess(ForkedBooter.java:385) [surefire-booter-3.5.2.jar:3.5.2]
	at org.apache.maven.surefire.booter.ForkedBooter.execute(ForkedBooter.java:162) [surefire-booter-3.5.2.jar:3.5.2]
	at org.apache.maven.surefire.booter.ForkedBooter.run(ForkedBooter.java:507) [surefire-booter-3.5.2.jar:3.5.2]
	at org.apache.maven.surefire.booter.ForkedBooter.main(ForkedBooter.java:495) [surefire-booter-3.5.2.jar:3.5.2]
03-12-2024 12:30:21.312 [main] DEBUG - areFieldsNotEmpty = true
03-12-2024 12:30:21.313 [main] DEBUG - areFieldsEmpty = true
03-12-2024 12:30:21.317 [main] DEBUG - No alert present. Checking mandatory fields.
03-12-2024 12:30:21.344 [main] DEBUG - Mandatory fields are missing or invalid.
03-12-2024 12:30:21.396 [main] DEBUG - Test parameters - FirstName:   , LastName:        , ZipCode:         , AlertText: Customer added successfully, RunMode: Y
03-12-2024 12:30:21.463 [main] DEBUG - Add Customer button clicked
03-12-2024 12:30:21.467 [main] DEBUG - Navigated to Add Customer page
03-12-2024 12:30:21.782 [main] DEBUG - Add Customer button clicked
03-12-2024 12:30:21.785 [main] INFO  - Alert detected: Please check the details. Customer may be duplicate.
03-12-2024 12:30:21.786 [main] INFO  - actualAlertText = false
03-12-2024 12:30:21.791 [main] DEBUG - Error while checking if text is empty for locator: firstNameInput
org.openqa.selenium.UnhandledAlertException: unexpected alert open: {Alert text : Please check the details. Customer may be duplicate.}
  (Session info: chrome=131.0.6778.86): Please check the details. Customer may be duplicate.
Build info: version: '4.23.0', revision: '4df0a231af'
System info: os.name: 'Windows 10', os.arch: 'amd64', os.version: '10.0', java.version: '17.0.11'
Driver info: org.openqa.selenium.chrome.ChromeDriver
Command: [c8b80bb4f0b08296b0dcc1e44de24747, findElement {using=css selector, value=input[ng-model='fName']}]
Capabilities {acceptInsecureCerts: false, browserName: chrome, browserVersion: 131.0.6778.86, chrome: {chromedriverVersion: 131.0.6778.85 (3d81e41b6f3a..., userDataDir: C:\Users\SHIVKU~1.K\AppData...}, fedcm:accounts: true, goog:chromeOptions: {debuggerAddress: localhost:60949}, networkConnectionEnabled: false, pageLoadStrategy: normal, platformName: windows, proxy: Proxy(), se:cdp: ws://localhost:60949/devtoo..., se:cdpVersion: 131.0.6778.86, setWindowRect: true, strictFileInteractability: false, timeouts: {implicit: 0, pageLoad: 300000, script: 30000}, unhandledPromptBehavior: dismiss and notify, webauthn:extension:credBlob: true, webauthn:extension:largeBlob: true, webauthn:extension:minPinLength: true, webauthn:extension:prf: true, webauthn:virtualAuthenticators: true}
Session ID: c8b80bb4f0b08296b0dcc1e44de24747
	at org.openqa.selenium.remote.codec.w3c.W3CHttpResponseCodec.decode(W3CHttpResponseCodec.java:136) ~[selenium-remote-driver-4.23.0.jar:?]
	at org.openqa.selenium.remote.codec.w3c.W3CHttpResponseCodec.decode(W3CHttpResponseCodec.java:50) ~[selenium-remote-driver-4.23.0.jar:?]
	at org.openqa.selenium.remote.HttpCommandExecutor.execute(HttpCommandExecutor.java:190) ~[selenium-remote-driver-4.23.0.jar:?]
	at org.openqa.selenium.remote.service.DriverCommandExecutor.invokeExecute(DriverCommandExecutor.java:216) ~[selenium-remote-driver-4.23.0.jar:?]
	at org.openqa.selenium.remote.service.DriverCommandExecutor.execute(DriverCommandExecutor.java:174) ~[selenium-remote-driver-4.23.0.jar:?]
	at org.openqa.selenium.remote.RemoteWebDriver.execute(RemoteWebDriver.java:527) ~[selenium-remote-driver-4.23.0.jar:?]
	at org.openqa.selenium.remote.ElementLocation$ElementFinder$2.findElement(ElementLocation.java:165) ~[selenium-remote-driver-4.23.0.jar:?]
	at org.openqa.selenium.remote.ElementLocation.findElement(ElementLocation.java:59) ~[selenium-remote-driver-4.23.0.jar:?]
	at org.openqa.selenium.remote.RemoteWebDriver.findElement(RemoteWebDriver.java:357) ~[selenium-remote-driver-4.23.0.jar:?]
	at org.openqa.selenium.remote.RemoteWebDriver.findElement(RemoteWebDriver.java:351) ~[selenium-remote-driver-4.23.0.jar:?]
	at org.openqa.selenium.support.ui.ExpectedConditions$7.apply(ExpectedConditions.java:194) ~[selenium-support-4.23.0.jar:?]
	at org.openqa.selenium.support.ui.ExpectedConditions$7.apply(ExpectedConditions.java:190) ~[selenium-support-4.23.0.jar:?]
	at org.openqa.selenium.support.ui.ExpectedConditions$22.apply(ExpectedConditions.java:627) ~[selenium-support-4.23.0.jar:?]
	at org.openqa.selenium.support.ui.ExpectedConditions$22.apply(ExpectedConditions.java:624) ~[selenium-support-4.23.0.jar:?]
	at org.openqa.selenium.support.ui.FluentWait.until(FluentWait.java:203) ~[selenium-support-4.23.0.jar:?]
	at com.shiv.common.BaseSetup.isTextEmpty(BaseSetup.java:157) ~[test-classes/:?]
	at com.shiv.testcases.AddCustomerTest.addCustomerTest(AddCustomerTest.java:45) ~[test-classes/:?]
	at java.base/jdk.internal.reflect.NativeMethodAccessorImpl.invoke0(Native Method) ~[?:?]
	at java.base/jdk.internal.reflect.NativeMethodAccessorImpl.invoke(NativeMethodAccessorImpl.java:77) ~[?:?]
	at java.base/jdk.internal.reflect.DelegatingMethodAccessorImpl.invoke(DelegatingMethodAccessorImpl.java:43) ~[?:?]
	at java.base/java.lang.reflect.Method.invoke(Method.java:568) ~[?:?]
	at org.testng.internal.invokers.MethodInvocationHelper.invokeMethod(MethodInvocationHelper.java:139) ~[testng-7.8.0.jar:7.8.0]
	at org.testng.internal.invokers.TestInvoker.invokeMethod(TestInvoker.java:664) ~[testng-7.8.0.jar:7.8.0]
	at org.testng.internal.invokers.TestInvoker.invokeTestMethod(TestInvoker.java:227) ~[testng-7.8.0.jar:7.8.0]
	at org.testng.internal.invokers.MethodRunner.runInSequence(MethodRunner.java:50) ~[testng-7.8.0.jar:7.8.0]
	at org.testng.internal.invokers.TestInvoker$MethodInvocationAgent.invoke(TestInvoker.java:957) ~[testng-7.8.0.jar:7.8.0]
	at org.testng.internal.invokers.TestInvoker.invokeTestMethods(TestInvoker.java:200) ~[testng-7.8.0.jar:7.8.0]
	at org.testng.internal.invokers.TestMethodWorker.invokeTestMethods(TestMethodWorker.java:148) ~[testng-7.8.0.jar:7.8.0]
	at org.testng.internal.invokers.TestMethodWorker.run(TestMethodWorker.java:128) ~[testng-7.8.0.jar:7.8.0]
	at java.base/java.util.ArrayList.forEach(ArrayList.java:1511) [?:?]
	at org.testng.TestRunner.privateRun(TestRunner.java:848) [testng-7.8.0.jar:7.8.0]
	at org.testng.TestRunner.run(TestRunner.java:621) [testng-7.8.0.jar:7.8.0]
	at org.testng.SuiteRunner.runTest(SuiteRunner.java:443) [testng-7.8.0.jar:7.8.0]
	at org.testng.SuiteRunner.runSequentially(SuiteRunner.java:437) [testng-7.8.0.jar:7.8.0]
	at org.testng.SuiteRunner.privateRun(SuiteRunner.java:397) [testng-7.8.0.jar:7.8.0]
	at org.testng.SuiteRunner.run(SuiteRunner.java:336) [testng-7.8.0.jar:7.8.0]
	at org.testng.SuiteRunnerWorker.runSuite(SuiteRunnerWorker.java:52) [testng-7.8.0.jar:7.8.0]
	at org.testng.SuiteRunnerWorker.run(SuiteRunnerWorker.java:95) [testng-7.8.0.jar:7.8.0]
	at org.testng.TestNG.runSuitesSequentially(TestNG.java:1280) [testng-7.8.0.jar:7.8.0]
	at org.testng.TestNG.runSuitesLocally(TestNG.java:1200) [testng-7.8.0.jar:7.8.0]
	at org.testng.TestNG.runSuites(TestNG.java:1114) [testng-7.8.0.jar:7.8.0]
	at org.testng.TestNG.run(TestNG.java:1082) [testng-7.8.0.jar:7.8.0]
	at org.apache.maven.surefire.testng.TestNGExecutor.run(TestNGExecutor.java:308) [surefire-testng-3.5.2.jar:3.5.2]
	at org.apache.maven.surefire.testng.TestNGXmlTestSuite.execute(TestNGXmlTestSuite.java:71) [surefire-testng-3.5.2.jar:3.5.2]
	at org.apache.maven.surefire.testng.TestNGProvider.invoke(TestNGProvider.java:113) [surefire-testng-3.5.2.jar:3.5.2]
	at org.apache.maven.surefire.booter.ForkedBooter.runSuitesInProcess(ForkedBooter.java:385) [surefire-booter-3.5.2.jar:3.5.2]
	at org.apache.maven.surefire.booter.ForkedBooter.execute(ForkedBooter.java:162) [surefire-booter-3.5.2.jar:3.5.2]
	at org.apache.maven.surefire.booter.ForkedBooter.run(ForkedBooter.java:507) [surefire-booter-3.5.2.jar:3.5.2]
	at org.apache.maven.surefire.booter.ForkedBooter.main(ForkedBooter.java:495) [surefire-booter-3.5.2.jar:3.5.2]
03-12-2024 12:30:21.869 [main] DEBUG - areFieldsNotEmpty = true
03-12-2024 12:30:21.869 [main] DEBUG - areFieldsEmpty = true
03-12-2024 12:30:21.872 [main] DEBUG - No alert present. Checking mandatory fields.
03-12-2024 12:30:21.893 [main] DEBUG - Mandatory fields are missing or invalid.
03-12-2024 12:30:21.971 [main] DEBUG - Test parameters - FirstName: , LastName: , ZipCode: , AlertText: Please check the details, RunMode: Y
03-12-2024 12:30:22.038 [main] DEBUG - Add Customer button clicked
03-12-2024 12:30:22.043 [main] DEBUG - Navigated to Add Customer page
03-12-2024 12:30:22.383 [main] DEBUG - Add Customer button clicked
03-12-2024 12:30:22.386 [main] DEBUG - No alert present. Checking mandatory fields.
03-12-2024 12:30:22.410 [main] DEBUG - Mandatory fields are missing or invalid.
03-12-2024 12:30:27.735 [main] DEBUG - Customer with name Raman Arorais selected from the dropdown
03-12-2024 12:30:27.807 [main] DEBUG - Currency Rupee is selected from the dropdown
03-12-2024 12:30:28.116 [main] DEBUG - Customer with name Shivkumar Konnuriis selected from the dropdown
03-12-2024 12:30:28.176 [main] DEBUG - Currency Rupee is selected from the dropdown
03-12-2024 12:30:28.446 [main] DEBUG - No alert present. Checking mandatory fields.
03-12-2024 12:30:28.474 [main] DEBUG - Mandatory fields are missing or invalid.
03-12-2024 12:50:21.010 [main] DEBUG - config.properties file loaded
03-12-2024 12:50:21.014 [main] DEBUG - OR.properties file loaded
03-12-2024 12:50:22.838 [main] DEBUG - Chrome browser launched
03-12-2024 12:50:24.097 [main] DEBUG - Navigated to URL: https://way2automation.com/angularjs-protractor/banking/#/login
03-12-2024 12:50:24.129 [main] DEBUG - Browser window maximized
03-12-2024 12:50:25.113 [main] DEBUG - Manager Login Button clicked
03-12-2024 12:50:30.144 [main] DEBUG - Logged in url validated
03-12-2024 12:50:30.160 [main] DEBUG - Add Customer Button is present
03-12-2024 12:50:30.160 [main] DEBUG - Manager Logged in Succcessfully
03-12-2024 12:50:30.616 [main] DEBUG - Test parameters - FirstName: Raman, LastName: Arora, ZipCode: A234wd, AlertText: Customer added successfully, RunMode: Y
03-12-2024 12:50:30.686 [main] DEBUG - Add Customer button clicked
03-12-2024 12:50:35.715 [main] DEBUG - Navigated to Add Customer page
03-12-2024 12:50:36.102 [main] DEBUG - Add Customer button clicked
03-12-2024 12:50:36.107 [main] INFO  - Alert detected: Customer added successfully with customer id :6
03-12-2024 12:50:36.108 [main] INFO  - actualAlertText = true
03-12-2024 12:50:36.122 [main] DEBUG - Error while checking if text is empty for locator: firstNameInput
org.openqa.selenium.UnhandledAlertException: unexpected alert open: {Alert text : Customer added successfully with customer id :6}
  (Session info: chrome=131.0.6778.86): Customer added successfully with customer id :6
Build info: version: '4.23.0', revision: '4df0a231af'
System info: os.name: 'Windows 10', os.arch: 'amd64', os.version: '10.0', java.version: '17.0.11'
Driver info: org.openqa.selenium.chrome.ChromeDriver
Command: [2cfdf8480e6f5aa6575fdcf8c26ac724, findElement {value=input[ng-model='fName'], using=css selector}]
Capabilities {acceptInsecureCerts: false, browserName: chrome, browserVersion: 131.0.6778.86, chrome: {chromedriverVersion: 131.0.6778.85 (3d81e41b6f3a..., userDataDir: C:\Users\SHIVKU~1.K\AppData...}, fedcm:accounts: true, goog:chromeOptions: {debuggerAddress: localhost:62987}, networkConnectionEnabled: false, pageLoadStrategy: normal, platformName: windows, proxy: Proxy(), se:cdp: ws://localhost:62987/devtoo..., se:cdpVersion: 131.0.6778.86, setWindowRect: true, strictFileInteractability: false, timeouts: {implicit: 0, pageLoad: 300000, script: 30000}, unhandledPromptBehavior: dismiss and notify, webauthn:extension:credBlob: true, webauthn:extension:largeBlob: true, webauthn:extension:minPinLength: true, webauthn:extension:prf: true, webauthn:virtualAuthenticators: true}
Session ID: 2cfdf8480e6f5aa6575fdcf8c26ac724
	at org.openqa.selenium.remote.codec.w3c.W3CHttpResponseCodec.decode(W3CHttpResponseCodec.java:136) ~[selenium-remote-driver-4.23.0.jar:?]
	at org.openqa.selenium.remote.codec.w3c.W3CHttpResponseCodec.decode(W3CHttpResponseCodec.java:50) ~[selenium-remote-driver-4.23.0.jar:?]
	at org.openqa.selenium.remote.HttpCommandExecutor.execute(HttpCommandExecutor.java:190) ~[selenium-remote-driver-4.23.0.jar:?]
	at org.openqa.selenium.remote.service.DriverCommandExecutor.invokeExecute(DriverCommandExecutor.java:216) ~[selenium-remote-driver-4.23.0.jar:?]
	at org.openqa.selenium.remote.service.DriverCommandExecutor.execute(DriverCommandExecutor.java:174) ~[selenium-remote-driver-4.23.0.jar:?]
	at org.openqa.selenium.remote.RemoteWebDriver.execute(RemoteWebDriver.java:527) ~[selenium-remote-driver-4.23.0.jar:?]
	at org.openqa.selenium.remote.ElementLocation$ElementFinder$2.findElement(ElementLocation.java:165) ~[selenium-remote-driver-4.23.0.jar:?]
	at org.openqa.selenium.remote.ElementLocation.findElement(ElementLocation.java:59) ~[selenium-remote-driver-4.23.0.jar:?]
	at org.openqa.selenium.remote.RemoteWebDriver.findElement(RemoteWebDriver.java:357) ~[selenium-remote-driver-4.23.0.jar:?]
	at org.openqa.selenium.remote.RemoteWebDriver.findElement(RemoteWebDriver.java:351) ~[selenium-remote-driver-4.23.0.jar:?]
	at org.openqa.selenium.support.ui.ExpectedConditions$7.apply(ExpectedConditions.java:194) ~[selenium-support-4.23.0.jar:?]
	at org.openqa.selenium.support.ui.ExpectedConditions$7.apply(ExpectedConditions.java:190) ~[selenium-support-4.23.0.jar:?]
	at org.openqa.selenium.support.ui.ExpectedConditions$22.apply(ExpectedConditions.java:627) ~[selenium-support-4.23.0.jar:?]
	at org.openqa.selenium.support.ui.ExpectedConditions$22.apply(ExpectedConditions.java:624) ~[selenium-support-4.23.0.jar:?]
	at org.openqa.selenium.support.ui.FluentWait.until(FluentWait.java:203) ~[selenium-support-4.23.0.jar:?]
	at com.shiv.common.BaseSetup.isTextEmpty(BaseSetup.java:157) ~[test-classes/:?]
	at com.shiv.testcases.AddCustomerTest.addCustomerTest(AddCustomerTest.java:45) ~[test-classes/:?]
	at java.base/jdk.internal.reflect.NativeMethodAccessorImpl.invoke0(Native Method) ~[?:?]
	at java.base/jdk.internal.reflect.NativeMethodAccessorImpl.invoke(NativeMethodAccessorImpl.java:77) ~[?:?]
	at java.base/jdk.internal.reflect.DelegatingMethodAccessorImpl.invoke(DelegatingMethodAccessorImpl.java:43) ~[?:?]
	at java.base/java.lang.reflect.Method.invoke(Method.java:568) ~[?:?]
	at org.testng.internal.invokers.MethodInvocationHelper.invokeMethod(MethodInvocationHelper.java:139) ~[testng-7.8.0.jar:7.8.0]
	at org.testng.internal.invokers.TestInvoker.invokeMethod(TestInvoker.java:664) ~[testng-7.8.0.jar:7.8.0]
	at org.testng.internal.invokers.TestInvoker.invokeTestMethod(TestInvoker.java:227) ~[testng-7.8.0.jar:7.8.0]
	at org.testng.internal.invokers.MethodRunner.runInSequence(MethodRunner.java:50) ~[testng-7.8.0.jar:7.8.0]
	at org.testng.internal.invokers.TestInvoker$MethodInvocationAgent.invoke(TestInvoker.java:957) ~[testng-7.8.0.jar:7.8.0]
	at org.testng.internal.invokers.TestInvoker.invokeTestMethods(TestInvoker.java:200) ~[testng-7.8.0.jar:7.8.0]
	at org.testng.internal.invokers.TestMethodWorker.invokeTestMethods(TestMethodWorker.java:148) ~[testng-7.8.0.jar:7.8.0]
	at org.testng.internal.invokers.TestMethodWorker.run(TestMethodWorker.java:128) ~[testng-7.8.0.jar:7.8.0]
	at java.base/java.util.ArrayList.forEach(ArrayList.java:1511) [?:?]
	at org.testng.TestRunner.privateRun(TestRunner.java:848) [testng-7.8.0.jar:7.8.0]
	at org.testng.TestRunner.run(TestRunner.java:621) [testng-7.8.0.jar:7.8.0]
	at org.testng.SuiteRunner.runTest(SuiteRunner.java:443) [testng-7.8.0.jar:7.8.0]
	at org.testng.SuiteRunner.runSequentially(SuiteRunner.java:437) [testng-7.8.0.jar:7.8.0]
	at org.testng.SuiteRunner.privateRun(SuiteRunner.java:397) [testng-7.8.0.jar:7.8.0]
	at org.testng.SuiteRunner.run(SuiteRunner.java:336) [testng-7.8.0.jar:7.8.0]
	at org.testng.SuiteRunnerWorker.runSuite(SuiteRunnerWorker.java:52) [testng-7.8.0.jar:7.8.0]
	at org.testng.SuiteRunnerWorker.run(SuiteRunnerWorker.java:95) [testng-7.8.0.jar:7.8.0]
	at org.testng.TestNG.runSuitesSequentially(TestNG.java:1280) [testng-7.8.0.jar:7.8.0]
	at org.testng.TestNG.runSuitesLocally(TestNG.java:1200) [testng-7.8.0.jar:7.8.0]
	at org.testng.TestNG.runSuites(TestNG.java:1114) [testng-7.8.0.jar:7.8.0]
	at org.testng.TestNG.run(TestNG.java:1082) [testng-7.8.0.jar:7.8.0]
	at org.apache.maven.surefire.testng.TestNGExecutor.run(TestNGExecutor.java:308) [surefire-testng-3.5.2.jar:3.5.2]
	at org.apache.maven.surefire.testng.TestNGXmlTestSuite.execute(TestNGXmlTestSuite.java:71) [surefire-testng-3.5.2.jar:3.5.2]
	at org.apache.maven.surefire.testng.TestNGProvider.invoke(TestNGProvider.java:113) [surefire-testng-3.5.2.jar:3.5.2]
	at org.apache.maven.surefire.booter.ForkedBooter.runSuitesInProcess(ForkedBooter.java:385) [surefire-booter-3.5.2.jar:3.5.2]
	at org.apache.maven.surefire.booter.ForkedBooter.execute(ForkedBooter.java:162) [surefire-booter-3.5.2.jar:3.5.2]
	at org.apache.maven.surefire.booter.ForkedBooter.run(ForkedBooter.java:507) [surefire-booter-3.5.2.jar:3.5.2]
	at org.apache.maven.surefire.booter.ForkedBooter.main(ForkedBooter.java:495) [surefire-booter-3.5.2.jar:3.5.2]
03-12-2024 12:50:36.220 [main] DEBUG - areFieldsNotEmpty = true
03-12-2024 12:50:36.221 [main] DEBUG - areFieldsEmpty = true
03-12-2024 12:50:36.224 [main] DEBUG - No alert present. Checking mandatory fields.
03-12-2024 12:50:36.255 [main] DEBUG - Mandatory fields are missing or invalid.
03-12-2024 12:50:36.356 [main] DEBUG - Test parameters - FirstName: Shivkumar, LastName: Konnuri, ZipCode: 123456.0, AlertText: Customer added successfully, RunMode: Y
03-12-2024 12:50:36.421 [main] DEBUG - Add Customer button clicked
03-12-2024 12:50:36.426 [main] DEBUG - Navigated to Add Customer page
03-12-2024 12:50:36.780 [main] DEBUG - Add Customer button clicked
03-12-2024 12:50:36.783 [main] INFO  - Alert detected: Customer added successfully with customer id :7
03-12-2024 12:50:36.784 [main] INFO  - actualAlertText = true
03-12-2024 12:50:36.792 [main] DEBUG - Error while checking if text is empty for locator: firstNameInput
org.openqa.selenium.UnhandledAlertException: unexpected alert open: {Alert text : Customer added successfully with customer id :7}
  (Session info: chrome=131.0.6778.86): Customer added successfully with customer id :7
Build info: version: '4.23.0', revision: '4df0a231af'
System info: os.name: 'Windows 10', os.arch: 'amd64', os.version: '10.0', java.version: '17.0.11'
Driver info: org.openqa.selenium.chrome.ChromeDriver
Command: [2cfdf8480e6f5aa6575fdcf8c26ac724, findElement {value=input[ng-model='fName'], using=css selector}]
Capabilities {acceptInsecureCerts: false, browserName: chrome, browserVersion: 131.0.6778.86, chrome: {chromedriverVersion: 131.0.6778.85 (3d81e41b6f3a..., userDataDir: C:\Users\SHIVKU~1.K\AppData...}, fedcm:accounts: true, goog:chromeOptions: {debuggerAddress: localhost:62987}, networkConnectionEnabled: false, pageLoadStrategy: normal, platformName: windows, proxy: Proxy(), se:cdp: ws://localhost:62987/devtoo..., se:cdpVersion: 131.0.6778.86, setWindowRect: true, strictFileInteractability: false, timeouts: {implicit: 0, pageLoad: 300000, script: 30000}, unhandledPromptBehavior: dismiss and notify, webauthn:extension:credBlob: true, webauthn:extension:largeBlob: true, webauthn:extension:minPinLength: true, webauthn:extension:prf: true, webauthn:virtualAuthenticators: true}
Session ID: 2cfdf8480e6f5aa6575fdcf8c26ac724
	at org.openqa.selenium.remote.codec.w3c.W3CHttpResponseCodec.decode(W3CHttpResponseCodec.java:136) ~[selenium-remote-driver-4.23.0.jar:?]
	at org.openqa.selenium.remote.codec.w3c.W3CHttpResponseCodec.decode(W3CHttpResponseCodec.java:50) ~[selenium-remote-driver-4.23.0.jar:?]
	at org.openqa.selenium.remote.HttpCommandExecutor.execute(HttpCommandExecutor.java:190) ~[selenium-remote-driver-4.23.0.jar:?]
	at org.openqa.selenium.remote.service.DriverCommandExecutor.invokeExecute(DriverCommandExecutor.java:216) ~[selenium-remote-driver-4.23.0.jar:?]
	at org.openqa.selenium.remote.service.DriverCommandExecutor.execute(DriverCommandExecutor.java:174) ~[selenium-remote-driver-4.23.0.jar:?]
	at org.openqa.selenium.remote.RemoteWebDriver.execute(RemoteWebDriver.java:527) ~[selenium-remote-driver-4.23.0.jar:?]
	at org.openqa.selenium.remote.ElementLocation$ElementFinder$2.findElement(ElementLocation.java:165) ~[selenium-remote-driver-4.23.0.jar:?]
	at org.openqa.selenium.remote.ElementLocation.findElement(ElementLocation.java:59) ~[selenium-remote-driver-4.23.0.jar:?]
	at org.openqa.selenium.remote.RemoteWebDriver.findElement(RemoteWebDriver.java:357) ~[selenium-remote-driver-4.23.0.jar:?]
	at org.openqa.selenium.remote.RemoteWebDriver.findElement(RemoteWebDriver.java:351) ~[selenium-remote-driver-4.23.0.jar:?]
	at org.openqa.selenium.support.ui.ExpectedConditions$7.apply(ExpectedConditions.java:194) ~[selenium-support-4.23.0.jar:?]
	at org.openqa.selenium.support.ui.ExpectedConditions$7.apply(ExpectedConditions.java:190) ~[selenium-support-4.23.0.jar:?]
	at org.openqa.selenium.support.ui.ExpectedConditions$22.apply(ExpectedConditions.java:627) ~[selenium-support-4.23.0.jar:?]
	at org.openqa.selenium.support.ui.ExpectedConditions$22.apply(ExpectedConditions.java:624) ~[selenium-support-4.23.0.jar:?]
	at org.openqa.selenium.support.ui.FluentWait.until(FluentWait.java:203) ~[selenium-support-4.23.0.jar:?]
	at com.shiv.common.BaseSetup.isTextEmpty(BaseSetup.java:157) ~[test-classes/:?]
	at com.shiv.testcases.AddCustomerTest.addCustomerTest(AddCustomerTest.java:45) ~[test-classes/:?]
	at java.base/jdk.internal.reflect.NativeMethodAccessorImpl.invoke0(Native Method) ~[?:?]
	at java.base/jdk.internal.reflect.NativeMethodAccessorImpl.invoke(NativeMethodAccessorImpl.java:77) ~[?:?]
	at java.base/jdk.internal.reflect.DelegatingMethodAccessorImpl.invoke(DelegatingMethodAccessorImpl.java:43) ~[?:?]
	at java.base/java.lang.reflect.Method.invoke(Method.java:568) ~[?:?]
	at org.testng.internal.invokers.MethodInvocationHelper.invokeMethod(MethodInvocationHelper.java:139) ~[testng-7.8.0.jar:7.8.0]
	at org.testng.internal.invokers.TestInvoker.invokeMethod(TestInvoker.java:664) ~[testng-7.8.0.jar:7.8.0]
	at org.testng.internal.invokers.TestInvoker.invokeTestMethod(TestInvoker.java:227) ~[testng-7.8.0.jar:7.8.0]
	at org.testng.internal.invokers.MethodRunner.runInSequence(MethodRunner.java:50) ~[testng-7.8.0.jar:7.8.0]
	at org.testng.internal.invokers.TestInvoker$MethodInvocationAgent.invoke(TestInvoker.java:957) ~[testng-7.8.0.jar:7.8.0]
	at org.testng.internal.invokers.TestInvoker.invokeTestMethods(TestInvoker.java:200) ~[testng-7.8.0.jar:7.8.0]
	at org.testng.internal.invokers.TestMethodWorker.invokeTestMethods(TestMethodWorker.java:148) ~[testng-7.8.0.jar:7.8.0]
	at org.testng.internal.invokers.TestMethodWorker.run(TestMethodWorker.java:128) ~[testng-7.8.0.jar:7.8.0]
	at java.base/java.util.ArrayList.forEach(ArrayList.java:1511) [?:?]
	at org.testng.TestRunner.privateRun(TestRunner.java:848) [testng-7.8.0.jar:7.8.0]
	at org.testng.TestRunner.run(TestRunner.java:621) [testng-7.8.0.jar:7.8.0]
	at org.testng.SuiteRunner.runTest(SuiteRunner.java:443) [testng-7.8.0.jar:7.8.0]
	at org.testng.SuiteRunner.runSequentially(SuiteRunner.java:437) [testng-7.8.0.jar:7.8.0]
	at org.testng.SuiteRunner.privateRun(SuiteRunner.java:397) [testng-7.8.0.jar:7.8.0]
	at org.testng.SuiteRunner.run(SuiteRunner.java:336) [testng-7.8.0.jar:7.8.0]
	at org.testng.SuiteRunnerWorker.runSuite(SuiteRunnerWorker.java:52) [testng-7.8.0.jar:7.8.0]
	at org.testng.SuiteRunnerWorker.run(SuiteRunnerWorker.java:95) [testng-7.8.0.jar:7.8.0]
	at org.testng.TestNG.runSuitesSequentially(TestNG.java:1280) [testng-7.8.0.jar:7.8.0]
	at org.testng.TestNG.runSuitesLocally(TestNG.java:1200) [testng-7.8.0.jar:7.8.0]
	at org.testng.TestNG.runSuites(TestNG.java:1114) [testng-7.8.0.jar:7.8.0]
	at org.testng.TestNG.run(TestNG.java:1082) [testng-7.8.0.jar:7.8.0]
	at org.apache.maven.surefire.testng.TestNGExecutor.run(TestNGExecutor.java:308) [surefire-testng-3.5.2.jar:3.5.2]
	at org.apache.maven.surefire.testng.TestNGXmlTestSuite.execute(TestNGXmlTestSuite.java:71) [surefire-testng-3.5.2.jar:3.5.2]
	at org.apache.maven.surefire.testng.TestNGProvider.invoke(TestNGProvider.java:113) [surefire-testng-3.5.2.jar:3.5.2]
	at org.apache.maven.surefire.booter.ForkedBooter.runSuitesInProcess(ForkedBooter.java:385) [surefire-booter-3.5.2.jar:3.5.2]
	at org.apache.maven.surefire.booter.ForkedBooter.execute(ForkedBooter.java:162) [surefire-booter-3.5.2.jar:3.5.2]
	at org.apache.maven.surefire.booter.ForkedBooter.run(ForkedBooter.java:507) [surefire-booter-3.5.2.jar:3.5.2]
	at org.apache.maven.surefire.booter.ForkedBooter.main(ForkedBooter.java:495) [surefire-booter-3.5.2.jar:3.5.2]
03-12-2024 12:50:36.904 [main] DEBUG - areFieldsNotEmpty = true
03-12-2024 12:50:36.904 [main] DEBUG - areFieldsEmpty = true
03-12-2024 12:50:36.910 [main] DEBUG - No alert present. Checking mandatory fields.
03-12-2024 12:50:36.955 [main] DEBUG - Mandatory fields are missing or invalid.
03-12-2024 12:50:37.010 [main] DEBUG - Test parameters - FirstName: Ishita, LastName: , ZipCode: A234wd, AlertText: Customer added successfully, RunMode: Y
03-12-2024 12:50:37.073 [main] DEBUG - Add Customer button clicked
03-12-2024 12:50:37.077 [main] DEBUG - Navigated to Add Customer page
03-12-2024 12:50:37.443 [main] DEBUG - Add Customer button clicked
03-12-2024 12:50:37.446 [main] DEBUG - No alert present. Checking mandatory fields.
03-12-2024 12:50:37.511 [main] DEBUG - Mandatory fields are missing or invalid.
03-12-2024 12:50:37.569 [main] DEBUG - Test parameters - FirstName: , LastName: Sehgal, ZipCode: A234wd, AlertText: Customer added successfully, RunMode: Y
03-12-2024 12:50:37.665 [main] DEBUG - Add Customer button clicked
03-12-2024 12:50:37.672 [main] DEBUG - Navigated to Add Customer page
03-12-2024 12:50:38.016 [main] DEBUG - Add Customer button clicked
03-12-2024 12:50:38.019 [main] DEBUG - No alert present. Checking mandatory fields.
03-12-2024 12:50:38.048 [main] DEBUG - Mandatory fields are missing or invalid.
03-12-2024 12:50:38.110 [main] DEBUG - Test parameters - FirstName: Shivkumar, LastName: Konnuri, ZipCode: , AlertText: Customer added successfully, RunMode: Y
03-12-2024 12:50:38.172 [main] DEBUG - Add Customer button clicked
03-12-2024 12:50:38.178 [main] DEBUG - Navigated to Add Customer page
03-12-2024 12:50:38.497 [main] DEBUG - Add Customer button clicked
03-12-2024 12:50:38.501 [main] DEBUG - No alert present. Checking mandatory fields.
03-12-2024 12:50:38.575 [main] DEBUG - Mandatory fields are missing or invalid.
03-12-2024 12:50:38.642 [main] DEBUG - Test parameters - FirstName: Shivkumar, LastName: , ZipCode: , AlertText: Customer added successfully, RunMode: Y
03-12-2024 12:50:38.717 [main] DEBUG - Add Customer button clicked
03-12-2024 12:50:38.721 [main] DEBUG - Navigated to Add Customer page
03-12-2024 12:50:39.052 [main] DEBUG - Add Customer button clicked
03-12-2024 12:50:39.055 [main] DEBUG - No alert present. Checking mandatory fields.
03-12-2024 12:50:39.115 [main] DEBUG - Mandatory fields are missing or invalid.
03-12-2024 12:50:39.173 [main] DEBUG - Test parameters - FirstName: , LastName: , ZipCode: 123456.0, AlertText: Customer added successfully, RunMode: Y
03-12-2024 12:50:39.258 [main] DEBUG - Add Customer button clicked
03-12-2024 12:50:39.266 [main] DEBUG - Navigated to Add Customer page
03-12-2024 12:50:39.624 [main] DEBUG - Add Customer button clicked
03-12-2024 12:50:39.629 [main] DEBUG - No alert present. Checking mandatory fields.
03-12-2024 12:50:39.662 [main] DEBUG - Mandatory fields are missing or invalid.
03-12-2024 12:50:39.711 [main] DEBUG - Test parameters - FirstName: , LastName: Konnuri, ZipCode: , AlertText: Customer added successfully, RunMode: Y
03-12-2024 12:50:39.787 [main] DEBUG - Add Customer button clicked
03-12-2024 12:50:39.791 [main] DEBUG - Navigated to Add Customer page
03-12-2024 12:50:40.132 [main] DEBUG - Add Customer button clicked
03-12-2024 12:50:40.134 [main] DEBUG - No alert present. Checking mandatory fields.
03-12-2024 12:50:40.163 [main] DEBUG - Mandatory fields are missing or invalid.
03-12-2024 12:50:40.203 [main] DEBUG - Test parameters - FirstName: , LastName: , ZipCode: , AlertText: Customer added successfully, RunMode: Y
03-12-2024 12:50:40.312 [main] DEBUG - Add Customer button clicked
03-12-2024 12:50:40.317 [main] DEBUG - Navigated to Add Customer page
03-12-2024 12:50:40.638 [main] DEBUG - Add Customer button clicked
03-12-2024 12:50:40.641 [main] DEBUG - No alert present. Checking mandatory fields.
03-12-2024 12:50:40.671 [main] DEBUG - Mandatory fields are missing or invalid.
03-12-2024 12:50:40.712 [main] DEBUG - Test parameters - FirstName: Shiv, LastName: Konnuri, ZipCode: 123456.0, AlertText: Customer added successfully, RunMode: N
03-12-2024 12:50:40.814 [main] DEBUG - Add Customer button clicked
03-12-2024 12:50:40.821 [main] DEBUG - Navigated to Add Customer page
03-12-2024 12:50:41.179 [main] DEBUG - Add Customer button clicked
03-12-2024 12:50:41.181 [main] INFO  - Alert detected: Customer added successfully with customer id :8
03-12-2024 12:50:41.181 [main] INFO  - actualAlertText = true
03-12-2024 12:50:41.186 [main] DEBUG - Error while checking if text is empty for locator: firstNameInput
org.openqa.selenium.UnhandledAlertException: unexpected alert open: {Alert text : Customer added successfully with customer id :8}
  (Session info: chrome=131.0.6778.86): Customer added successfully with customer id :8
Build info: version: '4.23.0', revision: '4df0a231af'
System info: os.name: 'Windows 10', os.arch: 'amd64', os.version: '10.0', java.version: '17.0.11'
Driver info: org.openqa.selenium.chrome.ChromeDriver
Command: [2cfdf8480e6f5aa6575fdcf8c26ac724, findElement {value=input[ng-model='fName'], using=css selector}]
Capabilities {acceptInsecureCerts: false, browserName: chrome, browserVersion: 131.0.6778.86, chrome: {chromedriverVersion: 131.0.6778.85 (3d81e41b6f3a..., userDataDir: C:\Users\SHIVKU~1.K\AppData...}, fedcm:accounts: true, goog:chromeOptions: {debuggerAddress: localhost:62987}, networkConnectionEnabled: false, pageLoadStrategy: normal, platformName: windows, proxy: Proxy(), se:cdp: ws://localhost:62987/devtoo..., se:cdpVersion: 131.0.6778.86, setWindowRect: true, strictFileInteractability: false, timeouts: {implicit: 0, pageLoad: 300000, script: 30000}, unhandledPromptBehavior: dismiss and notify, webauthn:extension:credBlob: true, webauthn:extension:largeBlob: true, webauthn:extension:minPinLength: true, webauthn:extension:prf: true, webauthn:virtualAuthenticators: true}
Session ID: 2cfdf8480e6f5aa6575fdcf8c26ac724
	at org.openqa.selenium.remote.codec.w3c.W3CHttpResponseCodec.decode(W3CHttpResponseCodec.java:136) ~[selenium-remote-driver-4.23.0.jar:?]
	at org.openqa.selenium.remote.codec.w3c.W3CHttpResponseCodec.decode(W3CHttpResponseCodec.java:50) ~[selenium-remote-driver-4.23.0.jar:?]
	at org.openqa.selenium.remote.HttpCommandExecutor.execute(HttpCommandExecutor.java:190) ~[selenium-remote-driver-4.23.0.jar:?]
	at org.openqa.selenium.remote.service.DriverCommandExecutor.invokeExecute(DriverCommandExecutor.java:216) ~[selenium-remote-driver-4.23.0.jar:?]
	at org.openqa.selenium.remote.service.DriverCommandExecutor.execute(DriverCommandExecutor.java:174) ~[selenium-remote-driver-4.23.0.jar:?]
	at org.openqa.selenium.remote.RemoteWebDriver.execute(RemoteWebDriver.java:527) ~[selenium-remote-driver-4.23.0.jar:?]
	at org.openqa.selenium.remote.ElementLocation$ElementFinder$2.findElement(ElementLocation.java:165) ~[selenium-remote-driver-4.23.0.jar:?]
	at org.openqa.selenium.remote.ElementLocation.findElement(ElementLocation.java:59) ~[selenium-remote-driver-4.23.0.jar:?]
	at org.openqa.selenium.remote.RemoteWebDriver.findElement(RemoteWebDriver.java:357) ~[selenium-remote-driver-4.23.0.jar:?]
	at org.openqa.selenium.remote.RemoteWebDriver.findElement(RemoteWebDriver.java:351) ~[selenium-remote-driver-4.23.0.jar:?]
	at org.openqa.selenium.support.ui.ExpectedConditions$7.apply(ExpectedConditions.java:194) ~[selenium-support-4.23.0.jar:?]
	at org.openqa.selenium.support.ui.ExpectedConditions$7.apply(ExpectedConditions.java:190) ~[selenium-support-4.23.0.jar:?]
	at org.openqa.selenium.support.ui.ExpectedConditions$22.apply(ExpectedConditions.java:627) ~[selenium-support-4.23.0.jar:?]
	at org.openqa.selenium.support.ui.ExpectedConditions$22.apply(ExpectedConditions.java:624) ~[selenium-support-4.23.0.jar:?]
	at org.openqa.selenium.support.ui.FluentWait.until(FluentWait.java:203) ~[selenium-support-4.23.0.jar:?]
	at com.shiv.common.BaseSetup.isTextEmpty(BaseSetup.java:157) ~[test-classes/:?]
	at com.shiv.testcases.AddCustomerTest.addCustomerTest(AddCustomerTest.java:45) ~[test-classes/:?]
	at java.base/jdk.internal.reflect.NativeMethodAccessorImpl.invoke0(Native Method) ~[?:?]
	at java.base/jdk.internal.reflect.NativeMethodAccessorImpl.invoke(NativeMethodAccessorImpl.java:77) ~[?:?]
	at java.base/jdk.internal.reflect.DelegatingMethodAccessorImpl.invoke(DelegatingMethodAccessorImpl.java:43) ~[?:?]
	at java.base/java.lang.reflect.Method.invoke(Method.java:568) ~[?:?]
	at org.testng.internal.invokers.MethodInvocationHelper.invokeMethod(MethodInvocationHelper.java:139) ~[testng-7.8.0.jar:7.8.0]
	at org.testng.internal.invokers.TestInvoker.invokeMethod(TestInvoker.java:664) ~[testng-7.8.0.jar:7.8.0]
	at org.testng.internal.invokers.TestInvoker.invokeTestMethod(TestInvoker.java:227) ~[testng-7.8.0.jar:7.8.0]
	at org.testng.internal.invokers.MethodRunner.runInSequence(MethodRunner.java:50) ~[testng-7.8.0.jar:7.8.0]
	at org.testng.internal.invokers.TestInvoker$MethodInvocationAgent.invoke(TestInvoker.java:957) ~[testng-7.8.0.jar:7.8.0]
	at org.testng.internal.invokers.TestInvoker.invokeTestMethods(TestInvoker.java:200) ~[testng-7.8.0.jar:7.8.0]
	at org.testng.internal.invokers.TestMethodWorker.invokeTestMethods(TestMethodWorker.java:148) ~[testng-7.8.0.jar:7.8.0]
	at org.testng.internal.invokers.TestMethodWorker.run(TestMethodWorker.java:128) ~[testng-7.8.0.jar:7.8.0]
	at java.base/java.util.ArrayList.forEach(ArrayList.java:1511) [?:?]
	at org.testng.TestRunner.privateRun(TestRunner.java:848) [testng-7.8.0.jar:7.8.0]
	at org.testng.TestRunner.run(TestRunner.java:621) [testng-7.8.0.jar:7.8.0]
	at org.testng.SuiteRunner.runTest(SuiteRunner.java:443) [testng-7.8.0.jar:7.8.0]
	at org.testng.SuiteRunner.runSequentially(SuiteRunner.java:437) [testng-7.8.0.jar:7.8.0]
	at org.testng.SuiteRunner.privateRun(SuiteRunner.java:397) [testng-7.8.0.jar:7.8.0]
	at org.testng.SuiteRunner.run(SuiteRunner.java:336) [testng-7.8.0.jar:7.8.0]
	at org.testng.SuiteRunnerWorker.runSuite(SuiteRunnerWorker.java:52) [testng-7.8.0.jar:7.8.0]
	at org.testng.SuiteRunnerWorker.run(SuiteRunnerWorker.java:95) [testng-7.8.0.jar:7.8.0]
	at org.testng.TestNG.runSuitesSequentially(TestNG.java:1280) [testng-7.8.0.jar:7.8.0]
	at org.testng.TestNG.runSuitesLocally(TestNG.java:1200) [testng-7.8.0.jar:7.8.0]
	at org.testng.TestNG.runSuites(TestNG.java:1114) [testng-7.8.0.jar:7.8.0]
	at org.testng.TestNG.run(TestNG.java:1082) [testng-7.8.0.jar:7.8.0]
	at org.apache.maven.surefire.testng.TestNGExecutor.run(TestNGExecutor.java:308) [surefire-testng-3.5.2.jar:3.5.2]
	at org.apache.maven.surefire.testng.TestNGXmlTestSuite.execute(TestNGXmlTestSuite.java:71) [surefire-testng-3.5.2.jar:3.5.2]
	at org.apache.maven.surefire.testng.TestNGProvider.invoke(TestNGProvider.java:113) [surefire-testng-3.5.2.jar:3.5.2]
	at org.apache.maven.surefire.booter.ForkedBooter.runSuitesInProcess(ForkedBooter.java:385) [surefire-booter-3.5.2.jar:3.5.2]
	at org.apache.maven.surefire.booter.ForkedBooter.execute(ForkedBooter.java:162) [surefire-booter-3.5.2.jar:3.5.2]
	at org.apache.maven.surefire.booter.ForkedBooter.run(ForkedBooter.java:507) [surefire-booter-3.5.2.jar:3.5.2]
	at org.apache.maven.surefire.booter.ForkedBooter.main(ForkedBooter.java:495) [surefire-booter-3.5.2.jar:3.5.2]
03-12-2024 12:50:41.285 [main] DEBUG - areFieldsNotEmpty = true
03-12-2024 12:50:41.286 [main] DEBUG - areFieldsEmpty = true
03-12-2024 12:50:41.289 [main] DEBUG - No alert present. Checking mandatory fields.
03-12-2024 12:50:41.324 [main] DEBUG - Mandatory fields are missing or invalid.
03-12-2024 12:50:41.412 [main] DEBUG - Test parameters - FirstName:   , LastName:        , ZipCode:         , AlertText: Customer added successfully, RunMode: Y
03-12-2024 12:50:41.482 [main] DEBUG - Add Customer button clicked
03-12-2024 12:50:41.487 [main] DEBUG - Navigated to Add Customer page
03-12-2024 12:50:41.824 [main] DEBUG - Add Customer button clicked
03-12-2024 12:50:41.827 [main] INFO  - Alert detected: Please check the details. Customer may be duplicate.
03-12-2024 12:50:41.828 [main] INFO  - actualAlertText = false
03-12-2024 12:50:41.834 [main] DEBUG - Error while checking if text is empty for locator: firstNameInput
org.openqa.selenium.UnhandledAlertException: unexpected alert open: {Alert text : Please check the details. Customer may be duplicate.}
  (Session info: chrome=131.0.6778.86): Please check the details. Customer may be duplicate.
Build info: version: '4.23.0', revision: '4df0a231af'
System info: os.name: 'Windows 10', os.arch: 'amd64', os.version: '10.0', java.version: '17.0.11'
Driver info: org.openqa.selenium.chrome.ChromeDriver
Command: [2cfdf8480e6f5aa6575fdcf8c26ac724, findElement {value=input[ng-model='fName'], using=css selector}]
Capabilities {acceptInsecureCerts: false, browserName: chrome, browserVersion: 131.0.6778.86, chrome: {chromedriverVersion: 131.0.6778.85 (3d81e41b6f3a..., userDataDir: C:\Users\SHIVKU~1.K\AppData...}, fedcm:accounts: true, goog:chromeOptions: {debuggerAddress: localhost:62987}, networkConnectionEnabled: false, pageLoadStrategy: normal, platformName: windows, proxy: Proxy(), se:cdp: ws://localhost:62987/devtoo..., se:cdpVersion: 131.0.6778.86, setWindowRect: true, strictFileInteractability: false, timeouts: {implicit: 0, pageLoad: 300000, script: 30000}, unhandledPromptBehavior: dismiss and notify, webauthn:extension:credBlob: true, webauthn:extension:largeBlob: true, webauthn:extension:minPinLength: true, webauthn:extension:prf: true, webauthn:virtualAuthenticators: true}
Session ID: 2cfdf8480e6f5aa6575fdcf8c26ac724
	at org.openqa.selenium.remote.codec.w3c.W3CHttpResponseCodec.decode(W3CHttpResponseCodec.java:136) ~[selenium-remote-driver-4.23.0.jar:?]
	at org.openqa.selenium.remote.codec.w3c.W3CHttpResponseCodec.decode(W3CHttpResponseCodec.java:50) ~[selenium-remote-driver-4.23.0.jar:?]
	at org.openqa.selenium.remote.HttpCommandExecutor.execute(HttpCommandExecutor.java:190) ~[selenium-remote-driver-4.23.0.jar:?]
	at org.openqa.selenium.remote.service.DriverCommandExecutor.invokeExecute(DriverCommandExecutor.java:216) ~[selenium-remote-driver-4.23.0.jar:?]
	at org.openqa.selenium.remote.service.DriverCommandExecutor.execute(DriverCommandExecutor.java:174) ~[selenium-remote-driver-4.23.0.jar:?]
	at org.openqa.selenium.remote.RemoteWebDriver.execute(RemoteWebDriver.java:527) ~[selenium-remote-driver-4.23.0.jar:?]
	at org.openqa.selenium.remote.ElementLocation$ElementFinder$2.findElement(ElementLocation.java:165) ~[selenium-remote-driver-4.23.0.jar:?]
	at org.openqa.selenium.remote.ElementLocation.findElement(ElementLocation.java:59) ~[selenium-remote-driver-4.23.0.jar:?]
	at org.openqa.selenium.remote.RemoteWebDriver.findElement(RemoteWebDriver.java:357) ~[selenium-remote-driver-4.23.0.jar:?]
	at org.openqa.selenium.remote.RemoteWebDriver.findElement(RemoteWebDriver.java:351) ~[selenium-remote-driver-4.23.0.jar:?]
	at org.openqa.selenium.support.ui.ExpectedConditions$7.apply(ExpectedConditions.java:194) ~[selenium-support-4.23.0.jar:?]
	at org.openqa.selenium.support.ui.ExpectedConditions$7.apply(ExpectedConditions.java:190) ~[selenium-support-4.23.0.jar:?]
	at org.openqa.selenium.support.ui.ExpectedConditions$22.apply(ExpectedConditions.java:627) ~[selenium-support-4.23.0.jar:?]
	at org.openqa.selenium.support.ui.ExpectedConditions$22.apply(ExpectedConditions.java:624) ~[selenium-support-4.23.0.jar:?]
	at org.openqa.selenium.support.ui.FluentWait.until(FluentWait.java:203) ~[selenium-support-4.23.0.jar:?]
	at com.shiv.common.BaseSetup.isTextEmpty(BaseSetup.java:157) ~[test-classes/:?]
	at com.shiv.testcases.AddCustomerTest.addCustomerTest(AddCustomerTest.java:45) ~[test-classes/:?]
	at java.base/jdk.internal.reflect.NativeMethodAccessorImpl.invoke0(Native Method) ~[?:?]
	at java.base/jdk.internal.reflect.NativeMethodAccessorImpl.invoke(NativeMethodAccessorImpl.java:77) ~[?:?]
	at java.base/jdk.internal.reflect.DelegatingMethodAccessorImpl.invoke(DelegatingMethodAccessorImpl.java:43) ~[?:?]
	at java.base/java.lang.reflect.Method.invoke(Method.java:568) ~[?:?]
	at org.testng.internal.invokers.MethodInvocationHelper.invokeMethod(MethodInvocationHelper.java:139) ~[testng-7.8.0.jar:7.8.0]
	at org.testng.internal.invokers.TestInvoker.invokeMethod(TestInvoker.java:664) ~[testng-7.8.0.jar:7.8.0]
	at org.testng.internal.invokers.TestInvoker.invokeTestMethod(TestInvoker.java:227) ~[testng-7.8.0.jar:7.8.0]
	at org.testng.internal.invokers.MethodRunner.runInSequence(MethodRunner.java:50) ~[testng-7.8.0.jar:7.8.0]
	at org.testng.internal.invokers.TestInvoker$MethodInvocationAgent.invoke(TestInvoker.java:957) ~[testng-7.8.0.jar:7.8.0]
	at org.testng.internal.invokers.TestInvoker.invokeTestMethods(TestInvoker.java:200) ~[testng-7.8.0.jar:7.8.0]
	at org.testng.internal.invokers.TestMethodWorker.invokeTestMethods(TestMethodWorker.java:148) ~[testng-7.8.0.jar:7.8.0]
	at org.testng.internal.invokers.TestMethodWorker.run(TestMethodWorker.java:128) ~[testng-7.8.0.jar:7.8.0]
	at java.base/java.util.ArrayList.forEach(ArrayList.java:1511) [?:?]
	at org.testng.TestRunner.privateRun(TestRunner.java:848) [testng-7.8.0.jar:7.8.0]
	at org.testng.TestRunner.run(TestRunner.java:621) [testng-7.8.0.jar:7.8.0]
	at org.testng.SuiteRunner.runTest(SuiteRunner.java:443) [testng-7.8.0.jar:7.8.0]
	at org.testng.SuiteRunner.runSequentially(SuiteRunner.java:437) [testng-7.8.0.jar:7.8.0]
	at org.testng.SuiteRunner.privateRun(SuiteRunner.java:397) [testng-7.8.0.jar:7.8.0]
	at org.testng.SuiteRunner.run(SuiteRunner.java:336) [testng-7.8.0.jar:7.8.0]
	at org.testng.SuiteRunnerWorker.runSuite(SuiteRunnerWorker.java:52) [testng-7.8.0.jar:7.8.0]
	at org.testng.SuiteRunnerWorker.run(SuiteRunnerWorker.java:95) [testng-7.8.0.jar:7.8.0]
	at org.testng.TestNG.runSuitesSequentially(TestNG.java:1280) [testng-7.8.0.jar:7.8.0]
	at org.testng.TestNG.runSuitesLocally(TestNG.java:1200) [testng-7.8.0.jar:7.8.0]
	at org.testng.TestNG.runSuites(TestNG.java:1114) [testng-7.8.0.jar:7.8.0]
	at org.testng.TestNG.run(TestNG.java:1082) [testng-7.8.0.jar:7.8.0]
	at org.apache.maven.surefire.testng.TestNGExecutor.run(TestNGExecutor.java:308) [surefire-testng-3.5.2.jar:3.5.2]
	at org.apache.maven.surefire.testng.TestNGXmlTestSuite.execute(TestNGXmlTestSuite.java:71) [surefire-testng-3.5.2.jar:3.5.2]
	at org.apache.maven.surefire.testng.TestNGProvider.invoke(TestNGProvider.java:113) [surefire-testng-3.5.2.jar:3.5.2]
	at org.apache.maven.surefire.booter.ForkedBooter.runSuitesInProcess(ForkedBooter.java:385) [surefire-booter-3.5.2.jar:3.5.2]
	at org.apache.maven.surefire.booter.ForkedBooter.execute(ForkedBooter.java:162) [surefire-booter-3.5.2.jar:3.5.2]
	at org.apache.maven.surefire.booter.ForkedBooter.run(ForkedBooter.java:507) [surefire-booter-3.5.2.jar:3.5.2]
	at org.apache.maven.surefire.booter.ForkedBooter.main(ForkedBooter.java:495) [surefire-booter-3.5.2.jar:3.5.2]
03-12-2024 12:50:41.933 [main] DEBUG - areFieldsNotEmpty = true
03-12-2024 12:50:41.933 [main] DEBUG - areFieldsEmpty = true
03-12-2024 12:50:41.935 [main] DEBUG - No alert present. Checking mandatory fields.
03-12-2024 12:50:41.962 [main] DEBUG - Mandatory fields are missing or invalid.
03-12-2024 12:50:42.004 [main] DEBUG - Test parameters - FirstName: , LastName: , ZipCode: , AlertText: Please check the details, RunMode: Y
03-12-2024 12:50:42.073 [main] DEBUG - Add Customer button clicked
03-12-2024 12:50:42.081 [main] DEBUG - Navigated to Add Customer page
03-12-2024 12:50:42.385 [main] DEBUG - Add Customer button clicked
03-12-2024 12:50:42.387 [main] DEBUG - No alert present. Checking mandatory fields.
03-12-2024 12:50:42.414 [main] DEBUG - Mandatory fields are missing or invalid.
03-12-2024 14:50:21.695 [main] DEBUG - config.properties file loaded
03-12-2024 14:50:21.698 [main] DEBUG - OR.properties file loaded
03-12-2024 14:50:24.705 [main] DEBUG - Chrome browser launched
03-12-2024 14:50:25.861 [main] DEBUG - Navigated to URL: https://way2automation.com/angularjs-protractor/banking/#/login
03-12-2024 14:50:25.898 [main] DEBUG - Browser window maximized
03-12-2024 14:50:26.825 [main] DEBUG - Manager Login Button clicked
03-12-2024 14:50:31.851 [main] DEBUG - Logged in url validated
03-12-2024 14:50:31.871 [main] DEBUG - Add Customer Button is present
03-12-2024 14:50:31.871 [main] DEBUG - Manager Logged in Succcessfully
03-12-2024 14:54:40.800 [main] DEBUG - config.properties file loaded
03-12-2024 14:54:40.803 [main] DEBUG - OR.properties file loaded
03-12-2024 14:54:42.583 [main] DEBUG - Chrome browser launched
03-12-2024 14:54:44.025 [main] DEBUG - Navigated to URL: https://way2automation.com/angularjs-protractor/banking/#/login
03-12-2024 14:54:44.051 [main] DEBUG - Browser window maximized
03-12-2024 14:54:44.912 [main] DEBUG - Manager Login Button clicked
03-12-2024 14:54:49.939 [main] DEBUG - Logged in url validated
03-12-2024 14:54:49.954 [main] DEBUG - Add Customer Button is present
03-12-2024 14:54:49.955 [main] DEBUG - Manager Logged in Succcessfully
03-12-2024 14:57:27.536 [main] DEBUG - config.properties file loaded
03-12-2024 14:57:27.539 [main] DEBUG - OR.properties file loaded
03-12-2024 14:57:29.273 [main] DEBUG - Chrome browser launched
03-12-2024 14:57:30.611 [main] DEBUG - Navigated to URL: https://way2automation.com/angularjs-protractor/banking/#/login
03-12-2024 14:57:30.648 [main] DEBUG - Browser window maximized
03-12-2024 14:57:31.527 [main] DEBUG - Manager Login Button clicked
03-12-2024 14:57:36.546 [main] DEBUG - Logged in url validated
03-12-2024 14:57:36.556 [main] DEBUG - Add Customer Button is present
03-12-2024 14:57:36.556 [main] DEBUG - Manager Logged in Succcessfully
03-12-2024 14:57:37.225 [main] DEBUG - Test parameters - FirstName: Raman, LastName: Arora, ZipCode: A234wd, AlertText: Customer added successfully, RunMode: Y
03-12-2024 14:57:37.293 [main] DEBUG - Add Customer button clicked
03-12-2024 14:57:42.324 [main] DEBUG - Navigated to Add Customer page
03-12-2024 14:57:42.693 [main] DEBUG - Add Customer button clicked
03-12-2024 14:57:42.698 [main] INFO  - Alert detected: Customer added successfully with customer id :6
03-12-2024 14:57:42.699 [main] INFO  - actualAlertText = true
03-12-2024 14:57:42.709 [main] DEBUG - Error while checking if text is empty for locator: firstNameInput
org.openqa.selenium.UnhandledAlertException: unexpected alert open: {Alert text : Customer added successfully with customer id :6}
  (Session info: chrome=131.0.6778.86): Customer added successfully with customer id :6
Build info: version: '4.23.0', revision: '4df0a231af'
System info: os.name: 'Windows 10', os.arch: 'amd64', os.version: '10.0', java.version: '17.0.11'
Driver info: org.openqa.selenium.chrome.ChromeDriver
Command: [faeeb7f25da420fcd919c3ac1bfa6c95, findElement {value=input[ng-model='fName'], using=css selector}]
Capabilities {acceptInsecureCerts: false, browserName: chrome, browserVersion: 131.0.6778.86, chrome: {chromedriverVersion: 131.0.6778.85 (3d81e41b6f3a..., userDataDir: C:\Users\SHIVKU~1.K\AppData...}, fedcm:accounts: true, goog:chromeOptions: {debuggerAddress: localhost:64065}, networkConnectionEnabled: false, pageLoadStrategy: normal, platformName: windows, proxy: Proxy(), se:cdp: ws://localhost:64065/devtoo..., se:cdpVersion: 131.0.6778.86, setWindowRect: true, strictFileInteractability: false, timeouts: {implicit: 0, pageLoad: 300000, script: 30000}, unhandledPromptBehavior: dismiss and notify, webauthn:extension:credBlob: true, webauthn:extension:largeBlob: true, webauthn:extension:minPinLength: true, webauthn:extension:prf: true, webauthn:virtualAuthenticators: true}
Session ID: faeeb7f25da420fcd919c3ac1bfa6c95
	at org.openqa.selenium.remote.codec.w3c.W3CHttpResponseCodec.decode(W3CHttpResponseCodec.java:136) ~[selenium-remote-driver-4.23.0.jar:?]
	at org.openqa.selenium.remote.codec.w3c.W3CHttpResponseCodec.decode(W3CHttpResponseCodec.java:50) ~[selenium-remote-driver-4.23.0.jar:?]
	at org.openqa.selenium.remote.HttpCommandExecutor.execute(HttpCommandExecutor.java:190) ~[selenium-remote-driver-4.23.0.jar:?]
	at org.openqa.selenium.remote.service.DriverCommandExecutor.invokeExecute(DriverCommandExecutor.java:216) ~[selenium-remote-driver-4.23.0.jar:?]
	at org.openqa.selenium.remote.service.DriverCommandExecutor.execute(DriverCommandExecutor.java:174) ~[selenium-remote-driver-4.23.0.jar:?]
	at org.openqa.selenium.remote.RemoteWebDriver.execute(RemoteWebDriver.java:527) ~[selenium-remote-driver-4.23.0.jar:?]
	at org.openqa.selenium.remote.ElementLocation$ElementFinder$2.findElement(ElementLocation.java:165) ~[selenium-remote-driver-4.23.0.jar:?]
	at org.openqa.selenium.remote.ElementLocation.findElement(ElementLocation.java:59) ~[selenium-remote-driver-4.23.0.jar:?]
	at org.openqa.selenium.remote.RemoteWebDriver.findElement(RemoteWebDriver.java:357) ~[selenium-remote-driver-4.23.0.jar:?]
	at org.openqa.selenium.remote.RemoteWebDriver.findElement(RemoteWebDriver.java:351) ~[selenium-remote-driver-4.23.0.jar:?]
	at org.openqa.selenium.support.ui.ExpectedConditions$7.apply(ExpectedConditions.java:194) ~[selenium-support-4.23.0.jar:?]
	at org.openqa.selenium.support.ui.ExpectedConditions$7.apply(ExpectedConditions.java:190) ~[selenium-support-4.23.0.jar:?]
	at org.openqa.selenium.support.ui.ExpectedConditions$22.apply(ExpectedConditions.java:627) ~[selenium-support-4.23.0.jar:?]
	at org.openqa.selenium.support.ui.ExpectedConditions$22.apply(ExpectedConditions.java:624) ~[selenium-support-4.23.0.jar:?]
	at org.openqa.selenium.support.ui.FluentWait.until(FluentWait.java:203) ~[selenium-support-4.23.0.jar:?]
	at com.shiv.common.BaseSetup.isTextEmpty(BaseSetup.java:157) ~[test-classes/:?]
	at com.shiv.testcases.AddCustomerTest.addCustomerTest(AddCustomerTest.java:58) ~[test-classes/:?]
	at java.base/jdk.internal.reflect.NativeMethodAccessorImpl.invoke0(Native Method) ~[?:?]
	at java.base/jdk.internal.reflect.NativeMethodAccessorImpl.invoke(NativeMethodAccessorImpl.java:77) ~[?:?]
	at java.base/jdk.internal.reflect.DelegatingMethodAccessorImpl.invoke(DelegatingMethodAccessorImpl.java:43) ~[?:?]
	at java.base/java.lang.reflect.Method.invoke(Method.java:568) ~[?:?]
	at org.testng.internal.invokers.MethodInvocationHelper.invokeMethod(MethodInvocationHelper.java:139) ~[testng-7.8.0.jar:7.8.0]
	at org.testng.internal.invokers.TestInvoker.invokeMethod(TestInvoker.java:664) ~[testng-7.8.0.jar:7.8.0]
	at org.testng.internal.invokers.TestInvoker.invokeTestMethod(TestInvoker.java:227) ~[testng-7.8.0.jar:7.8.0]
	at org.testng.internal.invokers.MethodRunner.runInSequence(MethodRunner.java:50) ~[testng-7.8.0.jar:7.8.0]
	at org.testng.internal.invokers.TestInvoker$MethodInvocationAgent.invoke(TestInvoker.java:957) ~[testng-7.8.0.jar:7.8.0]
	at org.testng.internal.invokers.TestInvoker.invokeTestMethods(TestInvoker.java:200) ~[testng-7.8.0.jar:7.8.0]
	at org.testng.internal.invokers.TestMethodWorker.invokeTestMethods(TestMethodWorker.java:148) ~[testng-7.8.0.jar:7.8.0]
	at org.testng.internal.invokers.TestMethodWorker.run(TestMethodWorker.java:128) ~[testng-7.8.0.jar:7.8.0]
	at java.base/java.util.ArrayList.forEach(ArrayList.java:1511) [?:?]
	at org.testng.TestRunner.privateRun(TestRunner.java:848) [testng-7.8.0.jar:7.8.0]
	at org.testng.TestRunner.run(TestRunner.java:621) [testng-7.8.0.jar:7.8.0]
	at org.testng.SuiteRunner.runTest(SuiteRunner.java:443) [testng-7.8.0.jar:7.8.0]
	at org.testng.SuiteRunner.runSequentially(SuiteRunner.java:437) [testng-7.8.0.jar:7.8.0]
	at org.testng.SuiteRunner.privateRun(SuiteRunner.java:397) [testng-7.8.0.jar:7.8.0]
	at org.testng.SuiteRunner.run(SuiteRunner.java:336) [testng-7.8.0.jar:7.8.0]
	at org.testng.SuiteRunnerWorker.runSuite(SuiteRunnerWorker.java:52) [testng-7.8.0.jar:7.8.0]
	at org.testng.SuiteRunnerWorker.run(SuiteRunnerWorker.java:95) [testng-7.8.0.jar:7.8.0]
	at org.testng.TestNG.runSuitesSequentially(TestNG.java:1280) [testng-7.8.0.jar:7.8.0]
	at org.testng.TestNG.runSuitesLocally(TestNG.java:1200) [testng-7.8.0.jar:7.8.0]
	at org.testng.TestNG.runSuites(TestNG.java:1114) [testng-7.8.0.jar:7.8.0]
	at org.testng.TestNG.run(TestNG.java:1082) [testng-7.8.0.jar:7.8.0]
	at org.apache.maven.surefire.testng.TestNGExecutor.run(TestNGExecutor.java:308) [surefire-testng-3.5.2.jar:3.5.2]
	at org.apache.maven.surefire.testng.TestNGXmlTestSuite.execute(TestNGXmlTestSuite.java:71) [surefire-testng-3.5.2.jar:3.5.2]
	at org.apache.maven.surefire.testng.TestNGProvider.invoke(TestNGProvider.java:113) [surefire-testng-3.5.2.jar:3.5.2]
	at org.apache.maven.surefire.booter.ForkedBooter.runSuitesInProcess(ForkedBooter.java:385) [surefire-booter-3.5.2.jar:3.5.2]
	at org.apache.maven.surefire.booter.ForkedBooter.execute(ForkedBooter.java:162) [surefire-booter-3.5.2.jar:3.5.2]
	at org.apache.maven.surefire.booter.ForkedBooter.run(ForkedBooter.java:507) [surefire-booter-3.5.2.jar:3.5.2]
	at org.apache.maven.surefire.booter.ForkedBooter.main(ForkedBooter.java:495) [surefire-booter-3.5.2.jar:3.5.2]
03-12-2024 14:57:42.807 [main] DEBUG - areFieldsNotEmpty = true
03-12-2024 14:57:42.808 [main] DEBUG - areFieldsEmpty = true
03-12-2024 14:57:42.811 [main] DEBUG - No alert present. Checking mandatory fields.
03-12-2024 14:57:42.838 [main] DEBUG - Mandatory fields are missing or invalid.
03-12-2024 14:57:42.921 [main] DEBUG - Test parameters - FirstName: Shivkumar, LastName: Konnuri, ZipCode: 123456.0, AlertText: Customer added successfully, RunMode: Y
03-12-2024 14:57:42.992 [main] DEBUG - Add Customer button clicked
03-12-2024 14:57:42.998 [main] DEBUG - Navigated to Add Customer page
03-12-2024 14:57:43.344 [main] DEBUG - Add Customer button clicked
03-12-2024 14:57:43.346 [main] INFO  - Alert detected: Customer added successfully with customer id :7
03-12-2024 14:57:43.347 [main] INFO  - actualAlertText = true
03-12-2024 14:57:43.353 [main] DEBUG - Error while checking if text is empty for locator: firstNameInput
org.openqa.selenium.UnhandledAlertException: unexpected alert open: {Alert text : Customer added successfully with customer id :7}
  (Session info: chrome=131.0.6778.86): Customer added successfully with customer id :7
Build info: version: '4.23.0', revision: '4df0a231af'
System info: os.name: 'Windows 10', os.arch: 'amd64', os.version: '10.0', java.version: '17.0.11'
Driver info: org.openqa.selenium.chrome.ChromeDriver
Command: [faeeb7f25da420fcd919c3ac1bfa6c95, findElement {value=input[ng-model='fName'], using=css selector}]
Capabilities {acceptInsecureCerts: false, browserName: chrome, browserVersion: 131.0.6778.86, chrome: {chromedriverVersion: 131.0.6778.85 (3d81e41b6f3a..., userDataDir: C:\Users\SHIVKU~1.K\AppData...}, fedcm:accounts: true, goog:chromeOptions: {debuggerAddress: localhost:64065}, networkConnectionEnabled: false, pageLoadStrategy: normal, platformName: windows, proxy: Proxy(), se:cdp: ws://localhost:64065/devtoo..., se:cdpVersion: 131.0.6778.86, setWindowRect: true, strictFileInteractability: false, timeouts: {implicit: 0, pageLoad: 300000, script: 30000}, unhandledPromptBehavior: dismiss and notify, webauthn:extension:credBlob: true, webauthn:extension:largeBlob: true, webauthn:extension:minPinLength: true, webauthn:extension:prf: true, webauthn:virtualAuthenticators: true}
Session ID: faeeb7f25da420fcd919c3ac1bfa6c95
	at org.openqa.selenium.remote.codec.w3c.W3CHttpResponseCodec.decode(W3CHttpResponseCodec.java:136) ~[selenium-remote-driver-4.23.0.jar:?]
	at org.openqa.selenium.remote.codec.w3c.W3CHttpResponseCodec.decode(W3CHttpResponseCodec.java:50) ~[selenium-remote-driver-4.23.0.jar:?]
	at org.openqa.selenium.remote.HttpCommandExecutor.execute(HttpCommandExecutor.java:190) ~[selenium-remote-driver-4.23.0.jar:?]
	at org.openqa.selenium.remote.service.DriverCommandExecutor.invokeExecute(DriverCommandExecutor.java:216) ~[selenium-remote-driver-4.23.0.jar:?]
	at org.openqa.selenium.remote.service.DriverCommandExecutor.execute(DriverCommandExecutor.java:174) ~[selenium-remote-driver-4.23.0.jar:?]
	at org.openqa.selenium.remote.RemoteWebDriver.execute(RemoteWebDriver.java:527) ~[selenium-remote-driver-4.23.0.jar:?]
	at org.openqa.selenium.remote.ElementLocation$ElementFinder$2.findElement(ElementLocation.java:165) ~[selenium-remote-driver-4.23.0.jar:?]
	at org.openqa.selenium.remote.ElementLocation.findElement(ElementLocation.java:59) ~[selenium-remote-driver-4.23.0.jar:?]
	at org.openqa.selenium.remote.RemoteWebDriver.findElement(RemoteWebDriver.java:357) ~[selenium-remote-driver-4.23.0.jar:?]
	at org.openqa.selenium.remote.RemoteWebDriver.findElement(RemoteWebDriver.java:351) ~[selenium-remote-driver-4.23.0.jar:?]
	at org.openqa.selenium.support.ui.ExpectedConditions$7.apply(ExpectedConditions.java:194) ~[selenium-support-4.23.0.jar:?]
	at org.openqa.selenium.support.ui.ExpectedConditions$7.apply(ExpectedConditions.java:190) ~[selenium-support-4.23.0.jar:?]
	at org.openqa.selenium.support.ui.ExpectedConditions$22.apply(ExpectedConditions.java:627) ~[selenium-support-4.23.0.jar:?]
	at org.openqa.selenium.support.ui.ExpectedConditions$22.apply(ExpectedConditions.java:624) ~[selenium-support-4.23.0.jar:?]
	at org.openqa.selenium.support.ui.FluentWait.until(FluentWait.java:203) ~[selenium-support-4.23.0.jar:?]
	at com.shiv.common.BaseSetup.isTextEmpty(BaseSetup.java:157) ~[test-classes/:?]
	at com.shiv.testcases.AddCustomerTest.addCustomerTest(AddCustomerTest.java:58) ~[test-classes/:?]
	at java.base/jdk.internal.reflect.NativeMethodAccessorImpl.invoke0(Native Method) ~[?:?]
	at java.base/jdk.internal.reflect.NativeMethodAccessorImpl.invoke(NativeMethodAccessorImpl.java:77) ~[?:?]
	at java.base/jdk.internal.reflect.DelegatingMethodAccessorImpl.invoke(DelegatingMethodAccessorImpl.java:43) ~[?:?]
	at java.base/java.lang.reflect.Method.invoke(Method.java:568) ~[?:?]
	at org.testng.internal.invokers.MethodInvocationHelper.invokeMethod(MethodInvocationHelper.java:139) ~[testng-7.8.0.jar:7.8.0]
	at org.testng.internal.invokers.TestInvoker.invokeMethod(TestInvoker.java:664) ~[testng-7.8.0.jar:7.8.0]
	at org.testng.internal.invokers.TestInvoker.invokeTestMethod(TestInvoker.java:227) ~[testng-7.8.0.jar:7.8.0]
	at org.testng.internal.invokers.MethodRunner.runInSequence(MethodRunner.java:50) ~[testng-7.8.0.jar:7.8.0]
	at org.testng.internal.invokers.TestInvoker$MethodInvocationAgent.invoke(TestInvoker.java:957) ~[testng-7.8.0.jar:7.8.0]
	at org.testng.internal.invokers.TestInvoker.invokeTestMethods(TestInvoker.java:200) ~[testng-7.8.0.jar:7.8.0]
	at org.testng.internal.invokers.TestMethodWorker.invokeTestMethods(TestMethodWorker.java:148) ~[testng-7.8.0.jar:7.8.0]
	at org.testng.internal.invokers.TestMethodWorker.run(TestMethodWorker.java:128) ~[testng-7.8.0.jar:7.8.0]
	at java.base/java.util.ArrayList.forEach(ArrayList.java:1511) [?:?]
	at org.testng.TestRunner.privateRun(TestRunner.java:848) [testng-7.8.0.jar:7.8.0]
	at org.testng.TestRunner.run(TestRunner.java:621) [testng-7.8.0.jar:7.8.0]
	at org.testng.SuiteRunner.runTest(SuiteRunner.java:443) [testng-7.8.0.jar:7.8.0]
	at org.testng.SuiteRunner.runSequentially(SuiteRunner.java:437) [testng-7.8.0.jar:7.8.0]
	at org.testng.SuiteRunner.privateRun(SuiteRunner.java:397) [testng-7.8.0.jar:7.8.0]
	at org.testng.SuiteRunner.run(SuiteRunner.java:336) [testng-7.8.0.jar:7.8.0]
	at org.testng.SuiteRunnerWorker.runSuite(SuiteRunnerWorker.java:52) [testng-7.8.0.jar:7.8.0]
	at org.testng.SuiteRunnerWorker.run(SuiteRunnerWorker.java:95) [testng-7.8.0.jar:7.8.0]
	at org.testng.TestNG.runSuitesSequentially(TestNG.java:1280) [testng-7.8.0.jar:7.8.0]
	at org.testng.TestNG.runSuitesLocally(TestNG.java:1200) [testng-7.8.0.jar:7.8.0]
	at org.testng.TestNG.runSuites(TestNG.java:1114) [testng-7.8.0.jar:7.8.0]
	at org.testng.TestNG.run(TestNG.java:1082) [testng-7.8.0.jar:7.8.0]
	at org.apache.maven.surefire.testng.TestNGExecutor.run(TestNGExecutor.java:308) [surefire-testng-3.5.2.jar:3.5.2]
	at org.apache.maven.surefire.testng.TestNGXmlTestSuite.execute(TestNGXmlTestSuite.java:71) [surefire-testng-3.5.2.jar:3.5.2]
	at org.apache.maven.surefire.testng.TestNGProvider.invoke(TestNGProvider.java:113) [surefire-testng-3.5.2.jar:3.5.2]
	at org.apache.maven.surefire.booter.ForkedBooter.runSuitesInProcess(ForkedBooter.java:385) [surefire-booter-3.5.2.jar:3.5.2]
	at org.apache.maven.surefire.booter.ForkedBooter.execute(ForkedBooter.java:162) [surefire-booter-3.5.2.jar:3.5.2]
	at org.apache.maven.surefire.booter.ForkedBooter.run(ForkedBooter.java:507) [surefire-booter-3.5.2.jar:3.5.2]
	at org.apache.maven.surefire.booter.ForkedBooter.main(ForkedBooter.java:495) [surefire-booter-3.5.2.jar:3.5.2]
03-12-2024 14:57:43.428 [main] DEBUG - areFieldsNotEmpty = true
03-12-2024 14:57:43.428 [main] DEBUG - areFieldsEmpty = true
03-12-2024 14:57:43.433 [main] DEBUG - No alert present. Checking mandatory fields.
03-12-2024 14:57:43.457 [main] DEBUG - Mandatory fields are missing or invalid.
03-12-2024 14:57:43.494 [main] DEBUG - Test parameters - FirstName: Ishita, LastName: , ZipCode: A234wd, AlertText: Customer added successfully, RunMode: Y
03-12-2024 14:57:43.547 [main] DEBUG - Add Customer button clicked
03-12-2024 14:57:43.552 [main] DEBUG - Navigated to Add Customer page
03-12-2024 14:57:43.896 [main] DEBUG - Add Customer button clicked
03-12-2024 14:57:43.899 [main] DEBUG - No alert present. Checking mandatory fields.
03-12-2024 14:57:43.967 [main] DEBUG - Mandatory fields are missing or invalid.
03-12-2024 14:57:44.014 [main] DEBUG - Test parameters - FirstName: , LastName: Sehgal, ZipCode: A234wd, AlertText: Customer added successfully, RunMode: Y
03-12-2024 14:57:44.105 [main] DEBUG - Add Customer button clicked
03-12-2024 14:57:44.111 [main] DEBUG - Navigated to Add Customer page
03-12-2024 14:57:44.431 [main] DEBUG - Add Customer button clicked
03-12-2024 14:57:44.434 [main] DEBUG - No alert present. Checking mandatory fields.
03-12-2024 14:57:44.461 [main] DEBUG - Mandatory fields are missing or invalid.
03-12-2024 14:57:44.502 [main] DEBUG - Test parameters - FirstName: Shivkumar, LastName: Konnuri, ZipCode: , AlertText: Customer added successfully, RunMode: Y
03-12-2024 14:57:44.567 [main] DEBUG - Add Customer button clicked
03-12-2024 14:57:44.571 [main] DEBUG - Navigated to Add Customer page
03-12-2024 14:57:44.914 [main] DEBUG - Add Customer button clicked
03-12-2024 14:57:44.917 [main] DEBUG - No alert present. Checking mandatory fields.
03-12-2024 14:57:44.985 [main] DEBUG - Mandatory fields are missing or invalid.
03-12-2024 14:57:45.035 [main] DEBUG - Test parameters - FirstName: Shivkumar, LastName: , ZipCode: , AlertText: Customer added successfully, RunMode: Y
03-12-2024 14:57:45.099 [main] DEBUG - Add Customer button clicked
03-12-2024 14:57:45.103 [main] DEBUG - Navigated to Add Customer page
03-12-2024 14:57:45.429 [main] DEBUG - Add Customer button clicked
03-12-2024 14:57:45.433 [main] DEBUG - No alert present. Checking mandatory fields.
03-12-2024 14:57:45.479 [main] DEBUG - Mandatory fields are missing or invalid.
03-12-2024 14:57:45.525 [main] DEBUG - Test parameters - FirstName: , LastName: , ZipCode: 123456.0, AlertText: Customer added successfully, RunMode: Y
03-12-2024 14:57:45.597 [main] DEBUG - Add Customer button clicked
03-12-2024 14:57:45.604 [main] DEBUG - Navigated to Add Customer page
03-12-2024 14:57:45.933 [main] DEBUG - Add Customer button clicked
03-12-2024 14:57:45.936 [main] DEBUG - No alert present. Checking mandatory fields.
03-12-2024 14:57:45.961 [main] DEBUG - Mandatory fields are missing or invalid.
03-12-2024 14:57:45.993 [main] DEBUG - Test parameters - FirstName: , LastName: Konnuri, ZipCode: , AlertText: Customer added successfully, RunMode: Y
03-12-2024 14:57:46.070 [main] DEBUG - Add Customer button clicked
03-12-2024 14:57:46.073 [main] DEBUG - Navigated to Add Customer page
03-12-2024 14:57:46.408 [main] DEBUG - Add Customer button clicked
03-12-2024 14:57:46.410 [main] DEBUG - No alert present. Checking mandatory fields.
03-12-2024 14:57:46.445 [main] DEBUG - Mandatory fields are missing or invalid.
03-12-2024 14:57:46.482 [main] DEBUG - Test parameters - FirstName: , LastName: , ZipCode: , AlertText: Customer added successfully, RunMode: Y
03-12-2024 14:57:46.542 [main] DEBUG - Add Customer button clicked
03-12-2024 14:57:46.548 [main] DEBUG - Navigated to Add Customer page
03-12-2024 14:57:46.833 [main] DEBUG - Add Customer button clicked
03-12-2024 14:57:46.837 [main] DEBUG - No alert present. Checking mandatory fields.
03-12-2024 14:57:46.861 [main] DEBUG - Mandatory fields are missing or invalid.
03-12-2024 14:57:46.928 [main] DEBUG - Test parameters - FirstName:   , LastName:        , ZipCode:         , AlertText: Customer added successfully, RunMode: Y
03-12-2024 14:57:46.996 [main] DEBUG - Add Customer button clicked
03-12-2024 14:57:47.000 [main] DEBUG - Navigated to Add Customer page
03-12-2024 14:57:47.305 [main] DEBUG - Add Customer button clicked
03-12-2024 14:57:47.307 [main] INFO  - Alert detected: Please check the details. Customer may be duplicate.
03-12-2024 14:57:47.308 [main] INFO  - actualAlertText = false
03-12-2024 14:57:47.312 [main] DEBUG - Error while checking if text is empty for locator: firstNameInput
org.openqa.selenium.UnhandledAlertException: unexpected alert open: {Alert text : Please check the details. Customer may be duplicate.}
  (Session info: chrome=131.0.6778.86): Please check the details. Customer may be duplicate.
Build info: version: '4.23.0', revision: '4df0a231af'
System info: os.name: 'Windows 10', os.arch: 'amd64', os.version: '10.0', java.version: '17.0.11'
Driver info: org.openqa.selenium.chrome.ChromeDriver
Command: [faeeb7f25da420fcd919c3ac1bfa6c95, findElement {value=input[ng-model='fName'], using=css selector}]
Capabilities {acceptInsecureCerts: false, browserName: chrome, browserVersion: 131.0.6778.86, chrome: {chromedriverVersion: 131.0.6778.85 (3d81e41b6f3a..., userDataDir: C:\Users\SHIVKU~1.K\AppData...}, fedcm:accounts: true, goog:chromeOptions: {debuggerAddress: localhost:64065}, networkConnectionEnabled: false, pageLoadStrategy: normal, platformName: windows, proxy: Proxy(), se:cdp: ws://localhost:64065/devtoo..., se:cdpVersion: 131.0.6778.86, setWindowRect: true, strictFileInteractability: false, timeouts: {implicit: 0, pageLoad: 300000, script: 30000}, unhandledPromptBehavior: dismiss and notify, webauthn:extension:credBlob: true, webauthn:extension:largeBlob: true, webauthn:extension:minPinLength: true, webauthn:extension:prf: true, webauthn:virtualAuthenticators: true}
Session ID: faeeb7f25da420fcd919c3ac1bfa6c95
	at org.openqa.selenium.remote.codec.w3c.W3CHttpResponseCodec.decode(W3CHttpResponseCodec.java:136) ~[selenium-remote-driver-4.23.0.jar:?]
	at org.openqa.selenium.remote.codec.w3c.W3CHttpResponseCodec.decode(W3CHttpResponseCodec.java:50) ~[selenium-remote-driver-4.23.0.jar:?]
	at org.openqa.selenium.remote.HttpCommandExecutor.execute(HttpCommandExecutor.java:190) ~[selenium-remote-driver-4.23.0.jar:?]
	at org.openqa.selenium.remote.service.DriverCommandExecutor.invokeExecute(DriverCommandExecutor.java:216) ~[selenium-remote-driver-4.23.0.jar:?]
	at org.openqa.selenium.remote.service.DriverCommandExecutor.execute(DriverCommandExecutor.java:174) ~[selenium-remote-driver-4.23.0.jar:?]
	at org.openqa.selenium.remote.RemoteWebDriver.execute(RemoteWebDriver.java:527) ~[selenium-remote-driver-4.23.0.jar:?]
	at org.openqa.selenium.remote.ElementLocation$ElementFinder$2.findElement(ElementLocation.java:165) ~[selenium-remote-driver-4.23.0.jar:?]
	at org.openqa.selenium.remote.ElementLocation.findElement(ElementLocation.java:59) ~[selenium-remote-driver-4.23.0.jar:?]
	at org.openqa.selenium.remote.RemoteWebDriver.findElement(RemoteWebDriver.java:357) ~[selenium-remote-driver-4.23.0.jar:?]
	at org.openqa.selenium.remote.RemoteWebDriver.findElement(RemoteWebDriver.java:351) ~[selenium-remote-driver-4.23.0.jar:?]
	at org.openqa.selenium.support.ui.ExpectedConditions$7.apply(ExpectedConditions.java:194) ~[selenium-support-4.23.0.jar:?]
	at org.openqa.selenium.support.ui.ExpectedConditions$7.apply(ExpectedConditions.java:190) ~[selenium-support-4.23.0.jar:?]
	at org.openqa.selenium.support.ui.ExpectedConditions$22.apply(ExpectedConditions.java:627) ~[selenium-support-4.23.0.jar:?]
	at org.openqa.selenium.support.ui.ExpectedConditions$22.apply(ExpectedConditions.java:624) ~[selenium-support-4.23.0.jar:?]
	at org.openqa.selenium.support.ui.FluentWait.until(FluentWait.java:203) ~[selenium-support-4.23.0.jar:?]
	at com.shiv.common.BaseSetup.isTextEmpty(BaseSetup.java:157) ~[test-classes/:?]
	at com.shiv.testcases.AddCustomerTest.addCustomerTest(AddCustomerTest.java:58) ~[test-classes/:?]
	at java.base/jdk.internal.reflect.NativeMethodAccessorImpl.invoke0(Native Method) ~[?:?]
	at java.base/jdk.internal.reflect.NativeMethodAccessorImpl.invoke(NativeMethodAccessorImpl.java:77) ~[?:?]
	at java.base/jdk.internal.reflect.DelegatingMethodAccessorImpl.invoke(DelegatingMethodAccessorImpl.java:43) ~[?:?]
	at java.base/java.lang.reflect.Method.invoke(Method.java:568) ~[?:?]
	at org.testng.internal.invokers.MethodInvocationHelper.invokeMethod(MethodInvocationHelper.java:139) ~[testng-7.8.0.jar:7.8.0]
	at org.testng.internal.invokers.TestInvoker.invokeMethod(TestInvoker.java:664) ~[testng-7.8.0.jar:7.8.0]
	at org.testng.internal.invokers.TestInvoker.invokeTestMethod(TestInvoker.java:227) ~[testng-7.8.0.jar:7.8.0]
	at org.testng.internal.invokers.MethodRunner.runInSequence(MethodRunner.java:50) ~[testng-7.8.0.jar:7.8.0]
	at org.testng.internal.invokers.TestInvoker$MethodInvocationAgent.invoke(TestInvoker.java:957) ~[testng-7.8.0.jar:7.8.0]
	at org.testng.internal.invokers.TestInvoker.invokeTestMethods(TestInvoker.java:200) ~[testng-7.8.0.jar:7.8.0]
	at org.testng.internal.invokers.TestMethodWorker.invokeTestMethods(TestMethodWorker.java:148) ~[testng-7.8.0.jar:7.8.0]
	at org.testng.internal.invokers.TestMethodWorker.run(TestMethodWorker.java:128) ~[testng-7.8.0.jar:7.8.0]
	at java.base/java.util.ArrayList.forEach(ArrayList.java:1511) [?:?]
	at org.testng.TestRunner.privateRun(TestRunner.java:848) [testng-7.8.0.jar:7.8.0]
	at org.testng.TestRunner.run(TestRunner.java:621) [testng-7.8.0.jar:7.8.0]
	at org.testng.SuiteRunner.runTest(SuiteRunner.java:443) [testng-7.8.0.jar:7.8.0]
	at org.testng.SuiteRunner.runSequentially(SuiteRunner.java:437) [testng-7.8.0.jar:7.8.0]
	at org.testng.SuiteRunner.privateRun(SuiteRunner.java:397) [testng-7.8.0.jar:7.8.0]
	at org.testng.SuiteRunner.run(SuiteRunner.java:336) [testng-7.8.0.jar:7.8.0]
	at org.testng.SuiteRunnerWorker.runSuite(SuiteRunnerWorker.java:52) [testng-7.8.0.jar:7.8.0]
	at org.testng.SuiteRunnerWorker.run(SuiteRunnerWorker.java:95) [testng-7.8.0.jar:7.8.0]
	at org.testng.TestNG.runSuitesSequentially(TestNG.java:1280) [testng-7.8.0.jar:7.8.0]
	at org.testng.TestNG.runSuitesLocally(TestNG.java:1200) [testng-7.8.0.jar:7.8.0]
	at org.testng.TestNG.runSuites(TestNG.java:1114) [testng-7.8.0.jar:7.8.0]
	at org.testng.TestNG.run(TestNG.java:1082) [testng-7.8.0.jar:7.8.0]
	at org.apache.maven.surefire.testng.TestNGExecutor.run(TestNGExecutor.java:308) [surefire-testng-3.5.2.jar:3.5.2]
	at org.apache.maven.surefire.testng.TestNGXmlTestSuite.execute(TestNGXmlTestSuite.java:71) [surefire-testng-3.5.2.jar:3.5.2]
	at org.apache.maven.surefire.testng.TestNGProvider.invoke(TestNGProvider.java:113) [surefire-testng-3.5.2.jar:3.5.2]
	at org.apache.maven.surefire.booter.ForkedBooter.runSuitesInProcess(ForkedBooter.java:385) [surefire-booter-3.5.2.jar:3.5.2]
	at org.apache.maven.surefire.booter.ForkedBooter.execute(ForkedBooter.java:162) [surefire-booter-3.5.2.jar:3.5.2]
	at org.apache.maven.surefire.booter.ForkedBooter.run(ForkedBooter.java:507) [surefire-booter-3.5.2.jar:3.5.2]
	at org.apache.maven.surefire.booter.ForkedBooter.main(ForkedBooter.java:495) [surefire-booter-3.5.2.jar:3.5.2]
03-12-2024 14:57:47.399 [main] DEBUG - areFieldsNotEmpty = true
03-12-2024 14:57:47.399 [main] DEBUG - areFieldsEmpty = true
03-12-2024 14:57:47.402 [main] DEBUG - No alert present. Checking mandatory fields.
03-12-2024 14:57:47.426 [main] DEBUG - Mandatory fields are missing or invalid.
03-12-2024 14:57:47.482 [main] DEBUG - Test parameters - FirstName: , LastName: , ZipCode: , AlertText: Please check the details, RunMode: Y
03-12-2024 14:57:47.551 [main] DEBUG - Add Customer button clicked
03-12-2024 14:57:47.554 [main] DEBUG - Navigated to Add Customer page
03-12-2024 14:57:47.898 [main] DEBUG - Add Customer button clicked
03-12-2024 14:57:47.901 [main] DEBUG - No alert present. Checking mandatory fields.
03-12-2024 14:57:47.933 [main] DEBUG - Mandatory fields are missing or invalid.
